0   [ict.vmojing.v11.utils.MyLog] DEBUG [2014-09-01 14:50:50]  create col weibo
68  [ict.vmojing.v11.utils.MyLog] INFO  [2014-09-01 14:50:50]  { "tid" : { "$oid" : "53eb680080cd34525537e95d"}}
72  [ict.vmojing.v11.utils.MyLog] INFO  [2014-09-01 14:50:50]  threshold 7
92  [ict.vmojing.v11.utils.MyLog] INFO  [2014-09-01 14:50:50]  黑龙江没有核电计划：据新华社哈尔滨8月23日电（记者王子辰）俄罗斯国家原子能公司驻华代表、俄罗斯联邦驻华大使馆参赞维克多·戈金22日告诉新华社记者，目前没有任何经批准的在黑龙江建设核电站的计划。8月中旬起，网络上流传俄罗http://t.cn/RPBCvRS
95  [ict.vmojing.v11.utils.MyLog] INFO  [2014-09-01 14:50:50]  『“哈尔滨核电乌龙事件”始末』http://t.cn/RPu3xzs
96  [ict.vmojing.v11.utils.MyLog] INFO  [2014-09-01 14:50:50]  发改委开反垄断最大罚单 12家日企被罚12.35亿2014-08-20 来源: 发改委网站 -------网易上海市手机网友 [乖狼0] 的原贴： 1 这是在帮助北极熊哥哥反制裁吗？----- 唉呀我艹 [网易浙江省手机网友]： 2014-08-20 10:36:18 发表 德国过后日本，接下来米帝……沙皇笑而不语，回头把哈尔滨核电的合同签了
97  [ict.vmojing.v11.utils.MyLog] INFO  [2014-09-01 14:50:50]  漂亮【核电】辽宁徐大堡核电站|【三海一核】哈尔滨工程大学|中国大学生在线（www.univs.cn） 【核电】辽宁徐大堡核电站 http://t.cn/RPEFRMU 
99  [ict.vmojing.v11.utils.MyLog] INFO  [2014-09-01 14:50:50]  【“哈尔滨核电乌龙事件”始末】8月11日，网络上流传俄罗斯原子能公司（ROSATOM）站计划在哈尔滨地区建设核电站的消息，核电观察向多位事件当事人求证，最终证实此消息系乌龙。http://t.cn/RP8jsqt
100 [ict.vmojing.v11.utils.MyLog] INFO  [2014-09-01 14:50:50]  @记者谈春平 ，几次想艾特你，但是你只是有个正义感的记者，你无力去改变很多。@哈尔滨建设核电站，和俄罗斯合作告诉我们用他们的成熟经验，我去他妈的，切尔诺贝利祸害了多少人，暂且不说，世界上核电最成熟的国家是法国，但那和我们无关，普通百姓只是政治的牺牲品。左权牺牲真的很可惜，国民党傻逼
101 [ict.vmojing.v11.utils.MyLog] INFO  [2014-09-01 14:50:50]  老徐时评   俄罗斯考虑在哈尔滨建设核电站。来自商务部的这条消息看完令人一头雾水，到底是俄罗斯应中方提议，还是中国自己要建核电机组，请求俄方技术合作？中方干嘛让俄把核电站建在咱们的地盘？俄的核电技术真的就比咱们水平高吗？不管怎样，都应该征求一下哈尔滨市人民的意见吧？
103 [ict.vmojing.v11.utils.MyLog] INFO  [2014-09-01 14:50:50]  国际广播电台记者:上半年我国服务贸易出口增速首次超过进口，这是偶然还是必然，全年服务贸易增速是否会保持高速增长？另外，据俄媒体消息，俄国家原子能集团公司正在研究中方关于拟在哈尔滨建设两台核电机组提议，该消息被黑龙江发改委称为不属实，请问事实情况如何，商务部网站为何会转载？
116 [ict.vmojing.v11.utils.MyLog] INFO  [2014-09-01 14:50:50]  发表了博文《热点新闻：哈尔滨核电乌龙事件》摘要：网络上流传俄罗斯原子能公司(ROSATOM)站计划在哈尔滨地区建设核电站的消息，核电观察向多位事件当事人求证，最终证实此消息系乌龙。这则消息首发于俄罗斯http://t.cn/RPQU24f
117 [ict.vmojing.v11.utils.MyLog] INFO  [2014-09-01 14:50:50]  热点新闻：哈尔滨核电乌龙事件 http://t.cn/RPQLgK4 http://t.cn/RPQLgok
117 [ict.vmojing.v11.utils.MyLog] INFO  [2014-09-01 14:50:50]  #发布会#国际广播电台记者:上半年我国服务贸易出口增速首次超过进口，这是偶然还是必然，全年服务贸易增速是否会保持高速增长？另外，据俄媒体消息，俄国家原子能集团公司正在研究中方关于拟在哈尔滨建设两台核电机组提议，该消息被黑龙江发改委称为不属实，请问事实情况如何，商务部网站为何会转载？
118 [ict.vmojing.v11.utils.MyLog] INFO  [2014-09-01 14:50:50]  #观点#【@朱可夫-：哈尔滨核电乌龙事件”始末】“当事人发表不负责任的言论——俄媒报道——商务部官网误读——大众媒体海量转发——形成社会热点——当事方无人辟谣——事件继续发酵”。商务部官网误报是关键一环。另外，俄方代表团可能确实和中方有过涉及黑龙江地区建设核电问题，但绝不会在哈尔滨。
118 [ict.vmojing.v11.utils.MyLog] INFO  [2014-09-01 14:50:50]  【俄罗斯核电集团或在哈尔滨建核电站】 中国向俄罗斯核能集团提出在哈尔滨建两座反应堆的建议。这是该公司副总经理根纳季·萨哈洛夫对外宣布的消息。俄核能集团将于近日向中国派出代表团，以便进行谈判并对建电站地址进行评估 全文: http://t.cn/RPTKZnv  @头条新闻
119 [ict.vmojing.v11.utils.MyLog] INFO  [2014-09-01 14:50:50]  珠海国资委主任：国企改革 格力.珠海港试点...湖南国资改革方案呼之欲出...两部委力推国产医疗设备发展应用...转融资费率下调80基点...内地有望重启三个沿海核电项目 辽宁有两个...哈尔滨16日起全面取消限...农垦系万亿资产整合在即 ...农光热发电市场达1000亿级别 ... 内地首现主动退市公募基金
119 [ict.vmojing.v11.utils.MyLog] INFO  [2014-09-01 14:50:50]  【俄罗斯核电集团或在哈尔滨建核电站】 中国向俄罗斯核能集团提出在哈尔滨建两座反应堆的建议。这是该公司副总经理根纳季·萨哈洛夫对外宣布的消息。俄核能集团将于近日向中国派出代表团，以便进行谈判并对建电站地址进行评估 全文: http://t.cn/RPTKZnv
120 [ict.vmojing.v11.utils.MyLog] INFO  [2014-09-01 14:50:50]  #我有话说#【中方多部门称对俄要在哈尔滨建设核电站不知情】 核电对人类的不良影响很大，坚决不支持，这只是俄国单方面的的吧！ http://t.cn/RPO5ce9  
120 [ict.vmojing.v11.utils.MyLog] INFO  [2014-09-01 14:50:50]  哈尔滨市民支持在北京上海建核电站！一是北京上海缺电；二是领导和专家都说了非常安全；三是军队的防空力量、武装保护力量强大；四是专家和领导都在北京和上海，所以好东西一定要建在这些整天说核电安全的领导和专家的附近，这样才能让人信服，核电建设就不会有阻力了！领导和专家以身作则才有说服力！
121 [ict.vmojing.v11.utils.MyLog] INFO  [2014-09-01 14:50:50]  哈尔滨即使是需要建核电站，需要俄国的技术吗？俄国在核电站方面的技术并没有先进与其它西方国家甚至中国，中国现今建的核电站又有哪个用了俄国技术？ 【地方辟谣俄在哈尔滨建核电】 http://t.cn/RPYBHNc @新浪新闻客户端
121 [ict.vmojing.v11.utils.MyLog] INFO  [2014-09-01 14:50:50]  凤凰网资讯今日报道，内地重启核电申批，辽宁大连瓦房店红沿河二期有望获批。对大连这座城市意味什么每个人都清楚。前天放风说在哈尔滨建又立刻辟谣。核污染核辐射无声息，地下水白血病毒害深[衰][愤怒]
122 [ict.vmojing.v11.utils.MyLog] INFO  [2014-09-01 14:50:50]  哈尔滨“被核电”事件始末 http://t.cn/RPHUIh1
123 [ict.vmojing.v11.utils.MyLog] INFO  [2014-09-01 14:50:50]  俄罗斯核电集团或在哈尔滨建核电站，来源：俄罗斯之声 http://t.cn/RPTKZnv
123 [ict.vmojing.v11.utils.MyLog] INFO  [2014-09-01 14:50:50]  #哈尔滨建设核电站#反对。首先，哈尔滨人口密集不适宜建设核电站，放射性物质如释放到外界环境，会对生态及民众造成伤害。其次，应该在电力供应短缺的地区发展核电，以确保电力资源的有效利用。http://t.cn/RPOyWw9
124 [ict.vmojing.v11.utils.MyLog] INFO  [2014-09-01 14:50:50]  【中俄或在哈尔滨合建核电站 本地股受关注（附股）】　　据俄24小时新闻频道报道，俄国家原子能集团公司投资部总经理萨哈罗夫近日表示，该公司正在研究中方关于拟在哈尔滨建设两台核电机组的提议，并计划于近期派…… http://t.cn/RPTo65I (分享自@新浪股吧)
124 [ict.vmojing.v11.utils.MyLog] INFO  [2014-09-01 14:50:50]  【三冗余控制器在核电汽轮机保护系统中的应用】  1. 引言 田湾核电三号机组是哈尔滨汽轮机厂生产的1000MW汽轮机，对汽轮机保护系统(ETS)有着最高等级的安全、精度和控制速度要求，例如要求系统控制周期在20ms以内等。Woodward Inc.公司的三冗余控制系统Mi ... 
125 [ict.vmojing.v11.utils.MyLog] INFO  [2014-09-01 14:50:50]  【传俄罗斯拟在哈建核电站 省发改委辟谣没这事】一则“俄国家原子能集团公司考虑在哈尔滨建设核电站”的消息开始在网络上流传。俄国家原子能集团公司投资部总经理萨哈罗夫表示，该公司正在研究中方关于拟在哈尔滨建设两台核电机组的建议，并计划于近期派专家组赴华进行实地考察。http://t.cn/RPTLgU6
125 [ict.vmojing.v11.utils.MyLog] INFO  [2014-09-01 14:50:50]  【官方辟谣俄拟在哈市建核电站报道】#国内新闻#8月7日，俄罗斯媒体报道称，“俄国家原子能集团公司投资部总经理萨哈罗夫表示，该公司正在研究中方关于拟在哈尔滨建设两台核电机组的建议，并计划于近期派专家组赴华进行实地考察。”对此，黑龙江省发改委回应称，
126 [ict.vmojing.v11.utils.MyLog] INFO  [2014-09-01 14:50:50]  “哈尔滨核电乌龙事件”始末｜今日辟谣   我也支持核电，不过就哈尔滨事件来看，刨除由于缺乏专业知识了解造成的恐惧外，如消除担忧，最好的办法就是声明北京或上海将要建造核电站解决能源短缺和雾霾问题，这样，全国人民都信了——绝对安全，比专家说什么都强，哈哈哈[嘻嘻][哈哈]
127 [ict.vmojing.v11.utils.MyLog] INFO  [2014-09-01 14:50:50]  《“哈尔滨核电乌龙事件”始末》 ：“当事人发表不负责任的言论——俄媒报道——商务部官网误读——大众媒体海量转发——形成社会热点——当事方无人辟谣——事件继续发酵”。其中，商务部官网误报是关键一环。 http://t.cn/RPTP2IN 
128 [ict.vmojing.v11.utils.MyLog] INFO  [2014-09-01 14:50:50]  @哈尔滨日报 辟谣 ▎哈尔滨“被核电”的谣言到底咋来的？http://t.cn/RPYkawM
128 [ict.vmojing.v11.utils.MyLog] INFO  [2014-09-01 14:50:50]  【地方政府辟谣俄罗斯在哈尔滨建核电站】近日，商务部网站援引俄24小时新闻频道消息称，俄国家原子能集团公司投资部正在研究中方关于拟在哈尔滨建设两台核电机组的提议。8月15日，黑龙江政府部门明确否认该消息，黑龙江自己窝电就很严重，怎么会引进新的核电站呢？http://t.cn/RPYjCKG
128 [ict.vmojing.v11.utils.MyLog] INFO  [2014-09-01 14:50:50]  【省发改委∶“俄罗斯拟在哈尔滨建核电站”系谣传】近日，一则“俄国家原子能集团公司考虑在哈尔滨建设核电站”的消息开始在网络上流传。消息称，据俄罗斯媒体报道，俄国家原子能集团公司正研究中方关于拟在哈尔滨建设两台核电机组的建议，并计划近期实地考察。省发改委回应称消息系谣传，并无此事。
129 [ict.vmojing.v11.utils.MyLog] INFO  [2014-09-01 14:50:50]  新闻传媒要有媒体职业道德和操行,国家要严查新闻行业腐败及美日汉奸传话筒！ 【地方辟谣俄在哈尔滨建核电】 http://t.cn/RPYBHNc @新浪新闻客户端
130 [ict.vmojing.v11.utils.MyLog] INFO  [2014-09-01 14:50:50]  就凭俄国佬的“丰富”的切尔诺贝利事故爆炸技术，就想在我哈尔滨建核电厂？@老徐时评                            分享网易新闻:「福岛事故或已致生物基因异常」 http://t.cn/RPYHm2W
130 [ict.vmojing.v11.utils.MyLog] INFO  [2014-09-01 14:50:50]  哈尔滨市民支持在北京上海建核电站！一是北京上海缺电二是领导和专家都说了非常安全三是军队的防空力量武装保护力量强大四是专家和领导都在北京和上海，所以好东西一定要建在这些整天说核电安全的领导和专家的附近这样才能让人信服，核电建设就不会有阻力了！ http://t.cn/z8Atboh
131 [ict.vmojing.v11.utils.MyLog] INFO  [2014-09-01 14:50:50]  【核电安全是大事，需要公开评估】【黑龙江回应“俄拟在哈尔滨建核电站”】对此，黑龙江省发改委回应称，对“俄罗斯拟在哈尔滨建核电站一事”并不知情，并表示哈尔滨不具备建核电站所需的客观条件（分享自 @凤凰网） http://t.cn/RPjeL9r 
131 [ict.vmojing.v11.utils.MyLog] INFO  [2014-09-01 14:50:50]  《“哈尔滨核电乌龙事件”始末》 来自新浪财经 意见领袖专栏，作者@朱可夫-。  （分享自 @新浪财经） ——————哈尔滨核电如果属实，无疑是埋下一颗定时炸弹。 http://t.cn/RPYyYRv 
131 [ict.vmojing.v11.utils.MyLog] INFO  [2014-09-01 14:50:50]  【“哈尔滨核电乌龙事件”始末】“当事人发表不负责任的言论――俄媒报道――商务部官网误读――大众媒体海量转发――形成社会热点――当事方无人辟谣――事件继续发酵”。其中，商务部官网误报是关键一环。8月11日，网络上流传俄罗斯原子能公司（ROSATOM）...#中国一重#http://t.cn/RPY28gv
135 [ict.vmojing.v11.utils.MyLog] INFO  [2014-09-01 14:50:50]  【黑龙江回应“俄拟在哈尔滨建核电站”：并无此事】黑龙江省发改委回应称，并不知情，并表示哈尔滨不具备建核电站所需的客观条件。2010年6月，华能黑龙江发电有限公司初步确定的厂址中，有三个在隶属于哈尔滨市的通河县、方正县；因受日本福岛核泄漏事故影响，核电项目遭冻结，再无下文。
136 [ict.vmojing.v11.utils.MyLog] INFO  [2014-09-01 14:50:50]  核电怎么供暖？ //分享网易新闻:「官方否认俄在哈尔滨建核电站」 http://t.cn/RPjDRfG @网易新闻客户端
136 [ict.vmojing.v11.utils.MyLog] INFO  [2014-09-01 14:50:50]  哈尔滨市民支持在北京、上海建核电站！一是北京、上海缺电；二是领导和专家都说了非常安全；三是军队的防空力量、武装保护力量强大；四是专家和领导都在北京和上海，所以好东西一定要建在这些整天说核电安全的领导和专家的附近这样才能让人信服核电建设就不会有阻力了领导和专家以身作则才有说服力
136 [ict.vmojing.v11.utils.MyLog] INFO  [2014-09-01 14:50:50]  哈尔滨市民支持在北京上海建核电站！一是北京、上海缺电；二是领导和专家都说了非常安全；三是军队的防空力量、武装保护力量强大；四是专家和领导都在北京和上海，所以好东西一定要建在这些整天说核电安全的领导和专家的附近，这样才能让人信服，核电建设就不会有阻力了，领导和专家以身作则才有说服力
137 [ict.vmojing.v11.utils.MyLog] INFO  [2014-09-01 14:50:50]  哈尔滨市民支持在北京上海建核电站！一是北京、上海缺电；二是领导和专家都说了非常安全；三是军队的防空力量、武装保护力量强大；四是专家和领导都在北京和上海，所以好东西一定要建在这些整天说核电安全的领导和专家的附近，这样才能让人信服，核电建设就不会有阻力了！领导和专家以身作则才有说服力
137 [ict.vmojing.v11.utils.MyLog] INFO  [2014-09-01 14:50:50]  #哈尔滨建设核电站#赞成。核电是高效和清洁能源，安全前提下可减少哈尔滨雾霾天。 http://t.cn/RPOyWw9
138 [ict.vmojing.v11.utils.MyLog] INFO  [2014-09-01 14:50:50]  哈尔滨市民支持在北京、上海建核电站！一是北京、上海缺电；二是领导和专家都说了非常安全；三是军队的防空力量、武装保护力量强大；四是专家和领导都在北京和上海，所以好东西一定要建在这些整天说核电安全的领导和专家的附近，这样才能让人信服，领导和专家以身作则才有说服力！同意的转起！
138 [ict.vmojing.v11.utils.MyLog] INFO  [2014-09-01 14:50:50]  哈尔滨核电乌龙事件 http://t.cn/RPjZNYT
139 [ict.vmojing.v11.utils.MyLog] INFO  [2014-09-01 14:50:50]  哈尔滨市民支持在北京、上海建核电站！一是北京、上海缺电；二是领导和专家都说了非常安全；三是军队的防空力量、武装保护力量强大；四是专家和领导都在北京和上海，所以好东西一定要建在这些整天说核电安全的领导和专家的附近 http://t.cn/RPjyDI9
139 [ict.vmojing.v11.utils.MyLog] INFO  [2014-09-01 14:50:50]  哈尔滨市民支持在北京上海建核电站！一是北京、上海缺电；二是领导和专家都说了非常安全；三是军队的防空力量、武装保护力量强大；四是专家和领导都在北京和上海，所以好东西一定要建在这些整天说核电安全的领导和专家的附近，这样才能让人信服，核电建设就不会有阻力了！领导和专家以身作则才有说服力
140 [ict.vmojing.v11.utils.MyLog] INFO  [2014-09-01 14:50:50]  哈尔滨市民支持在北京、上海建核电站！一是北京、上海缺电；二是领导和专家都说了非常安全；三是军队的防空力量、武装保护力量强大；四是专家和领导都在北京和上海，所以好东西一定要建在这些整天说核电安全的领导和专家的附近，这样才能让人信服，核电建设就不会有阻力了！ http://t.cn/RPjw4O7
140 [ict.vmojing.v11.utils.MyLog] INFO  [2014-09-01 14:50:50]  哈尔滨市民支持在北京上海建核电站！一是北京上海缺电；二是领导和专家都说了非常安全；三是军队的防空力量武装保护力量强大；四是专家和领导都在北京和上海，所以好东西一定要建在这些整天说核电安全的领导和专家的附近，核电建设就不会有阻力了！领导和专家以身作则才有说服力。 http://t.cn/RPjZQFR
141 [ict.vmojing.v11.utils.MyLog] INFO  [2014-09-01 14:50:50]  哈尔滨市民支持在北京、上海建核电站！一是北京上海缺电；二是领导和专家都说了非常安全；三是军队的防空力量、武装保护力量强大；四是专家和领导都在北京和上海，所以好东西一定要建在这些整天说核电安全的领导和专家的附近，这样才能让人信服，核电建设就不会有阻力了！领导和专家以身作则才有说服力
141 [ict.vmojing.v11.utils.MyLog] INFO  [2014-09-01 14:50:50]  哈尔滨市民支持在北京、上海建核电站！一是北京、上海缺电；二是领导和专家都说了非常安全；三是军队的防空力量、武装保护力量强大；四是专家和领导都在北京和上海，所以好东西一定要建在整天说核电安全的领导和专家的附近，这样才能让人信服，核电建设就不会有阻力了！领导和专家以身作则才有说服力！
142 [ict.vmojing.v11.utils.MyLog] INFO  [2014-09-01 14:50:50]  哈尔滨市民支持在北京、上海建核电站! 一是北京、上海缺电; 二是领导和专家都说了非常安全; 三是军队的防空力量、武装保护力量强大; 四是专家和领导都在北京和上海,所以好东西一定要建在这些整天说核电安全的领导和专家的附近,这样才能让人信服,核电建设就不会有阻力了!领导和专家以身作则才有说服力！
142 [ict.vmojing.v11.utils.MyLog] INFO  [2014-09-01 14:50:50]  哈尔滨市民支持在北京、上海建核电站！一是北京、上海缺电；二是领导和专家都说了非常安全；三是军队的防空力量、武装保护力量强大；四是专家和领导都在北京和上海，所以好东西一定要建在这些整天说核电安全的领导和专家的附近，这样才能让人信服，核电建设就不会有阻力了！领导和专家们考虑一下！
143 [ict.vmojing.v11.utils.MyLog] INFO  [2014-09-01 14:50:50]  哈尔滨市民支持在北京上海建核电站！一是北京、上海缺电；二是领导和专家都说了非常安全；三是军队的防空力量、武装保护力量强大；所以好东西一定要建在这些整天说核电安全的领导和专家的附近，这样才能让人信服，核电建设就不会有阻力了！领导和专家以身作则才有说服力 同意的转 http://t.cn/RPlDlRJ
143 [ict.vmojing.v11.utils.MyLog] INFO  [2014-09-01 14:50:50]  #哈尔滨建设核电站#赞成。核电是高效和清洁能源，安全前提下可减少哈尔滨雾霾天。 http://t.cn/RPOyWw9
144 [ict.vmojing.v11.utils.MyLog] INFO  [2014-09-01 14:50:50]  哈尔滨市民支持在北京、上海建核电站！一是北京、上海缺电；二是领导和专家都说了非常安全；三是军队的防空力量、武装保护力量强大；四是专家和领导都在北京和上海，所以好东西一定要建在这些整天说核电安全的领导和专家的附近，这样才能让人信服。 http://t.cn/z8AGYxy
144 [ict.vmojing.v11.utils.MyLog] INFO  [2014-09-01 14:50:50]  哈尔滨市民支持在北京上海建核电站！一是北京上海缺电二是领导和专家都说了非常安全三是军队的防空力量、武装保护力量强大四是专家和领导都在北京和上海，所以好东西一定要建在这些整天说核电安全的领导和专家的附近，这样才能让人信服，核电建设就不会有阻力了！领导和专家以身作则才有说服力！
145 [ict.vmojing.v11.utils.MyLog] INFO  [2014-09-01 14:50:50]  #光明时评#【哈尔滨核电机组选用应多思而后决】在核电机组选用上多思后决，是对国家负责、对国民负责的起码要求。哈尔滨附近建设核电站，其安全系数要求须远高于现处乌克兰境内的切尔诺贝利核电站。毕竟后者附近地广人稀，“稀释”了当年核灾难的危害后果。http://t.cn/RPWA7hp @光明网评论员文章
145 [ict.vmojing.v11.utils.MyLog] INFO  [2014-09-01 14:50:50]  哈尔滨市民支持在北京、上海建核电站！一是北京、上海缺电；二是领导和专家都说了非常安全；三是军队的防空力量、武装保护力量强大；四是专家和领导都在北京和上海，所以好东西一定要建在这些整天说核电安全的领导和专家的附近，这样才能让人信服，核电建设就不会有阻力！领导专家以身作则才有说服力！
146 [ict.vmojing.v11.utils.MyLog] INFO  [2014-09-01 14:50:50]  哈尔滨市民支持在北京、上海建核电站！一是北京、上海缺电；二是领导和专家都说非常安全；三是军队的防空力量、武装保护力量强大；四是专家和领导都在北京和上海，所以好东西一定要建在这些整天说核电安全的领导和专家的附近，这样才能让人信服，核电建设就不会有阻力了！领导和专家以身作则才有说服力
148 [ict.vmojing.v11.utils.MyLog] INFO  [2014-09-01 14:50:50]  哈尔滨市民支持在北京、上海建核电站！一是北京上海缺电；二是领导和专家都说了非常安全；三是军队防空力量、武装保护力量强大；四是专家和领导在北京和上海，所以好东西一定要建在这些整天说核电安全的领导和专家的附近，才能让人信服，核电建设就不会有阻力了！领导和专家以身作则才有说服力！
149 [ict.vmojing.v11.utils.MyLog] INFO  [2014-09-01 14:50:50]  评论：核电没有绝对安全的神话 http://t.cn/RPlTHtt 有消息传出中俄有意合作在哈尔滨建核电站，尽管12日国内有关部门予以否认，但也引发舆论讨论。因为前不久也有中国内陆开闸核电项目的新闻。笔者以为，中国内陆要上马核电项目，应多吸取日本福岛核事故的教训。
150 [ict.vmojing.v11.utils.MyLog] INFO  [2014-09-01 14:50:50]  #哈尔滨建设核电站#赞成。核电是高效和清洁能源，安全前提下可减少哈尔滨雾霾天。 http://t.cn/RPOyWw9
152 [ict.vmojing.v11.utils.MyLog] INFO  [2014-09-01 14:50:50]  发表了博文《中国版的“切尔诺贝利”事件会在哈尔滨重现吗?》中国商务部网站11日援引俄24小时新闻频道消息称，俄国家原子能集团公司投资部正在研究中方关于拟在哈尔滨建设两台核电机组的提议。这一提议多么的邪http://t.cn/RPljqvm
153 [ict.vmojing.v11.utils.MyLog] INFO  [2014-09-01 14:50:50]  评论@花间独醉-抵制吃猫狗肉的博文【坚决抵制俄罗斯在哈尔滨建核电站！】："“该公司正在研究关于中方拟在哈尔滨建设两台核电机组的提议”，看好这句话，TNND，怎么不在俄罗斯建设呢？坚决反对这个项目，我的家乡绝对不能成为第二个切尔诺贝利。。..."查看原文：http://t.cn/RPOKgji
154 [ict.vmojing.v11.utils.MyLog] INFO  [2014-09-01 14:50:50]  哈尔滨市民支持在北京、上海建核电站！一是北京、上海缺电；二是领导和专家都说了非常安全；三是军队的防空力量、武装保护力量强大；四是专家和领导都在北京和上海，所以好东西一定要建在这些整天说核电安全的领导和专家的附近，这样才能让人信服，核电建设就不会有阻力了！   http://t.cn/z8LLJOr
156 [ict.vmojing.v11.utils.MyLog] INFO  [2014-09-01 14:50:50]  哈尔滨电气集团佳木斯电机股份有限公司控股子公司佳木斯电机股份有限公司是高温气冷堆主氦风机项目的总包单位。近日，主氦风机试验样机在上海完成100小时热态满功率连续运行考验，这是高温气冷堆先进核电技术研发中的主要技术难关，标志着我国在先进核能核心装备技术上自主创新的重大突破
156 [ict.vmojing.v11.utils.MyLog] INFO  [2014-09-01 14:50:50]  【评论：核电没有绝对安全的神话】 有消息传出中俄有意合作在哈尔滨建核电站,尽管12日国内有关部门予以否认,但也引发舆论讨论。因为前不久也有中国内陆开闸核电项目的新闻。http://t.cn/RPlqwKm
157 [ict.vmojing.v11.utils.MyLog] INFO  [2014-09-01 14:50:50]  #我有话说#【如果俄罗斯考虑在哈尔滨建设核电站】 要慎用核电 http://t.cn/RP0doqa  
157 [ict.vmojing.v11.utils.MyLog] INFO  [2014-09-01 14:50:50]  【评论：核电没有绝对安全的神话】 有消息传出中俄有意合作在哈尔滨建核电站,尽管12日国内有关部门予以否认,但也引发舆论讨论。因为前不久也有中国内陆开闸核电项目的新闻。http://t.cn/RPlqwKm
157 [ict.vmojing.v11.utils.MyLog] INFO  [2014-09-01 14:50:50]  【评论：核电没有绝对安全的神话】有消息传出中俄有意合作在哈尔滨建核电站,尽管12日国内有关部门予以否认,但也引发舆论讨论。因为前不久也有中国内陆开闸核电项目的新闻。笔者以为,中国内陆要上马核电项目,应多吸取日本福岛核事故的教训。福岛核事故原本是已有先兆的危机,。http://t.cn/RPlqwKm
158 [ict.vmojing.v11.utils.MyLog] INFO  [2014-09-01 14:50:50]  中广核项目合同签约仪式在第一重型机械集团举行  - 8月7日秋风送爽，更是收获的日子。7日下午，中广核项目合同签约仪式在一重宾馆隆重举行。中广核工程有限公司、咸宁核电有限公司、东方电气股份有限公司、上海电气重工集团、哈尔滨电机厂有限责任公司和中国一重股..   http://t.cn/RPl28Nd
158 [ict.vmojing.v11.utils.MyLog] INFO  [2014-09-01 14:50:50]  哈尔滨核电机组选用应多思而后决 许多媒体注意到，商务部网站在8月11日援引俄罗斯24小时新闻频道的消息称，俄国家原子能集团公司投资部总经理表示，该公司正在研究中方关于拟在哈尔滨建设两台核电机组的提议，并计划于近期派专家组赴华进行实地考察。(0)--从光明网分享 http://t.cn/RPlweMJ 
159 [ict.vmojing.v11.utils.MyLog] INFO  [2014-09-01 14:50:50]  回复@123wo对博文【坚决抵制俄罗斯在哈尔滨建核电站！】的评论："网上怀疑是华能电力！中国要是同意了，最后的粮仓就完了！南边游三峡大坝、北边核电，这是要王国的节奏！"查看原文：http://t.cn/RPOKgji
159 [ict.vmojing.v11.utils.MyLog] INFO  [2014-09-01 14:50:50]  #哈尔滨建设核电站# 我了解核电，环保，安全！同意 详情:http://t.cn/RP0CwZ7
164 [ict.vmojing.v11.utils.MyLog] INFO  [2014-09-01 14:50:50]  map object id :{能公=1, 怀=-1, 、=0, 态=-1, 要王国=-1, 。=-1, 适=-1, 应该在=-1, 者=2, 公司=0, 坚决反=-1, 是声明=1, 又立=-1, 专家=1, 「=1, 」=1, 据新=1, 『=-3, 怎=0, 』=-1, 【=-2, 】=-2, 始末』=-1, 怒=-1, 雾霾=4, —=2, 集不=-1, 就是=1, 房店红=-1, 会对=-1, 这句话=-1, “=0, ”=-2,  =5, 造=1, "=-4, #=8, 拟在=-1, 性=-1, 恐惧外=1, -=-1, .=-6, ！】：=-1, /=-7, 1=-2, 2=2, 3=-1, 4=-1, 8=2, 9=2, :=-2, 划。=1, 始末 =-1, @=-1, B=1, C=1, D=0, 哈尔=-2, 。。=-1, G=1, 核电是=3, H=-1, I=-1, K=-3, L=-2, N=-3, O=0, 组的=-1, P=-3, 事件始=-1, 恐=1, Q=-2, R=-1, 今日=0, 俄在哈=1, S=1, 道=-1, 联=1, BCv=1, T=-2, U=-1, W=2, Y=-1, Z=-1, [=0, 站」=1, 。 =3, ]=0, 核污染=-1, c=-3, 赞成=3, 和清洁=3, 辽宁大=-1, 站#=2, f=1, 起，=1, g=-4, h=-4, i=-2, 。.=-1, 力供=-1, 建造=1, j=-2, k=-1, n=-3, 望获批=-1, o=-2, 息=-1, p=-3, RfG=1, 诺贝=-1, 。8=1, s=-1, t=-9, u=-1, 辟谣=0, 设呢=-1, v=1, 前天=-1, w=1, x=-1, 电，=-1, 问题=1, y=2, z=-1, 斯建设=-1, 在电力=-1, 电（=1, 上流=1, gok=-1, 深[=-1, 斯联=1, 肉=-1, 意味什=-1, 知识=1, 首先，=-1, 第二个=-1, 日电（=1, 地重=-1, 日辟谣=1, 沿河二=-1, ，不=1, 认俄在=1, 。h=-1, 能成=-1, 上海=1, 家原子=1, 邦=1, 告诉=1, ·=1, 点=-1, ，安全=3, 水白=-1, 戈金=1, 前没有=1, 没有任=1, 维克=1, 连瓦=-1, 和雾霾=1, 解决能=1, 立刻=-1, 力资源=-1, 网易新=2, 惧=1, 能源短=1, 日告诉=1, 热=-3, 网易=2, 复@1=-1, 保电=-1, 担忧，=1, 滨人口=-1, 能=3, 都=1, 解造成=1, 国人民=1, 件始末=-1, 伤害=-1, 博文【=-2, 是要王=-1, 于中方=-1, 的有=-1, 查看原=-2, 意=-2, 白血病=-1, 【坚决=-2, ，应=-1, 二个=-1, 对生态=-1, 供暖？=1, 的地=-1, 愤=-1, 同意了=-1, 克多=1, cn/=-3, 的在=1, 业知识=1, ！】=-2, 】：=-1, 了！=-1, 粮仓就=-1, 水白血=-1, @网易=1, 。首先=-1, 罗斯=-1, yWw=2, 有望=-1, 天放=-1, tp:=-3, 对不=-1, 滨建设=1, [嘻=1, 核电申=-1, ，以=-1, 先=-1, 克=1, 质如=-1, 斯联邦=1, 了，=-1, —绝=1, 滨“被=-1, 于中=-1, ，我的=-1, 说什=1, ！"=-1, 回复@=-1, 除担忧=1, 这是=-1, 全=5, 机组的=-1, 公=0, 白血=-1, 谣  =1, 站#反=-1, 坚决抵=-2, 关=-1, 其=-1, 电怎=1, 供应短=-1, 内=-1, 电”=-1, 嘻]=1, 醉=-1, 及民=-1, 狗肉的=-1, ，内地=-1, ，会=-1, 游三峡=-1, 保电力=-1, #赞=3, 究关于=-1, 站，放=-1, 为第二=-1, xzs=-1, 。其=-1, 决=-2, 座城市=-1, 」 =1, 事件=-2, 始末｜=1, 宜建设=-1, ）俄=1, 准=1, 反对=-2, 记者王=1, 释=-1, 『“=-2, 上海将=1, 重=-1, 减=3, 金=1, 提议=-1, 的恐惧=1, 参赞=1, ，网=1, 的计划=1, 申批，=-1, 凤=-3, 楚。=-1, D，怎=-1, 伤害。=-1, 凰=-1, ttp=-3, 易新=2, ，以确=-1, 享网易=1, 地区=-1, 龙事=-2, 分=1, 切=-1, 戈=1, ”事=-1, OKg=-2, 据新华=1, 成=2, 我=0, 划=2, 易新闻=2, 天。 =3, 或=1, 能成为=-1, 外界环=-1, 下可减=3, 刨=1, 利=-2, 最好的=1, ，辽=-1, 国要=-1, 到=-1, 刨除由=1, 制=-3, 该公=-1, 户=1, 刻=-1, 』h=-1, 房=-1, 报道=-1, 台核=-1, 有核=1, 华大使=1, 了—=1, 前=3, 红沿=-1, ，这=0, 供应=-1, 地区发=-1, 23w=-1, 霾问题=1, .."=-1, 于缺=1, 物=-1, 。核污=-1, 尔诺=-1, 专业=1, ...=-1, 最好=1, 源，=3, 批=-1, 怒]=-1, 尔滨人=-1, 节=-1, ——=1, ”，=-1, 解造=1, 。前=-1, 力=-3, 集不适=-1, ，怎=-1, 办=1, 全国=1, 报=-1, 都信了=1, 在哈=-3, 发展=-1, 疑是=-1, 花=-1, 抵=-3, 也支=1, 的办法=1, 新闻:=1, 维克多=1, 担=1, 尔滨事=1, 无声息=-1, ，T=-1, 狗=-1, 拟=-1, 店红=-1, 独=-1, 要是同=-1, n/R=-3, 利。=-1, 是华=-1, ！中国=-1, 末｜今=1, 北京或=1, 持=1, 清楚。=-1, 在电=-1, 电站的=1, 对这=-1, 原文：=-2, 诉新=1, 北=0, 滨8月=1, 大坝=-1, ”始末=0, 对。=-1, 密集不=-1, 关于中=-1, 猫=-1, ：哈尔=-1, 、北=-1, 的博文=-1, 成为第=-1, 区=-1, 诉新华=1, 上怀=-1, 射性物=-1, 社哈=1, 污染核=-1, 市意=-1, 华社记=1, 核电机=-1, 华=3, 不过=1, 京或上=1, ：据新=1, 南=-1, —绝对=1, 博=-2, 在研究=-1, 病毒害=-1, 愤怒=-1, 据=1, 。对大=-1, 这样=1, "网=-1, 专业知=1, 辽宁=-1, [衰=-1, 日报道=-1, 罗ht=1, 抵制吃=-1, 决反对=-1, 多·戈=1, 王=0, 说在哈=-1, 新华=2, ，如消=1, 都清楚=-1, 原=-1, 不适=-1, 网上怀=-1, #哈尔=2, 申批=-1, 馆参赞=1, 环=-1, 全前提=3, 家乡绝=-1, 是同=-1, 获=-1, 缺乏专=1, 支持=1, 奏！"=-1, 新闻：=-1, 参=1, ，全=1, 期有=-1, #赞成=3, 又=-1, 能电=-1, 怀疑是=-1, 及=-1, 密集=-1, 反=-2, 提=2, 又立刻=-1, 发=-1, 建设两=-1, 社哈尔=1, 看好=-1, 态及=-1, 口=-1, 众造=-1, 的在黑=1, 句=-1, ，内=-1, 放射性=-1, 乡绝对=-1, 月中旬=1, 可=3, 核电=2, 台=-1, 司=0, 和雾=1, 、北边=-1, 前没=1,   =2, 流传俄=1, 个人都=-1, 尔滨8=1, 吃=-1, 建又=-1, 电力=-3, 同=-1, 后=-1,  /=1, 洁能=3, 网资讯=-1, 花间独=-1, 大使馆=1, 资源的=-1, 到外界=-1, 红沿河=-1,  @=1, 解决=1, 否=1, 能公司=1, 确保电=-1, 减少=3, 者王=1, 设核=2, 启=-1, 尔滨“=-1, 房店=-1, 提下=3, 或上海=1, 境，会=-1, 态及民=-1, 。ht=-1, "“=-1, 为第=-1, 后的=-1, 制俄=-2,  h=0, 口密=-1, 告=1, 方拟=-1, 如消=1, 坝、=-1, 国家=1, 克多·=1, ："=-2, 呢=-1, ！南=-1, 在俄罗=-1, 说什么=1, 热点新=-1, 完了=-1, 味=-1, 什么每=-1, ，刨=1, 表、=1, 件来看=1, 和=4, PBC=1, ：h=-2, 句话=-1, （记者=1, 经批准=1, 评论@=-1, 哈[=1, 不能=-1, ，我=-1, 人民=1, 哈]=1, 该公司=-1, 射性=-1, 传俄=1, 计划：=1, 放到=-1, 哈=1, 】："=-1, 批准的=1, 刻辟=-1, ？ /=1, 王国=-1, 全，比=1, 短缺=0, 血病毒=-1, 这是要=-1, 瓦=-1, htt=-3, 研究=-1, 被核=-1, ？ =1, 前天放=-1, 猫狗=-1, 惧外=1, 吃猫狗=-1, 旬起=1, 批。对=-1, 正在研=-1, 闻客=1, TNN=-1, 滨雾=3, 驻华大=1, 造成伤=-1, 生=-1, 确保=-1, 不过就=1, #反对=-1, 用=-1, 罗斯建=-1, 的有效=-1, 民众=-1,  ht=0, 支=1, 由=1, 申=-1, 电=-1, vRS=1, 哈[嘻=1, Ww9=2, 看，刨=1, ，TN=-1, 放=-3, 其次，=-1, 尔滨建=-1, 意味=-1, 效=2, 辰）=1, 清洁能=3, 风说在=-1, 界=-1, 】的评=-1, 就哈尔=1, 持核=1, 过就=1, 滨雾霾=3, PHU=-1, 尔滨=0, 华代=1, 高效=3, 邦驻华=1, 就完=-1, 声息=-1, 凤凰网=-1, 是同意=-1, 方否=1, 计划。=1, 文=-4, 要建=1, 司驻=1, 边游=-1, 疑=-1, 的计=1, 坚决=-3, 血病=-1, 二个切=-1, 怀疑=-1, 决能=1, 」 h=1, 斯=-1, 新=3, 获批=-1, 究关=-1, 嘻嘻]=1, ."=-1, 方=0, 的家=-1, ..=-2, 原文=-2, 消除担=1, 病=-1, 文：h=-2, 谣。核=-1, 担忧=1, 的评=-1, 目，=-1, 减少哈=3, 个人=-1, 人都清=-1, 内地重=-1, //=-2, 无=-1, 造成=0, 建造核=1, 日=2, 。8月=1, 在研=-1, 旬=1, 效利=-1, 问=1, 代表=1, 』ht=-1,  我=1, 金22=1, 间=-1, .c=-3, 好这=-1, 制俄罗=-2, 闻=1, 我也支=1, 衰]=-1, /R=-3, 前提下=3, 享网=1, 明=1, 哈哈[=1, 易=2, 哈哈]=1, 尔诺贝=-1, 坝、北=-1, 12=-1, 以确=-1, /t=-3, 决抵制=-2, 么不在=-1, 抵制=-3, POK=-2, 目，我=-1, 是=1, 子能公=1, 嘻=2, 方否认=1, 22=1, 23=0, 内地=-1, 大连这=-1, 两台核=-1, 店红沿=-1, 新闻=1, 的地区=-1, 毒害深=-1, 日辟=1, 次，应=-1, 缺乏=1, POy=2, 项目，=-1, 滨核=-2, 瓦房店=-1, 司正=-1, @12=-1, 霾问=1, 除=2, PQL=-2, 地重启=-1, 4 =-1, Kgj=-2, 独醉-=-1, 力！中=-1, 成的=1, jDR=1, ，网络=1, 白=-1, 事件”=0,  我也=1, 的=-4, 事件 =-2, 展核=-1, 对博=-1, 么每=-1, ，刨除=1, 安全，=1, 电申=-1, //t=-3, 提下可=3, 暖=1, 了解造=1, 我的=-1, 3w=-1, 的粮=-1, 3x=-1, 目前没=1, 的提议=-1, 了——=1, 题，这=1, 2日告=1, :「官=1, 站的=1, ，哈哈=1, 集=-1, 原子能=1, 始末=-1, ”，看=-1, 反对这=-1, 先，=-1, 核电计=1, 宜建=-1, 游三=-1, 回=-3, 外，如=1, 境，=-1, ，目前=1, 家说什=1, 目=0, 反对。=-1, 安全=4, 家说=1, 呢？=-1, 资讯=-1, 国=0, 我的家=-1, 雾=4, 电乌龙=-2, 最=0, 民都=1, 月=2, 有=0, 看=-2, 肉的=-1, @网=1, :「=1, 滨事件=1, 望=-1, 资讯今=-1, 节奏=-1, 强，=1, 期=-1, 斯国=1, ，哈=0, 件来=1, 在=-5, 对不能=-1, 末=-1, 性物=-1, 地=-3, 划。8=1, :/=-3, 机=-1, o对博=-1, 霾=4, 。前天=-1, 南边=-1, 比专家=1, D，=-1, 下可=3, 电计划=1, 间独醉=-1, 。。.=-1, 斯在=-2, 国人=1, 坚=-3, 坝=-1, 也支持=1, 来=1, 华能=-1, 任何经=1, 决抵=-2, ："“=-1, 嘻嘻=1, 评论：=-1, 4 h=-1, 什么=0, 代表、=1, 使馆参=1, ：据=1, OyW=2, 么供暖=1, 看好这=-1, 电是=3, fG =1, 污染=-1, 22日=1, 河二期=-1, 雾霾问=1, ，放=-1, 辰）俄=1, /分=1, 仓就=-1, ："网=-1, 个切尔=-1, 电是高=3, 23日=1, 辐射无=-1, 城=-1, 物质=-1, 染=-1, 先，哈=-1, 电站解=1, 沿河=-1, 看原文=-2, 区发=-1, 知=1, 查=-2, 件”始=0, 核电站=2, 粮仓=-1, 短=0, 界环=-1, 成。核=3, @1=-1, 该在=-1, 罗斯联=1, 报道，=-1, 次，=-1, 个项目=-1, #反=-1, 缺的地=-1, ，应该=-1, 研=-1, 利用=-1, 俄罗=0, 联邦驻=1, 网资=-1, 驻华=2, 中国要=-1, wo对=-1, 站！】=-2, //分=1, “哈=1, -抵=-1, 正在=-1, 月中=1, 上怀疑=-1, 准的在=1, 谣。=-1, ·戈=1, 能电力=-1, 河二=-1, 声息，=-1, 样=1, 核=1, 了！南=-1, 电力资=-1, 血=-1, BC=1, 每个人=-1, 效和=3, 电（记=1, 对生=-1, 谣 =1, 网络上=1, 海将要=1, UIh=-1, 于缺乏=1, 连瓦房=-1, 连这座=-1, 其次=-1, 节奏！=-1, 评论=-3, 表=1, "网上=-1, 闻：=-1, 峡大=-1, 确=-1, 衰=-1, 。核=2, 决反=-1, 建核=-1, 提议”=-1, 项=-1, 核电乌=-2, 闻:「=1, 境=-1, 如释=-1, 制吃=-1, 明北京=1, DR=1, 金2=1, 文【坚=-2, Cv=1, 害深=-1, 】的=-1, ！】的=-1, 题=1, 狗肉=-1, 完了！=-1, 味什=-1, 被=-1, 电机=-1, 议”，=-1, 是声=1, ."查=-1, 认俄=1, 绝对=0, G =1, 深[衰=-1, 外，=1, 贝利=-1, 拟在哈=-1, 么不=-1, 风=-1, 网上=-1, 复@=-1, HUI=-1, 京或=1, 新华社=2, 讯今=-1, 第二=-1, 声=0, ：哈=-1, 除担=1, 研究关=-1, [愤怒=-1, #哈=4, 斯在哈=-2, 戈金2=1, 哈哈=3, 道，=-1, HU=-1, 复=-1, 就完了=-1, 有任何=1, 目前=1, 建又立=-1, 可减少=3, 个切=-1, 外=0, 立刻辟=-1, .cn=-3, 多=1, 有任=1, jZN=-1, 三峡大=-1, 成的恐=1, 启核电=-1, 下水白=-1, 大=-2, 天=2, 王子=1, 设呢？=-1, 源，安=3, 核辐射=-1, 刨除=1, 社=2, 是要=-1, Ih=-1, ][愤=-1, 滨核电=-2, K4=-1, 有望获=-1, 在黑龙=1, 【坚=-2, 话，T=-1, 奏=-1, 醉-抵=-1, 哈尔滨=0, ，放射=-1, 楚=-1, 滨建又=-1, ，看=-1, 这个=-1, 家乡=-1, 题，=1, 这样，=1, t.c=-3, o对=-1, ，最=0, PjD=1, 日报=-1, 看，=1, 国的节=-1, 花间=-1, 将要建=1, Kg=-2, ，目=1, 好=0, 要=-1, PjZ=-1, 如=0, 馆=1, 这座城=-1, 人都=-1, 闻:=1, 首=-1, 疑是华=-1, DRf=1, Lg=-2, 件始=-1, 网络=1, 问题，=1, 说在=-1, 建设呢=-1, QLg=-2, 质如释=-1, 乏专=1, 龙江建=1, 道，内=-1, 么每个=-1, @花间=-1, 络上流=1, ND=-1, 霾天=3, ，地=-1, 北边核=-1, NN=-1, ！南边=-1, 始=-1, 能源，=3, NY=-1, 消除=1, 。首=-1, 释放到=-1, 参赞维=1, 会对生=-1, 乏专业=1, 对安全=1, OK=-2, 国要是=-1, 资源=-1, 启核=-1, 解=2, “哈尔=0, 使馆=1, 法就=1, 流传=1, PB=1, 霾天。=3, PH=-1, 源的=-1, 这座=-1, PO=0, PQ=-2, 中方拟=-1, 者王子=1, Oy=2, 否认俄=1, 衰][=-1, 何经=1, LgK=-1, 来看，=1, 瓦房=-1, 法就是=1, 害深[=-1, 二期=-1, Pj=0, QL=-2, 忧，最=1, CvR=1, 设核电=2, 核电怎=1, Pu=-1, 站解=1, 月2=1, 方拟在=-1, 毒害=-1, 电怎么=1, Lgo=-1, 设两=-1, 源的有=-1, 要王=-1, 社记=1, RP=-3, 议”=-1, 对这个=-1, RS=1, 官方否=1, 的恐=1, 记者=2, 两台=-1, 是高效=3, 王国的=-1, 安全前=3, 8月中=1, 供暖=1, Rf=1, 核电”=-1, 射无=-1, 么供=1, 华社哈=1, 首先=-1, @花=-1, 用。h=-1, 究=-1, 电力！=-1, TN=-1, 组的提=-1, 驻=2, 味什么=-1, 众造成=-1, 文：=-2, 计划=2, 哈哈哈=1, 利用。=-1, 是高=3, 电站，=-1, 「官方=1, UI=-1, 王子辰=1, 过就哈=1, 恐惧=1, 络上=1, 害。=-1, 台核电=-1, 何经批=1, 惧外，=1, /RP=-3, 全，=1, Pu3=-1, 论：=-1, 不在=-1, 环境=-1, 最后的=-1, 仓就完=-1, 联邦=1, 乌龙=-2, 染核=-1, 中旬起=1, 月23=1, 立=-1, 信了=1, ，最后=-1, 峡大坝=-1, 对。首=-1, 公司驻=1, 多·=1, 高=3, 站=2, 少哈=3, 客户=1, 效利用=-1, 声明北=1, 切尔=-1, 馆参=1, 华能电=-1, 端=1, 旬起，=1, ｜今=1, 和清=3, 电站！=-2, 黑龙=3, Ww=2, ，比专=1, 日告=1, 么都强=1, 没有核=1, 声明=1, ）俄罗=1, YT=-1, 龙江没=1, 次=-1, 放到外=-1, 核污=-1, 前提=3, 放风说=-1, 第=-1, 末』h=-1, ，地下=-1, ？坚决=-1, 性物质=-1, 大使=1, ZN=-1, 国家原=1, 核电，=-1, 持核电=1, 什么都=1, 暖？=1, 支持核=1, 子=2, 源短=1, 发展核=-1, 放风=-1, 边核电=-1, 除由=1, 雾霾天=3, 正=-1, 环境，=-1, 文【=-2, "查看=-2, 、俄罗=1, 间独=-1, 凰网=-1, 3日电=1, 关于=-1, 射无声=-1, 力供应=-1, 电机组=-1, 。 h=3, ｜今日=1, 宁=-1, 如消除=1, 安=4, 好的办=1, 完=-1, 俄罗h=1, 今日辟=1, 不适宜=-1, 识了=1, 官=1, [衰]=-1, 原子=1, 大连=-2, 宜=-1, ][=0, 站」 =1, 计=2, 客=1, p:/=-3, 认=1, ZNY=-1, 口密集=-1, 论："=-1, 连这=-1, 市意味=-1, 该在电=-1, 绝对安=1, 议=-1, 讯=-1, 记=2, 害=-2, 家=1, 宁大连=-1, 论=-2, 设=0, 。核电=3, 批，=-1, 么都=1, 斯国家=1, 评=-4, 密=-1, 识=1, 诉=1, 可减=3, “该公=-1, 适宜=-1, 查看=-2, 每=-1, 毒=-1, 应短=-1, 比=1, 论@=-1, 愤怒]=-1, 息，地=-1, 话=-1, 客户端=1, 意了，=-1, 该=-2, 地下水=-1, ，如=1, gK4=-1, 民都信=1, 2日=1, 天。=3, 说=0, 样，全=1, 清楚=-1, 对=-5, 站#赞=3, 诺=-1, 批，辽=-1, 日电=1, 罗h=1, 『“哈=-1, 尔滨核=-2, "查=-2, 射=-2, ？坚=-1, 将=1, 建设=0, 好这句=-1, 忧，=1, 造核=1, “被=-1, 黑龙江=2, 民=0, 少=3, 3日=1, ，看好=-1, 重启=-1, 独醉=-1, 尔=-1, ND，=-1, 了解=1, 点新=-1,    =1, ——绝=1, 怎么不=-1, 谣=0, 在哈尔=-3, [愤=-1, 闻客户=1, 江没=1, 。对=-1, 就=1, 水=-1, 对大连=-1, 否认=1, 的评论=-1, 每个=-1, 句话，=-1, 诺贝利=-1, 物质如=-1, 对大=-1, ，这样=1, 适宜建=-1, 电站=2, 来看=1, 表、俄=1, 是华能=-1, 展=-1, 办法就=1, 洁能源=3, 江=2, 人口=-1, 污=-1, 乌龙事=-2, 暖？ =1, cn=-3, 8月2=1, 的节=-1, 息，=-1, 划：据=1, 识了解=1, 凤凰=-2, 生态及=-1, 的办=1, 乡绝=-1, 件 h=-2, 赞维克=1, 电，以=-1, 设两台=-1, 缺和=1, 今日报=-1, 没=2, ，不过=1, fG=1, 在黑=1, 批。=-1, 的粮仓=-1, 释放=-1, 好的=1, 滨事=1, 粮=-1, 比专=1, 河=-1, 都清=-1, 上流传=1, 造成的=1, 沿=-1, ，辽宁=-1, 抵制俄=-2, gK=-1, 界环境=-1, h1=-1, 滨建核=-1, 地下=-1, 如释放=-1, 法=1, 信了—=1, 滨人=-1, 要是=-1, 峡=-1, gj=-2, go=-1, ][哈=1, 到外=-1, 短缺和=1, 华代表=1, 楚。前=-1, 风说=-1, [嘻嘻=1, 染核辐=-1, 江建设=1, 洁=3, 制吃猫=-1, 电计=1, 业知=1, 最后=-1, 建核电=-1, 「官=1, ht=-3, 利。。=-1, 站解决=1, jD=1, 罗斯在=-2, 贝=-1, 期有望=-1, 滨建=-1, 能源=4, 中方=-1, 质=-1, 官方=1, 罗斯国=1, 末 h=-1, jZ=-1, 绝对不=-1, ji=-2, 流=1, ，最好=1, 猫狗肉=-1, 龙事件=-2, 资=-2, 缺和雾=1, 不在俄=-1, 赞维=1, 有核电=1, ”始=0, 记者，=1, 尔滨雾=3, 大连瓦=-1, 人口密=-1, 中旬=1, 的博=-1, 的节奏=-1, 赞=4, 专家说=1, 热点=-2, 海将=1, ，全国=1, 博文=-2, 分享=1, 点新闻=-1, 准的=1, 起=1, 海=1, 少哈尔=3, ！"查=-1, n/=-3, 经批=1, 项目=-1, 消=1, 电站」=1, 在俄=-1, 电力供=-1, 电站#=2, 告诉新=1, 末｜=1, 电，不=1, 论@花=-1, （记=1, 样，=1, 子辰）=1, 建设核=2, 的提=-1, RPB=1, p:=-3, 社记者=1, RPH=-1, 都强=1, 宁大=-1, 8月=2, RPO=0, RPQ=-2, 者，目=1, u3x=-1, ok=-1, /分享=1, ，安=3, 回复=-2, 公司正=-1, RPj=0, 全前=3, 深=-1, 就是声=1, RPu=-1, 。..=-1, 害。其=-1, 看原=-2, 办法=1, 传俄罗=1,  //=1, 市=-1, 力资=-1, 清=2, 三=-1, 上=1, 下=2, 座城=-1, 不=-2, 辟谣 =1,   我=1, 专=2, 业=1, ：ht=-2, 区发展=-1, 两=-1, 民众造=-1, 成为=-1, 个=-3, ”事件=-1, 中=-1, 将要=1, 辟谣。=-1, 123=-1, 造核电=1, 游=-1, 滨“=-1, t.=-3, 为=-1, 对博文=-1, 末』=-1, 么=0, 3wo=-1, 乌=-2, ，这是=-1, 乏=1, 核辐=-1, ，比=1, 末 =-1, 嘻][=1, 重启核=-1, 讯今日=-1, 滨8=1, 电申批=-1, u3=-1, 也=1, 批准=1, 乡=-1, 我也=1, 边游三=-1, 辐射=-1, 二期有=-1, 成伤害=-1, 子辰=1, 肉的博=-1, 强，哈=1, 后的粮=-1, 人民都=1, 3xz=-1, 展核电=-1, 江建=1, 中国=-1, 闻：哈=-1, tp=-3, 南边游=-1, 北京=1, tt=-3, “被核=-1, 江没有=1, 没有=2, 缺的=-1, NND=-1, 了=0, 邦驻=1, 同意=-1, 放射=-1, 事=-2, 二=-2, 于=0, 源=3, [哈哈=1, 应=-2, 都信=1, 店=-1, 刻辟谣=-1, vR=1, 由于缺=1, 家原=1, 红=-1, w9=2, 除由于=1, 病毒=-1, G @=1, 呢？坚=-1, 座=-1, /t.=-3, 享=1, 京=1, 不能成=-1, 或上=1, 人=-1, 对安=1, 就哈=1, 什=0, 组=-1, 明北=1, 机组=-1, 俄罗斯=-1, 今=0, 生态=-1, 贝利。=-1, 城市意=-1, 经=1, 黑=4, Ih1=-1, 源短缺=1, 仓=-1, wo=-1, 络=1, 绝=0, 话，=-1, 代=1, 都强，=1, 以=-1, 短缺的=-1, 滨=0, "“该=-1, 大坝、=-1, 维=1, 件=-2, 建=-1, 任=1, 外界=-1, yW=2, ！=-5, xz=-1, -抵制=-1, （=1, ）=1, ，=-1, 这个项=-1, 众=-1, 成伤=-1, ：=-4, 会=-1, 无声=-1, ？=0, 传=1, 伤=-1, 有效利=-1, 新闻客=1, 斯建=-1, 的家乡=-1, 国的=-1,  @网=1, 及民众=-1, zs=-1, 缺=1, 强=1, 了，最=-1, 这句=-1, 凰网资=-1, 划：=1, 站！=-2, 高效和=3, “该=-1, 起，网=1, 网=1, 有效=-1, 。其次=-1, ！中=-1, 何=1, 司正在=-1, 罗=0, 获批。=-1, 意了=-1, 站，=-1, ｜=1, 驻华代=1, 天放风=-1, 决能源=1, 司驻华=1, 由于=1, 使=1, 下水=-1, 吃猫=-1, 个项=-1, 北边=-1, 边核=-1, 辐=-1, ，哈尔=-1, 清洁=3, 切尔诺=-1, 华大=1, 怎么供=1, 户端=1, 电，这=-1, 龙=0, 奏！=-1, ://=-3, 供=0, 辟=0, 子能=1, 辰=1, 分享网=1, 任何=1, 者，=1, 要建造=1, 电乌=-2, 边=-2, 华社=2, 辽=-1, 电”事=-1, 俄=1, 过=1, 效和清=3, 事件来=1, 力！=-1, [哈=1, 赞成。=3, ·戈金=1, ，怎么=-1, 用。=-1, 醉-=-1, 这=-3, 应该=-1, 保=-1, 连=-2, 信=1, 件 =-2, 以确保=-1, 、俄=1, 被核电=-1, 忧=1, gji=-2, NYT=-1, 站的计=1, ，会对=-1, 俄在=1, 件”=0, 望获=-1, 怎么=0, 三峡=-1, 应短缺=-1, 龙江=2, K4 =-1, 知识了=1, 全国人=1, 城市=-1, 成。=3}
0   [ict.vmojing.v11.utils.MyLog] DEBUG [2014-09-01 14:54:55]  create col weibo
67  [ict.vmojing.v11.utils.MyLog] INFO  [2014-09-01 14:54:55]  { "tid" : { "$oid" : "53eb680080cd34525537e95d"}}
71  [ict.vmojing.v11.utils.MyLog] INFO  [2014-09-01 14:54:55]  threshold 7
90  [ict.vmojing.v11.utils.MyLog] INFO  [2014-09-01 14:54:55]  黑龙江没有核电计划：据新华社哈尔滨8月23日电（记者王子辰）俄罗斯国家原子能公司驻华代表、俄罗斯联邦驻华大使馆参赞维克多·戈金22日告诉新华社记者，目前没有任何经批准的在黑龙江建设核电站的计划。8月中旬起，网络上流传俄罗http://t.cn/RPBCvRS
92  [ict.vmojing.v11.utils.MyLog] INFO  [2014-09-01 14:54:55]  『“哈尔滨核电乌龙事件”始末』http://t.cn/RPu3xzs
93  [ict.vmojing.v11.utils.MyLog] INFO  [2014-09-01 14:54:55]  发改委开反垄断最大罚单 12家日企被罚12.35亿2014-08-20 来源: 发改委网站 -------网易上海市手机网友 [乖狼0] 的原贴： 1 这是在帮助北极熊哥哥反制裁吗？----- 唉呀我艹 [网易浙江省手机网友]： 2014-08-20 10:36:18 发表 德国过后日本，接下来米帝……沙皇笑而不语，回头把哈尔滨核电的合同签了
94  [ict.vmojing.v11.utils.MyLog] INFO  [2014-09-01 14:54:55]  漂亮【核电】辽宁徐大堡核电站|【三海一核】哈尔滨工程大学|中国大学生在线（www.univs.cn） 【核电】辽宁徐大堡核电站 http://t.cn/RPEFRMU 
95  [ict.vmojing.v11.utils.MyLog] INFO  [2014-09-01 14:54:55]  【“哈尔滨核电乌龙事件”始末】8月11日，网络上流传俄罗斯原子能公司（ROSATOM）站计划在哈尔滨地区建设核电站的消息，核电观察向多位事件当事人求证，最终证实此消息系乌龙。http://t.cn/RP8jsqt
96  [ict.vmojing.v11.utils.MyLog] INFO  [2014-09-01 14:54:55]  @记者谈春平 ，几次想艾特你，但是你只是有个正义感的记者，你无力去改变很多。@哈尔滨建设核电站，和俄罗斯合作告诉我们用他们的成熟经验，我去他妈的，切尔诺贝利祸害了多少人，暂且不说，世界上核电最成熟的国家是法国，但那和我们无关，普通百姓只是政治的牺牲品。左权牺牲真的很可惜，国民党傻逼
97  [ict.vmojing.v11.utils.MyLog] INFO  [2014-09-01 14:54:55]  老徐时评   俄罗斯考虑在哈尔滨建设核电站。来自商务部的这条消息看完令人一头雾水，到底是俄罗斯应中方提议，还是中国自己要建核电机组，请求俄方技术合作？中方干嘛让俄把核电站建在咱们的地盘？俄的核电技术真的就比咱们水平高吗？不管怎样，都应该征求一下哈尔滨市人民的意见吧？
98  [ict.vmojing.v11.utils.MyLog] INFO  [2014-09-01 14:54:55]  国际广播电台记者:上半年我国服务贸易出口增速首次超过进口，这是偶然还是必然，全年服务贸易增速是否会保持高速增长？另外，据俄媒体消息，俄国家原子能集团公司正在研究中方关于拟在哈尔滨建设两台核电机组提议，该消息被黑龙江发改委称为不属实，请问事实情况如何，商务部网站为何会转载？
98  [ict.vmojing.v11.utils.MyLog] INFO  [2014-09-01 14:54:55]  发表了博文《热点新闻：哈尔滨核电乌龙事件》摘要：网络上流传俄罗斯原子能公司(ROSATOM)站计划在哈尔滨地区建设核电站的消息，核电观察向多位事件当事人求证，最终证实此消息系乌龙。这则消息首发于俄罗斯http://t.cn/RPQU24f
99  [ict.vmojing.v11.utils.MyLog] INFO  [2014-09-01 14:54:55]  热点新闻：哈尔滨核电乌龙事件 http://t.cn/RPQLgK4 http://t.cn/RPQLgok
100 [ict.vmojing.v11.utils.MyLog] INFO  [2014-09-01 14:54:55]  #发布会#国际广播电台记者:上半年我国服务贸易出口增速首次超过进口，这是偶然还是必然，全年服务贸易增速是否会保持高速增长？另外，据俄媒体消息，俄国家原子能集团公司正在研究中方关于拟在哈尔滨建设两台核电机组提议，该消息被黑龙江发改委称为不属实，请问事实情况如何，商务部网站为何会转载？
101 [ict.vmojing.v11.utils.MyLog] INFO  [2014-09-01 14:54:55]  #观点#【@朱可夫-：哈尔滨核电乌龙事件”始末】“当事人发表不负责任的言论——俄媒报道——商务部官网误读——大众媒体海量转发——形成社会热点——当事方无人辟谣——事件继续发酵”。商务部官网误报是关键一环。另外，俄方代表团可能确实和中方有过涉及黑龙江地区建设核电问题，但绝不会在哈尔滨。
102 [ict.vmojing.v11.utils.MyLog] INFO  [2014-09-01 14:54:55]  【俄罗斯核电集团或在哈尔滨建核电站】 中国向俄罗斯核能集团提出在哈尔滨建两座反应堆的建议。这是该公司副总经理根纳季·萨哈洛夫对外宣布的消息。俄核能集团将于近日向中国派出代表团，以便进行谈判并对建电站地址进行评估 全文: http://t.cn/RPTKZnv  @头条新闻
103 [ict.vmojing.v11.utils.MyLog] INFO  [2014-09-01 14:54:55]  珠海国资委主任：国企改革 格力.珠海港试点...湖南国资改革方案呼之欲出...两部委力推国产医疗设备发展应用...转融资费率下调80基点...内地有望重启三个沿海核电项目 辽宁有两个...哈尔滨16日起全面取消限...农垦系万亿资产整合在即 ...农光热发电市场达1000亿级别 ... 内地首现主动退市公募基金
108 [ict.vmojing.v11.utils.MyLog] INFO  [2014-09-01 14:54:55]  【俄罗斯核电集团或在哈尔滨建核电站】 中国向俄罗斯核能集团提出在哈尔滨建两座反应堆的建议。这是该公司副总经理根纳季·萨哈洛夫对外宣布的消息。俄核能集团将于近日向中国派出代表团，以便进行谈判并对建电站地址进行评估 全文: http://t.cn/RPTKZnv
108 [ict.vmojing.v11.utils.MyLog] INFO  [2014-09-01 14:54:55]  #我有话说#【中方多部门称对俄要在哈尔滨建设核电站不知情】 核电对人类的不良影响很大，坚决不支持，这只是俄国单方面的的吧！ http://t.cn/RPO5ce9  
109 [ict.vmojing.v11.utils.MyLog] INFO  [2014-09-01 14:54:55]  哈尔滨市民支持在北京上海建核电站！一是北京上海缺电；二是领导和专家都说了非常安全；三是军队的防空力量、武装保护力量强大；四是专家和领导都在北京和上海，所以好东西一定要建在这些整天说核电安全的领导和专家的附近，这样才能让人信服，核电建设就不会有阻力了！领导和专家以身作则才有说服力！
109 [ict.vmojing.v11.utils.MyLog] INFO  [2014-09-01 14:54:55]  哈尔滨即使是需要建核电站，需要俄国的技术吗？俄国在核电站方面的技术并没有先进与其它西方国家甚至中国，中国现今建的核电站又有哪个用了俄国技术？ 【地方辟谣俄在哈尔滨建核电】 http://t.cn/RPYBHNc @新浪新闻客户端
110 [ict.vmojing.v11.utils.MyLog] INFO  [2014-09-01 14:54:55]  凤凰网资讯今日报道，内地重启核电申批，辽宁大连瓦房店红沿河二期有望获批。对大连这座城市意味什么每个人都清楚。前天放风说在哈尔滨建又立刻辟谣。核污染核辐射无声息，地下水白血病毒害深[衰][愤怒]
110 [ict.vmojing.v11.utils.MyLog] INFO  [2014-09-01 14:54:55]  哈尔滨“被核电”事件始末 http://t.cn/RPHUIh1
110 [ict.vmojing.v11.utils.MyLog] INFO  [2014-09-01 14:54:55]  俄罗斯核电集团或在哈尔滨建核电站，来源：俄罗斯之声 http://t.cn/RPTKZnv
111 [ict.vmojing.v11.utils.MyLog] INFO  [2014-09-01 14:54:55]  #哈尔滨建设核电站#反对。首先，哈尔滨人口密集不适宜建设核电站，放射性物质如释放到外界环境，会对生态及民众造成伤害。其次，应该在电力供应短缺的地区发展核电，以确保电力资源的有效利用。http://t.cn/RPOyWw9
111 [ict.vmojing.v11.utils.MyLog] INFO  [2014-09-01 14:54:55]  【中俄或在哈尔滨合建核电站 本地股受关注（附股）】　　据俄24小时新闻频道报道，俄国家原子能集团公司投资部总经理萨哈罗夫近日表示，该公司正在研究中方关于拟在哈尔滨建设两台核电机组的提议，并计划于近期派…… http://t.cn/RPTo65I (分享自@新浪股吧)
111 [ict.vmojing.v11.utils.MyLog] INFO  [2014-09-01 14:54:55]  【三冗余控制器在核电汽轮机保护系统中的应用】  1. 引言 田湾核电三号机组是哈尔滨汽轮机厂生产的1000MW汽轮机，对汽轮机保护系统(ETS)有着最高等级的安全、精度和控制速度要求，例如要求系统控制周期在20ms以内等。Woodward Inc.公司的三冗余控制系统Mi ... 
112 [ict.vmojing.v11.utils.MyLog] INFO  [2014-09-01 14:54:55]  【传俄罗斯拟在哈建核电站 省发改委辟谣没这事】一则“俄国家原子能集团公司考虑在哈尔滨建设核电站”的消息开始在网络上流传。俄国家原子能集团公司投资部总经理萨哈罗夫表示，该公司正在研究中方关于拟在哈尔滨建设两台核电机组的建议，并计划于近期派专家组赴华进行实地考察。http://t.cn/RPTLgU6
112 [ict.vmojing.v11.utils.MyLog] INFO  [2014-09-01 14:54:55]  【官方辟谣俄拟在哈市建核电站报道】#国内新闻#8月7日，俄罗斯媒体报道称，“俄国家原子能集团公司投资部总经理萨哈罗夫表示，该公司正在研究中方关于拟在哈尔滨建设两台核电机组的建议，并计划于近期派专家组赴华进行实地考察。”对此，黑龙江省发改委回应称，
112 [ict.vmojing.v11.utils.MyLog] INFO  [2014-09-01 14:54:55]  “哈尔滨核电乌龙事件”始末｜今日辟谣   我也支持核电，不过就哈尔滨事件来看，刨除由于缺乏专业知识了解造成的恐惧外，如消除担忧，最好的办法就是声明北京或上海将要建造核电站解决能源短缺和雾霾问题，这样，全国人民都信了——绝对安全，比专家说什么都强，哈哈哈[嘻嘻][哈哈]
113 [ict.vmojing.v11.utils.MyLog] INFO  [2014-09-01 14:54:55]  《“哈尔滨核电乌龙事件”始末》 ：“当事人发表不负责任的言论——俄媒报道——商务部官网误读——大众媒体海量转发——形成社会热点——当事方无人辟谣——事件继续发酵”。其中，商务部官网误报是关键一环。 http://t.cn/RPTP2IN 
113 [ict.vmojing.v11.utils.MyLog] INFO  [2014-09-01 14:54:55]  @哈尔滨日报 辟谣 ▎哈尔滨“被核电”的谣言到底咋来的？http://t.cn/RPYkawM
113 [ict.vmojing.v11.utils.MyLog] INFO  [2014-09-01 14:54:55]  【地方政府辟谣俄罗斯在哈尔滨建核电站】近日，商务部网站援引俄24小时新闻频道消息称，俄国家原子能集团公司投资部正在研究中方关于拟在哈尔滨建设两台核电机组的提议。8月15日，黑龙江政府部门明确否认该消息，黑龙江自己窝电就很严重，怎么会引进新的核电站呢？http://t.cn/RPYjCKG
113 [ict.vmojing.v11.utils.MyLog] INFO  [2014-09-01 14:54:55]  【省发改委∶“俄罗斯拟在哈尔滨建核电站”系谣传】近日，一则“俄国家原子能集团公司考虑在哈尔滨建设核电站”的消息开始在网络上流传。消息称，据俄罗斯媒体报道，俄国家原子能集团公司正研究中方关于拟在哈尔滨建设两台核电机组的建议，并计划近期实地考察。省发改委回应称消息系谣传，并无此事。
114 [ict.vmojing.v11.utils.MyLog] INFO  [2014-09-01 14:54:55]  新闻传媒要有媒体职业道德和操行,国家要严查新闻行业腐败及美日汉奸传话筒！ 【地方辟谣俄在哈尔滨建核电】 http://t.cn/RPYBHNc @新浪新闻客户端
114 [ict.vmojing.v11.utils.MyLog] INFO  [2014-09-01 14:54:55]  就凭俄国佬的“丰富”的切尔诺贝利事故爆炸技术，就想在我哈尔滨建核电厂？@老徐时评                            分享网易新闻:「福岛事故或已致生物基因异常」 http://t.cn/RPYHm2W
114 [ict.vmojing.v11.utils.MyLog] INFO  [2014-09-01 14:54:55]  哈尔滨市民支持在北京上海建核电站！一是北京上海缺电二是领导和专家都说了非常安全三是军队的防空力量武装保护力量强大四是专家和领导都在北京和上海，所以好东西一定要建在这些整天说核电安全的领导和专家的附近这样才能让人信服，核电建设就不会有阻力了！ http://t.cn/z8Atboh
114 [ict.vmojing.v11.utils.MyLog] INFO  [2014-09-01 14:54:55]  【核电安全是大事，需要公开评估】【黑龙江回应“俄拟在哈尔滨建核电站”】对此，黑龙江省发改委回应称，对“俄罗斯拟在哈尔滨建核电站一事”并不知情，并表示哈尔滨不具备建核电站所需的客观条件（分享自 @凤凰网） http://t.cn/RPjeL9r 
115 [ict.vmojing.v11.utils.MyLog] INFO  [2014-09-01 14:54:55]  《“哈尔滨核电乌龙事件”始末》 来自新浪财经 意见领袖专栏，作者@朱可夫-。  （分享自 @新浪财经） ——————哈尔滨核电如果属实，无疑是埋下一颗定时炸弹。 http://t.cn/RPYyYRv 
115 [ict.vmojing.v11.utils.MyLog] INFO  [2014-09-01 14:54:55]  【“哈尔滨核电乌龙事件”始末】“当事人发表不负责任的言论――俄媒报道――商务部官网误读――大众媒体海量转发――形成社会热点――当事方无人辟谣――事件继续发酵”。其中，商务部官网误报是关键一环。8月11日，网络上流传俄罗斯原子能公司（ROSATOM）...#中国一重#http://t.cn/RPY28gv
115 [ict.vmojing.v11.utils.MyLog] INFO  [2014-09-01 14:54:55]  【黑龙江回应“俄拟在哈尔滨建核电站”：并无此事】黑龙江省发改委回应称，并不知情，并表示哈尔滨不具备建核电站所需的客观条件。2010年6月，华能黑龙江发电有限公司初步确定的厂址中，有三个在隶属于哈尔滨市的通河县、方正县；因受日本福岛核泄漏事故影响，核电项目遭冻结，再无下文。
115 [ict.vmojing.v11.utils.MyLog] INFO  [2014-09-01 14:54:55]  核电怎么供暖？ //分享网易新闻:「官方否认俄在哈尔滨建核电站」 http://t.cn/RPjDRfG @网易新闻客户端
116 [ict.vmojing.v11.utils.MyLog] INFO  [2014-09-01 14:54:55]  哈尔滨市民支持在北京、上海建核电站！一是北京、上海缺电；二是领导和专家都说了非常安全；三是军队的防空力量、武装保护力量强大；四是专家和领导都在北京和上海，所以好东西一定要建在这些整天说核电安全的领导和专家的附近这样才能让人信服核电建设就不会有阻力了领导和专家以身作则才有说服力
116 [ict.vmojing.v11.utils.MyLog] INFO  [2014-09-01 14:54:55]  哈尔滨市民支持在北京上海建核电站！一是北京、上海缺电；二是领导和专家都说了非常安全；三是军队的防空力量、武装保护力量强大；四是专家和领导都在北京和上海，所以好东西一定要建在这些整天说核电安全的领导和专家的附近，这样才能让人信服，核电建设就不会有阻力了，领导和专家以身作则才有说服力
116 [ict.vmojing.v11.utils.MyLog] INFO  [2014-09-01 14:54:55]  哈尔滨市民支持在北京上海建核电站！一是北京、上海缺电；二是领导和专家都说了非常安全；三是军队的防空力量、武装保护力量强大；四是专家和领导都在北京和上海，所以好东西一定要建在这些整天说核电安全的领导和专家的附近，这样才能让人信服，核电建设就不会有阻力了！领导和专家以身作则才有说服力
116 [ict.vmojing.v11.utils.MyLog] INFO  [2014-09-01 14:54:55]  #哈尔滨建设核电站#赞成。核电是高效和清洁能源，安全前提下可减少哈尔滨雾霾天。 http://t.cn/RPOyWw9
117 [ict.vmojing.v11.utils.MyLog] INFO  [2014-09-01 14:54:55]  哈尔滨市民支持在北京、上海建核电站！一是北京、上海缺电；二是领导和专家都说了非常安全；三是军队的防空力量、武装保护力量强大；四是专家和领导都在北京和上海，所以好东西一定要建在这些整天说核电安全的领导和专家的附近，这样才能让人信服，领导和专家以身作则才有说服力！同意的转起！
117 [ict.vmojing.v11.utils.MyLog] INFO  [2014-09-01 14:54:55]  哈尔滨核电乌龙事件 http://t.cn/RPjZNYT
117 [ict.vmojing.v11.utils.MyLog] INFO  [2014-09-01 14:54:55]  哈尔滨市民支持在北京、上海建核电站！一是北京、上海缺电；二是领导和专家都说了非常安全；三是军队的防空力量、武装保护力量强大；四是专家和领导都在北京和上海，所以好东西一定要建在这些整天说核电安全的领导和专家的附近 http://t.cn/RPjyDI9
117 [ict.vmojing.v11.utils.MyLog] INFO  [2014-09-01 14:54:55]  哈尔滨市民支持在北京上海建核电站！一是北京、上海缺电；二是领导和专家都说了非常安全；三是军队的防空力量、武装保护力量强大；四是专家和领导都在北京和上海，所以好东西一定要建在这些整天说核电安全的领导和专家的附近，这样才能让人信服，核电建设就不会有阻力了！领导和专家以身作则才有说服力
118 [ict.vmojing.v11.utils.MyLog] INFO  [2014-09-01 14:54:55]  哈尔滨市民支持在北京、上海建核电站！一是北京、上海缺电；二是领导和专家都说了非常安全；三是军队的防空力量、武装保护力量强大；四是专家和领导都在北京和上海，所以好东西一定要建在这些整天说核电安全的领导和专家的附近，这样才能让人信服，核电建设就不会有阻力了！ http://t.cn/RPjw4O7
118 [ict.vmojing.v11.utils.MyLog] INFO  [2014-09-01 14:54:55]  哈尔滨市民支持在北京上海建核电站！一是北京上海缺电；二是领导和专家都说了非常安全；三是军队的防空力量武装保护力量强大；四是专家和领导都在北京和上海，所以好东西一定要建在这些整天说核电安全的领导和专家的附近，核电建设就不会有阻力了！领导和专家以身作则才有说服力。 http://t.cn/RPjZQFR
118 [ict.vmojing.v11.utils.MyLog] INFO  [2014-09-01 14:54:55]  哈尔滨市民支持在北京、上海建核电站！一是北京上海缺电；二是领导和专家都说了非常安全；三是军队的防空力量、武装保护力量强大；四是专家和领导都在北京和上海，所以好东西一定要建在这些整天说核电安全的领导和专家的附近，这样才能让人信服，核电建设就不会有阻力了！领导和专家以身作则才有说服力
119 [ict.vmojing.v11.utils.MyLog] INFO  [2014-09-01 14:54:55]  哈尔滨市民支持在北京、上海建核电站！一是北京、上海缺电；二是领导和专家都说了非常安全；三是军队的防空力量、武装保护力量强大；四是专家和领导都在北京和上海，所以好东西一定要建在整天说核电安全的领导和专家的附近，这样才能让人信服，核电建设就不会有阻力了！领导和专家以身作则才有说服力！
119 [ict.vmojing.v11.utils.MyLog] INFO  [2014-09-01 14:54:55]  哈尔滨市民支持在北京、上海建核电站! 一是北京、上海缺电; 二是领导和专家都说了非常安全; 三是军队的防空力量、武装保护力量强大; 四是专家和领导都在北京和上海,所以好东西一定要建在这些整天说核电安全的领导和专家的附近,这样才能让人信服,核电建设就不会有阻力了!领导和专家以身作则才有说服力！
119 [ict.vmojing.v11.utils.MyLog] INFO  [2014-09-01 14:54:55]  哈尔滨市民支持在北京、上海建核电站！一是北京、上海缺电；二是领导和专家都说了非常安全；三是军队的防空力量、武装保护力量强大；四是专家和领导都在北京和上海，所以好东西一定要建在这些整天说核电安全的领导和专家的附近，这样才能让人信服，核电建设就不会有阻力了！领导和专家们考虑一下！
120 [ict.vmojing.v11.utils.MyLog] INFO  [2014-09-01 14:54:55]  哈尔滨市民支持在北京上海建核电站！一是北京、上海缺电；二是领导和专家都说了非常安全；三是军队的防空力量、武装保护力量强大；所以好东西一定要建在这些整天说核电安全的领导和专家的附近，这样才能让人信服，核电建设就不会有阻力了！领导和专家以身作则才有说服力 同意的转 http://t.cn/RPlDlRJ
120 [ict.vmojing.v11.utils.MyLog] INFO  [2014-09-01 14:54:55]  #哈尔滨建设核电站#赞成。核电是高效和清洁能源，安全前提下可减少哈尔滨雾霾天。 http://t.cn/RPOyWw9
120 [ict.vmojing.v11.utils.MyLog] INFO  [2014-09-01 14:54:55]  哈尔滨市民支持在北京、上海建核电站！一是北京、上海缺电；二是领导和专家都说了非常安全；三是军队的防空力量、武装保护力量强大；四是专家和领导都在北京和上海，所以好东西一定要建在这些整天说核电安全的领导和专家的附近，这样才能让人信服。 http://t.cn/z8AGYxy
121 [ict.vmojing.v11.utils.MyLog] INFO  [2014-09-01 14:54:55]  哈尔滨市民支持在北京上海建核电站！一是北京上海缺电二是领导和专家都说了非常安全三是军队的防空力量、武装保护力量强大四是专家和领导都在北京和上海，所以好东西一定要建在这些整天说核电安全的领导和专家的附近，这样才能让人信服，核电建设就不会有阻力了！领导和专家以身作则才有说服力！
121 [ict.vmojing.v11.utils.MyLog] INFO  [2014-09-01 14:54:55]  #光明时评#【哈尔滨核电机组选用应多思而后决】在核电机组选用上多思后决，是对国家负责、对国民负责的起码要求。哈尔滨附近建设核电站，其安全系数要求须远高于现处乌克兰境内的切尔诺贝利核电站。毕竟后者附近地广人稀，“稀释”了当年核灾难的危害后果。http://t.cn/RPWA7hp @光明网评论员文章
121 [ict.vmojing.v11.utils.MyLog] INFO  [2014-09-01 14:54:55]  哈尔滨市民支持在北京、上海建核电站！一是北京、上海缺电；二是领导和专家都说了非常安全；三是军队的防空力量、武装保护力量强大；四是专家和领导都在北京和上海，所以好东西一定要建在这些整天说核电安全的领导和专家的附近，这样才能让人信服，核电建设就不会有阻力！领导专家以身作则才有说服力！
122 [ict.vmojing.v11.utils.MyLog] INFO  [2014-09-01 14:54:55]  哈尔滨市民支持在北京、上海建核电站！一是北京、上海缺电；二是领导和专家都说非常安全；三是军队的防空力量、武装保护力量强大；四是专家和领导都在北京和上海，所以好东西一定要建在这些整天说核电安全的领导和专家的附近，这样才能让人信服，核电建设就不会有阻力了！领导和专家以身作则才有说服力
123 [ict.vmojing.v11.utils.MyLog] INFO  [2014-09-01 14:54:55]  哈尔滨市民支持在北京、上海建核电站！一是北京上海缺电；二是领导和专家都说了非常安全；三是军队防空力量、武装保护力量强大；四是专家和领导在北京和上海，所以好东西一定要建在这些整天说核电安全的领导和专家的附近，才能让人信服，核电建设就不会有阻力了！领导和专家以身作则才有说服力！
124 [ict.vmojing.v11.utils.MyLog] INFO  [2014-09-01 14:54:55]  评论：核电没有绝对安全的神话 http://t.cn/RPlTHtt 有消息传出中俄有意合作在哈尔滨建核电站，尽管12日国内有关部门予以否认，但也引发舆论讨论。因为前不久也有中国内陆开闸核电项目的新闻。笔者以为，中国内陆要上马核电项目，应多吸取日本福岛核事故的教训。
124 [ict.vmojing.v11.utils.MyLog] INFO  [2014-09-01 14:54:55]  #哈尔滨建设核电站#赞成。核电是高效和清洁能源，安全前提下可减少哈尔滨雾霾天。 http://t.cn/RPOyWw9
124 [ict.vmojing.v11.utils.MyLog] INFO  [2014-09-01 14:54:55]  发表了博文《中国版的“切尔诺贝利”事件会在哈尔滨重现吗?》中国商务部网站11日援引俄24小时新闻频道消息称，俄国家原子能集团公司投资部正在研究中方关于拟在哈尔滨建设两台核电机组的提议。这一提议多么的邪http://t.cn/RPljqvm
125 [ict.vmojing.v11.utils.MyLog] INFO  [2014-09-01 14:54:55]  评论@花间独醉-抵制吃猫狗肉的博文【坚决抵制俄罗斯在哈尔滨建核电站！】："“该公司正在研究关于中方拟在哈尔滨建设两台核电机组的提议”，看好这句话，TNND，怎么不在俄罗斯建设呢？坚决反对这个项目，我的家乡绝对不能成为第二个切尔诺贝利。。..."查看原文：http://t.cn/RPOKgji
125 [ict.vmojing.v11.utils.MyLog] INFO  [2014-09-01 14:54:55]  哈尔滨市民支持在北京、上海建核电站！一是北京、上海缺电；二是领导和专家都说了非常安全；三是军队的防空力量、武装保护力量强大；四是专家和领导都在北京和上海，所以好东西一定要建在这些整天说核电安全的领导和专家的附近，这样才能让人信服，核电建设就不会有阻力了！   http://t.cn/z8LLJOr
126 [ict.vmojing.v11.utils.MyLog] INFO  [2014-09-01 14:54:55]  哈尔滨电气集团佳木斯电机股份有限公司控股子公司佳木斯电机股份有限公司是高温气冷堆主氦风机项目的总包单位。近日，主氦风机试验样机在上海完成100小时热态满功率连续运行考验，这是高温气冷堆先进核电技术研发中的主要技术难关，标志着我国在先进核能核心装备技术上自主创新的重大突破
129 [ict.vmojing.v11.utils.MyLog] INFO  [2014-09-01 14:54:55]  【评论：核电没有绝对安全的神话】 有消息传出中俄有意合作在哈尔滨建核电站,尽管12日国内有关部门予以否认,但也引发舆论讨论。因为前不久也有中国内陆开闸核电项目的新闻。http://t.cn/RPlqwKm
129 [ict.vmojing.v11.utils.MyLog] INFO  [2014-09-01 14:54:55]  #我有话说#【如果俄罗斯考虑在哈尔滨建设核电站】 要慎用核电 http://t.cn/RP0doqa  
129 [ict.vmojing.v11.utils.MyLog] INFO  [2014-09-01 14:54:55]  【评论：核电没有绝对安全的神话】 有消息传出中俄有意合作在哈尔滨建核电站,尽管12日国内有关部门予以否认,但也引发舆论讨论。因为前不久也有中国内陆开闸核电项目的新闻。http://t.cn/RPlqwKm
130 [ict.vmojing.v11.utils.MyLog] INFO  [2014-09-01 14:54:55]  【评论：核电没有绝对安全的神话】有消息传出中俄有意合作在哈尔滨建核电站,尽管12日国内有关部门予以否认,但也引发舆论讨论。因为前不久也有中国内陆开闸核电项目的新闻。笔者以为,中国内陆要上马核电项目,应多吸取日本福岛核事故的教训。福岛核事故原本是已有先兆的危机,。http://t.cn/RPlqwKm
130 [ict.vmojing.v11.utils.MyLog] INFO  [2014-09-01 14:54:55]  中广核项目合同签约仪式在第一重型机械集团举行  - 8月7日秋风送爽，更是收获的日子。7日下午，中广核项目合同签约仪式在一重宾馆隆重举行。中广核工程有限公司、咸宁核电有限公司、东方电气股份有限公司、上海电气重工集团、哈尔滨电机厂有限责任公司和中国一重股..   http://t.cn/RPl28Nd
130 [ict.vmojing.v11.utils.MyLog] INFO  [2014-09-01 14:54:55]  哈尔滨核电机组选用应多思而后决 许多媒体注意到，商务部网站在8月11日援引俄罗斯24小时新闻频道的消息称，俄国家原子能集团公司投资部总经理表示，该公司正在研究中方关于拟在哈尔滨建设两台核电机组的提议，并计划于近期派专家组赴华进行实地考察。(0)--从光明网分享 http://t.cn/RPlweMJ 
131 [ict.vmojing.v11.utils.MyLog] INFO  [2014-09-01 14:54:55]  回复@123wo对博文【坚决抵制俄罗斯在哈尔滨建核电站！】的评论："网上怀疑是华能电力！中国要是同意了，最后的粮仓就完了！南边游三峡大坝、北边核电，这是要王国的节奏！"查看原文：http://t.cn/RPOKgji
131 [ict.vmojing.v11.utils.MyLog] INFO  [2014-09-01 14:54:55]  #哈尔滨建设核电站# 我了解核电，环保，安全！同意 详情:http://t.cn/RP0CwZ7
133 [ict.vmojing.v11.utils.MyLog] INFO  [2014-09-01 14:54:55]  map object id :{怀=-1, 态=-1, 、=-1, 要王国=-1, 。=-8, 适=-1, 应该在=-1, 次，=-1, 公司=-1, 坚决反=-1, 个项目=-1, 又立=-1, #反=-1, 缺的地=-1, 『=-3, 怎=-1, 』=-1, 【=-2, 】=-2, 始末』=-1, 怒=-1, ，应该=-1, 研=-1, 集不=-1, 利用=-1, 房店红=-1, 会对=-1, 这句话=-1, 俄罗=-3, “=-3, 网资=-1, ”=-3,  =-4, 造=-1, 中国要=-1, "=-4, #=-4, wo对=-1, 拟在=-1, 站！】=-2, 性=-1, “哈=-1, -抵=-1, 正在=-1, 上怀疑=-1, -=-1, .=-11, 谣。=-1, ！】：=-1, /=-24, 1=-2, 能电力=-1, 2=-1, 3=-2, 4=-1, 河二=-1, 声息，=-1, 核=-14, 9=-1, 了！南=-1, :=-8, 电力资=-1, 始末 =-1, 血=-1, @=-2, 每个人=-1, D=-1, 哈尔=-12, 。。=-1, H=-1, I=-1, K=-3, L=-2, 对生=-1, N=-3, O=-3, 组的=-1, P=-8, 事件始=-1, Q=-2, R=-8, 今日=-1, 道=-1, T=-2, U=-1, UIh=-1, W=-1, Y=-1, Z=-1, [=-2, ]=-2, 连瓦房=-1, 核污染=-1, 连这座=-1, 其次=-1, 节奏！=-1, c=-8, 辽宁大=-1, 站#=-1, g=-4, 评论=-3, h=-9, i=-2, 。.=-1, 力供=-1, j=-3, k=-1, "网上=-1, 闻：=-1, 峡大=-1, n=-8, 望获批=-1, 确=-1, o=-2, 息=-1, p=-8, 衰=-1, 。核=-1, 决反=-1, 诺贝=-1, s=-1, t=-24, u=-1, 辟谣=-1, 建核=-2, 设呢=-1, 前天=-1, w=-2, x=-1, 电，=-2, 提议”=-1, y=-1, 项=-1, z=-1, 核电乌=-3, 斯建设=-1, 在电力=-1, gok=-1, 境=-1, 如释=-1, 深[=-1, 制吃=-1, 肉=-1, 意味什=-1, 首先，=-1, 文【坚=-2, 第二个=-1, 害深=-1, 】的=-1, 地重=-1, ！】的=-1, 狗肉=-1, 沿河二=-1, 。h=-1, 能成=-1, 完了！=-1, 味什=-1, 被=-1, 电机=-1, 议”，=-1, ."查=-1, 绝对=-1, 点=-1, 深[衰=-1, 贝利=-1, 拟在哈=-1, 水白=-1, 么不=-1, 风=-1, 网上=-1, 连瓦=-1, 复@=-1, HUI=-1, 立刻=-1, 力资源=-1, 讯今=-1, 热=-3, 第二=-1, 声=-1, 复@1=-1, ：哈=-1, 保电=-1, 滨人口=-1, 都=-1, 能=-2, 研究关=-1, [愤怒=-1, 件始末=-1, #哈=-2, 伤害=-1, 博文【=-2, 斯在哈=-2, 是要王=-1, 于中方=-1, 道，=-1, 的有=-1, HU=-1, 查看原=-2, 复=-1, 就完了=-1, 意=-2, 白血病=-1, 建又立=-1, 个切=-1, 外=-1, 【坚决=-2, ，应=-1, 二个=-1, 立刻辟=-1, .cn=-8, 对生态=-1, jZN=-1, 三峡大=-1, 的地=-1, 愤=-1, 同意了=-1, cn/=-8, 启核电=-1, 下水白=-1, 大=-3, 天=-1, 设呢？=-1, ！】=-2, 】：=-1, 了！=-1, 粮仓就=-1, 水白血=-1, 。首先=-1, 核辐射=-1, 罗斯=-3, yWw=-1, 有望=-1, 天放=-1, 是要=-1, tp:=-8, Ih=-1, 对不=-1, 滨建设=-2, 核电申=-1, ，以=-1, ][愤=-1, 滨核电=-3, 先=-1, K4=-1, 有望获=-1, 质如=-1, 【坚=-2, 了，=-1, 话，T=-1, 奏=-1, 滨“被=-1, 醉-抵=-1, 哈尔滨=-10, 于中=-1, ，我的=-1, ，放射=-1, 楚=-1, 滨建又=-1, ！"=-1, ，看=-1, 这个=-1, 家乡=-1, 回复@=-1, 这是=-1, t.c=-8, 机组的=-1, o对=-1, ，最=-1, 日报=-1, 公=-1, 白血=-1, 站#反=-1, 坚决抵=-2, 国的节=-1, 关=-1, 花间=-1, 其=-1, Kg=-2, 好=-1, PjZ=-1, 要=-2, 如=-1, 供应短=-1, 内=-1, 电”=-1, 这座城=-1, 人都=-1, 醉=-1, 及民=-1, 狗肉的=-1, ，内地=-1, ，会=-1, 首=-1, 疑是华=-1, 游三峡=-1, 保电力=-1, Lg=-2, 件始=-1, 究关于=-1, 说在=-1, 站，放=-1, 建设呢=-1, QLg=-2, 质如释=-1, 为第二=-1, xzs=-1, 道，内=-1, 么每个=-1, 。其=-1, @花间=-1, 决=-3, 座城市=-1, ND=-1, ，地=-1, 北边核=-1, NN=-1, 事件=-4, 宜建设=-1, ！南边=-1, 反对=-2, 释=-1, 始=-2, 『“=-2, NY=-1, 重=-1, 。首=-1, 提议=-1, 释放到=-1, 会对生=-1, OK=-2, 国要是=-1, 资源=-1, 申批，=-1, 启核=-1, 凤=-3, 楚。=-1, D，怎=-1, 伤害。=-1, “哈尔=-1, 凰=-1, ttp=-8, ，以确=-1, PH=-1, 源的=-1, 这座=-1, PO=-3, 地区=-1, 龙事=-3, PQ=-2, 中方拟=-1, 切=-1, ”事=-1, Oy=-1, OKg=-2, 衰][=-1, 成=-2, LgK=-1, 我=-1, 瓦房=-1, 能成为=-1, 害深[=-1, 二期=-1, Pj=-1, QL=-2, 设核电=-2, 外界环=-1, Pu=-1, 方拟在=-1, 利=-2, 毒害=-1, ，辽=-1, 国要=-1, 到=-1, Lgo=-1, 制=-3, 该公=-1, 设两=-1, 源的有=-1, 刻=-1, 要王=-1, 』h=-1, RP=-8, 议”=-1, 房=-1, 对这个=-1, 报道=-1, 台核=-1, 两台=-1, 前=-1, 王国的=-1, 红沿=-1, ，这=-1, 供应=-1, 核电”=-1, 地区发=-1, 23w=-1, 射无=-1, 首先=-1, .."=-1, 物=-1, 。核污=-1, 尔诺=-1, ...=-1, @花=-1, 用。h=-1, 究=-1, 批=-2, 电力！=-1, TN=-1, 组的提=-1, 味什么=-1, 众造成=-1, 文：=-2, 怒]=-1, 尔滨人=-1, 利用。=-1, 节=-1, ”，=-1, 。前=-1, 电站，=-1, UI=-1, 力=-3, 集不适=-1, ，怎=-1, 害。=-1, 报=-1, 台核电=-1, 在哈=-4, /RP=-8, 发展=-1, Pu3=-1, 疑是=-1, 花=-1, 论：=-1, 不在=-1, 抵=-3, 环境=-1, 最后的=-1, 仓就完=-1, 乌龙=-3, 染核=-1, 立=-1, ，最后=-1, 峡大坝=-1, 对。首=-1, 无声息=-1, ，T=-1, 狗=-1, 站=-4, 拟=-1, 店红=-1, 效利用=-1, 切尔=-1, 独=-1, 华能电=-1, 要是同=-1, n/R=-8, 利。=-1, 是华=-1, ！中国=-1, 电站！=-2, Ww=-1, 清楚。=-1, 在电=-1, 对这=-1, 原文：=-2, 北=-1, YT=-1, 大坝=-1, ”始末=-1, 次=-1, 对。=-1, 放到外=-1, 核污=-1, 密集不=-1, 关于中=-1, 放风说=-1, 猫=-1, 第=-1, 末』h=-1, ：哈尔=-1, ，地下=-1, ？坚决=-1, 、北=-1, 性物质=-1, ZN=-1, 的博文=-1, 成为第=-1, 核电，=-2, 区=-1, 上怀=-1, 射性物=-1, 污染核=-1, 市意=-1, 核电机=-1, 华=-1, 发展核=-1, 南=-1, 博=-2, 放风=-1, 在研究=-1, 边核电=-1, 病毒害=-1, 愤怒=-1, 正=-1, 环境，=-1, 文【=-2, "查看=-2, 间独=-1, 凰网=-1, 。对大=-1, "网=-1, 关于=-1, 射无声=-1, 力供应=-1, 辽宁=-1, [衰=-1, 日报道=-1, 电机组=-1, 抵制吃=-1, 宁=-1, 决反对=-1, 王=-1, 说在哈=-1, 完=-1, 不适宜=-1, [衰]=-1, 大连=-2, 都清楚=-1, 宜=-1, ][=-1, 不适=-1, 原=-2, 网上怀=-1, p:/=-8, #哈尔=-1, ZNY=-1, 口密集=-1, 申批=-1, 论："=-1, 连这=-1, 市意味=-1, 该在电=-1, 议=-1, 讯=-1, 环=-1, 家乡绝=-1, 是同=-1, 害=-2, 家=-1, 获=-1, 宁大连=-1, 论=-2, 设=-4, 奏！"=-1, 新闻：=-1, 批，=-1, 评=-4, 期有=-1, 密=-1, 又=-1, 能电=-1, 怀疑是=-1, 及=-1, “该公=-1, 密集=-1, 适宜=-1, 查看=-2, 反=-2, 每=-1, 提=-1, 又立刻=-1, 发=-1, 毒=-1, 应短=-1, 建设两=-1, 论@=-1, 愤怒]=-1, 息，地=-1, 看好=-1, 话=-1, 态及=-1, 口=-1, 众造=-1, 意了，=-1, 该=-2, 句=-1, ，内=-1, 放射性=-1, 地下水=-1, 乡绝对=-1, 核电=-12, 台=-1, gK4=-1, 说=-1, 清楚=-1, 司=-1, 对=-6, 诺=-1, 批，辽=-1, 、北边=-1, 『“哈=-1, 个人都=-1, 尔滨核=-3, 吃=-1, "查=-2, 射=-2, ？坚=-1, 建又=-1, 建设=-4, 电力=-3, 好这句=-1, “被=-1, 同=-1, 后=-1, 民=-1, ，看好=-1, 重启=-1, 网资讯=-1, 独醉=-1, 尔=-11, 花间独=-1, ND，=-1, 资源的=-1, 点新=-1, 到外界=-1, 红沿河=-1, 怎么不=-1, 谣=-1, 在哈尔=-4, 确保电=-1, [愤=-1, 设核=-2, 启=-1, 尔滨“=-1, 。对=-1, 就=-1, 水=-1, 房店=-1, 对大连=-1, 的评论=-1, 每个=-1, 句话，=-1, 诺贝利=-1, 境，会=-1, 态及民=-1, 。ht=-1, "“=-1, 为第=-1, 后的=-1, 物质如=-1, 制俄=-2, 对大=-1,  h=-4, 适宜建=-1, 口密=-1, 电站=-4, 方拟=-1, 坝、=-1, 是华能=-1, 展=-1, ："=-2, 人口=-1, 污=-1, 呢=-1, 乌龙事=-3, ！南=-1, 在俄罗=-1, cn=-8, 的节=-1, 热点新=-1, 息，=-1, 完了=-1, 味=-1, 什么每=-1, 凤凰=-2, 生态及=-1, ：h=-2, 句话=-1, 乡绝=-1, 件 h=-2, 评论@=-1, 电，以=-1, 不能=-1, ，我=-1, 设两台=-1, 今日报=-1, 批。=-1, 的粮仓=-1, 释放=-1, 该公司=-1, 射性=-1, 粮=-1, 河=-1, 都清=-1, 放到=-1, 沿=-1, ，辽宁=-1, 抵制俄=-2, gK=-1, 界环境=-1, 哈=-14, h1=-1, 滨建核=-2, 】："=-1, 刻辟=-1, 地下=-1, 如释放=-1, 王国=-1, 滨人=-1, 要是=-1, 峡=-1, 短缺=-1, 血病毒=-1, gj=-2, 这是要=-1, 瓦=-1, go=-1, htt=-8, 到外=-1, 研究=-1, 楚。前=-1, 风说=-1, 染核辐=-1, 被核=-1, 制吃猫=-1, 前天放=-1, 猫狗=-1, 最后=-1, 吃猫狗=-1, 建核电=-2, 批。对=-1, ht=-8, 正在研=-1, 利。。=-1, TNN=-1, 罗斯在=-2, 造成伤=-1, 贝=-1, 期有望=-1, 滨建=-5, 生=-1, 确保=-1, #反对=-1, 中方=-1, 质=-1, 用=-1, 罗斯建=-1, 的有效=-1, 民众=-1,  ht=-4, 末 h=-1, jZ=-1, 申=-1, 电=-15, 绝对不=-1, Ww9=-1, ，TN=-1, 放=-3, 其次，=-1, ji=-2, 尔滨建=-5, 猫狗肉=-1, 龙事件=-3, 资=-2, 不在俄=-1, 意味=-1, 效=-1, ”始=-1, 风说在=-1, 界=-1, 大连瓦=-1, 人口密=-1, 】的评=-1, 的博=-1, PHU=-1, 的节奏=-1, 尔滨=-10, 热点=-2, 博文=-2, 点新闻=-1, 就完=-1, 声息=-1, 凤凰网=-1, 是同意=-1, ！"查=-1, n/=-8, 文=-4, 项目=-1, 边游=-1, 疑=-1, 坚决=-3, 血病=-1, 在俄=-1, 电力供=-1, 电站#=-1, 二个切=-1, 怀疑=-1, 论@花=-1, 斯=-3, 新=-1, 获批=-1, 究关=-1, ."=-1, 方=-1, 的家=-1, ..=-2, 建设核=-2, 的提=-1, 原文=-2, 病=-1, 文：h=-2, p:=-8, RPH=-1, 宁大=-1, 谣。核=-1, 的评=-1, RPO=-3, 目，=-1, RPQ=-2, 个人=-1, u3x=-1, 人都清=-1, ok=-1, 内地重=-1, //=-8, 无=-1, 造成=-1, 日=-1, 回复=-2, 在研=-1, 公司正=-1, 效利=-1, RPj=-1, 』ht=-1, 深=-1, 间=-1, .c=-8, RPu=-1, 。..=-1, 好这=-1, 制俄罗=-2, 害。其=-1, 看原=-2, 闻=-1, 衰]=-1, 市=-1, /R=-8, 力资=-1, 清=-1, 三=-1, 上=-1, 下=-1, 座城=-1, 不=-3, ：ht=-2, 区发展=-1, 尔诺贝=-1, 坝、北=-1, 12=-1, 以确=-1, 两=-1, /t=-8, 民众造=-1, 成为=-1, 个=-3, ”事件=-1, 决抵制=-2, 么不在=-1, 中=-2, 抵制=-3, POK=-2, 目，我=-1, 是=-3, 辟谣。=-1, 123=-1, 游=-1, 滨“=-1, t.=-8, 为=-1, 内地=-1, 23=-1, 大连这=-1, 两台核=-1, 对博文=-1, 店红沿=-1, 新闻=-1, 末』=-1, 么=-2, 的地区=-1, 3wo=-1, 乌=-3, ，这是=-1, 毒害深=-1, 核辐=-1, 次，应=-1, 末 =-1, 重启核=-1, POy=-1, 讯今日=-1, 项目，=-1, 滨核=-3, 电申批=-1, 瓦房店=-1, u3=-1, 乡=-1, 司正=-1, @12=-1, 边游三=-1, 辐射=-1, 二期有=-1, 成伤害=-1, PQL=-2, 地重启=-1, 4 =-1, 肉的博=-1, Kgj=-2, 独醉-=-1, 力！中=-1, 后的粮=-1, 3xz=-1, 展核电=-1, 中国=-1, 闻：哈=-1, tp=-8, 南边游=-1, 白=-1, tt=-8, “被核=-1, 事件”=-1, 的=-8, 事件 =-2, 缺的=-1, NND=-1, 了=-2, 展核=-1, 同意=-1, 放射=-1, 对博=-1, 事=-4, 二=-2, 么每=-1, 于=-1, 电申=-1, 源=-1, //t=-8, 应=-2, 店=-1, 刻辟谣=-1, 我的=-1, 红=-1, w9=-1, 病毒=-1, 3w=-1, 的粮=-1, 3x=-1, 呢？坚=-1, 座=-1, /t.=-8, 的提议=-1, 不能成=-1, 人=-2, 什=-1, 组=-1, 集=-1, 机组=-1, 俄罗斯=-3, 今=-1, 始末=-2, ”，看=-1, 反对这=-1, 生态=-1, 贝利。=-1, 城市意=-1, 先，=-1, Ih1=-1, 仓=-1, 宜建=-1, wo=-1, 游三=-1, 绝=-1, 话，=-1, 回=-3, 境，=-1, 以=-1, 短缺的=-1, 滨=-10, 目=-1, "“该=-1, 大坝、=-1, 反对。=-1, 件=-4, 呢？=-1, 建=-7, 资讯=-1, 外界=-1, 我的家=-1, 国=-2, yW=-1, 电乌龙=-3, 最=-1, ！=-5, xz=-1, -抵制=-1, 有=-2, 看=-3, 肉的=-1, ，=-14, 这个项=-1, 众=-1, 成伤=-1, ：=-5, 会=-1, 望=-1, 无声=-1, 资讯今=-1, 节奏=-1, 期=-1, ？=-1, ，哈=-1, 伤=-1, 有效利=-1, 斯建=-1, 的家乡=-1, 在=-7, 对不能=-1, 末=-2, 国的=-1, 性物=-1, 地=-3, :/=-8, 及民众=-1, zs=-1, 缺=-1, 机=-1, 了，最=-1, 这句=-1, o对博=-1, 凰网资=-1, 。前天=-1, 站！=-2, 南边=-1, D，=-1, “该=-1, 间独醉=-1, 网=-2, 有效=-1, 。其次=-1, ！中=-1, 。。.=-1, 斯在=-2, 司正在=-1, 罗=-3, 获批。=-1, 坚=-3, 意了=-1, 站，=-1, 坝=-1, 天放风=-1, 华能=-1, 决抵=-2, ："“=-1, 评论：=-1, 4 h=-1, 下水=-1, 什么=-1, 吃猫=-1, 个项=-1, 北边=-1, OyW=-1, 看好这=-1, 边核=-1, 辐=-1, ，哈尔=-1, 切尔诺=-1, 电，这=-1, 龙=-3, 奏！=-1, ://=-8, 供=-1, 辟=-1, 污染=-1, 河二期=-1, ，放=-1, 仓就=-1, ："网=-1, 个切尔=-1, 电乌=-3, 边=-2, 辽=-1, 电”事=-1, 俄=-3, 辐射无=-1, 力！=-1, 城=-1, ，怎么=-1, 物质=-1, 染=-1, 用。=-1, 先，哈=-1, 醉-=-1, 这=-4, 沿河=-1, 应该=-1, 看原文=-2, 保=-1, 区发=-1, 连=-2, 件 =-2, 以确保=-1, 查=-2, 被核电=-1, gji=-2, 件”始=-1, NYT=-1, 核电站=-4, 粮仓=-1, ，会对=-1, 短=-1, 界环=-1, 件”=-1, 望获=-1, 怎么=-1, @1=-1, 三峡=-1, 该在=-1, 应短缺=-1, K4 =-1, 报道，=-1, 城市=-1}
0   [ict.vmojing.v11.utils.MyLog] INFO  [2014-09-01 15:00:45]  1 #哈尔滨建设核电站# 我了解核电，环保，安全！同意 详情:http://t.cn/RP0CwZ7
0   [ict.vmojing.v11.utils.MyLog] INFO  [2014-09-01 15:01:18]  1 哈尔滨市民支持在北京、上海建核电站！一是北京、上海缺电；二是领导和专家都说了非常安全；三是军队的防空力量、武装保护力量强大；四是专家和领导都在北京和上海，所以好东西一定要建在这些整天说核电安全的领导和专家的附近，这样才能让人信服，核电建设就不会有阻力了！ http://t.cn/RPjw4O7
0   [ict.vmojing.v11.utils.MyLog] INFO  [2014-09-01 15:05:26]  -1 哈尔滨市民支持在北京、上海建核电站！一是北京、上海缺电；二是领导和专家都说了非常安全；三是军队的防空力量、武装保护力量强大；四是专家和领导都在北京和上海，所以好东西一定要建在这些整天说核电安全的领导和专家的附近，这样才能让人信服，核电建设就不会有阻力了！ http://t.cn/RPjw4O7
0   [ict.vmojing.v11.utils.MyLog] INFO  [2014-09-01 15:05:50]  1 发改委开反垄断最大罚单 12家日企被罚12.35亿2014-08-20 来源: 发改委网站 -------网易上海市手机网友 [乖狼0] 的原贴： 1 这是在帮助北极熊哥哥反制裁吗？----- 唉呀我艹 [网易浙江省手机网友]： 2014-08-20 10:36:18 发表 德国过后日本，接下来米帝……沙皇笑而不语，回头把哈尔滨核电的合同签了
0   [ict.vmojing.v11.utils.MyLog] INFO  [2014-09-01 15:12:26]  map object id :{正式=2, !!!=-3, 一下=3, 招待=1, ！哈哈=2, 时机=1, 诗意=1, 专家=2, 准备=2, 的万=-1, 愉快=2, 完成=2, 垃圾=-10, 我怎=-1, 计较=-2, 事故=-2, 复杂的=-1, 利用=-2, 就是=3, 香的=1, 有一=2, 开朗=1, 难看=-1, 喜爱=2, 舒适=1, 抽筋=-1, 一个=3, 完美的=2, 的是=2, 真正=1, 汶川=-2, 扑街=-1, 生日快乐=2, 灿烂=2, 战场=-1, 冷笑=-2, 天籁=1, 了一=2, 巨大=2, 的显=-1, 喉咙=-1, ！！=-3, 陌生=-2, 喜剧=2, 严重=-2, 好吃的=2, 点解=-2, 平衡=2, 特别的=2, 体贴=2, 打破=-1, 决定=2, 苦的=-1, 整齐=1, 真实=2, 正面=2, 伊春=-3, 幸运=1, 格外=-1, 寂寞=-2, 幸运的=2, 虚荣=-1, 满意的=1, 第一=3, 才能=2, 通用=1, 美丽=2, 赞成=1, 首位=1, 已造=-1, 慈悲=1, 批评=-2, 评论=2, 男人=3, 促进=2, 青海=-1, 问题=-2, 压力=-2, 我恨=-1, 没想=-2, 最佳=2, 学会=2, 报应=-2, 无良=-10, 很有=1, 说明=2, 悄悄=-2, 圆满=2, 温馨=2, 真诚=2, 自由=2, 巧妙=1, 真诚的=2, 好色=-2, 失去=-2, 专属=1, 舟曲=-3, 小狗=-1, 人性=-3, 不错=10, 商贩=-1, 围脖=2, 笨蛋=-1, 狂欢=2, 缺点=-2, 愉悦=1, 绝对=-1, 温柔的=1, 孝顺=1, 的人=3, 庆幸=1, 避免=2, ~~~=3, 肯定=2, 强烈=-2, 人遇=-2, 拥有=2, 难忘=1, 开心=3, 真理=2, 终于=1, 寂寞的=-2, 救援=-3, 同学=2, 电影=1, 邪恶的=-1, 适合的=1, 难过=-3, 犹豫=-2, 可以=3, 起来=2, 欢迎=2, 确定=2, 其实=2, 意思=2, 美人=2, 重大=1, 天哪=-1, 着急=-1, 迅速=1, 健康的=2, 愚人=-1, 有益=1, 荣耀=1, 时候=3, 的！=1, 合理=2, 诱人=1, 为快=1, 深情=2, 默哀=-3, 发动=-1, 深刻的=1, 顺利=2, 纯净=2, 确实=2, 不起=-2, 小区=-2, 猛烈=-1, 提高=2, 人肉=-3, 清晰=2, 承认=2, 的朋=1, 哈哈=3, 喜欢=10, 和谐=2, 透露=-2, 辜负=-1, 废话=-1, 流行的=1, 难者=-3, 不重要=-1, 坏事=-1, 情愿=1, 误会=-2, 优质=1, 赞助=1, 坏的=-1, 祈祷=-3, 美国=1, 强大=2, 有钱的=1, 一张=1, 方便=2, 有魅力=1, 注意=2, 下跌=-1, 挑战=-2, 隐藏=-1, 能力=2, 政府=-3, 了！=3, 值得拥有=1, 么了=-2, 哎呀=-2, 奇妙=1, 不喝=-10, 人被=-1, ！！！=-3, 神经=-2, 好笑=2, 高处=1, 坏人=-1, 人情=1, 重要=2, 还是=3, 祈福=-3, 不断=-2, 老大=-1, 天赋=1, 童鞋=1, 啊啊=-3, 天啊=-2, 不足=-2, 够了=-2, 何不=-1, 懒惰=-1, 假装=-2, 有权=1, 擅长=1, 承诺=1, 自己=3, 出名=2, 乐趣=2, 可靠=1, 直觉=1, 改革=2, 发指=-2, 致哀=-1, 有机=1, 美好的=2, 这个=3, 称赞=1, 有价值=1, 这帮=-1, 正确=2, 生动=2, 微博=3, 这是=3, 活着=2, 充分=2, 信用=2, 慢的=-1, 看看=2, 挑剔=-1, 创造=2, 容易=2, 花痴=-1, 现在=2, 疲惫=-1, 感人=-2, 完整的=1, 大方=2, 提升=2, 内牛=-3, 诅咒=-1, 想吃=-1, 任意=-1, 自主=1, 好学=2, 手艺=1, 成熟=2, 逝世=-1, 放弃=-2, 困扰=-1, 马的=-2, 重视=2, 高兴=2, 领先=1, 不清=-2, 友谊=2, 负担=-1, MD=-3, 麻烦=-2, 新奇=1, 亲切=2, 果断=1, 凉爽=1, 这么=2, 遵守=1, 大巴=-2, 泪奔=-2, 不明=-2, 不易=-1, 去世=-3, 细心=1, 201=2, 最重要的=2, 亲爱=2, ND=-1, 热情的=1, 有前途=1, 最重要=2, NN=-2, 陶醉=1, 在菲=-1, 事件=-3, 不为=-2, 羞涩=-1, 举行=2, 反对=-100, 战胜=2, 恐怕=-1, 菲律=-3, 恐怖=-3, 不是=3, 利益=2, 遗体=-2, 改进=1, 聪明的=2, 是我=3, 饿死=-1, 消除=1, 幻想=-2, 是怎样=-1, 道德=1, 达观=1, 吸引=2, 掌握=2, 足够=2, 资源=2, 么？=1, 关注=3, 危机=-2, 英雄=2, 错误=-2, 怜的=-3, 怎样=-2, 别人=2, 营养=2, 气死=-2, 退出=-1, 意外=-2, 肃舟=-2, 者祈=-1, 对付=-1, 的粉丝=1, 差别=-1, 那个=1, 糊涂=-2, 爱上=2, 无比=1, 跳楼=-1, 明显=2, 有点儿=-1, 傻子=-1, 世界=3, 无语=-2, 不幸=-2, 无可=-1, 达成=1, 可怜=-3, 太好了=2, 不买=-10, 打出=-1, 可怕=-2, 禁止=-1, 不平=-1, 尸体=-2, 那么=1, 柔软=1, 心酸=-3, 幸福=3, 走好=-3, 美丽的=2, 博爱=1, 古典=1, 失败=-2, 附近=-2, 还有=2, 无名=-1, 智慧=2, 过多=-1, 明白=2, 达到=2, 欲望=-2, 革命=2, 勇气=2, 高兴的=1, 家伙=-2, 岁的=-2, 吵架=-2, 好吃=10, 快乐的=2, 清澈=1, 命！=-1, 帮助=2, 明了=2, 娱乐=2, 当地=-2, 大的=1, 谨慎=2, 竟然=-3, 何以=-1, 一样=2, 专门=2, 地步=-1, 害羞=-2, 很棒=2, 悲哀=-2, 愚蠢=-1, 放心=2, 哀！=-2, 妓女=-1, 受欢迎=2, 当场=-2, 010=1, 必要=2, 烦躁=-1, 想哭=-2, 到了=2, 艰难=-2, 创意=1, 两名=-2, 知足=2, 光芒=1, 恶搞=-2, 的确=1, 死的=-2, 深刻=2, 不经=-2, 明亮=1, 奢侈=-1, 可恶=-3, 的朋友=1, 自在=2, 1岁=-1, 打扰=-1, 不以=-1, 最好=2, 灾区=-3, 疑问=-1, 廷骏=-1, 福利=2, 这张=1, TM=-3, 魔鬼=-1, 胜过=1, 不满=-1, 用力=-1, 爱的=3, 赞同=2, TT=-3, 哈哈哈=3, 成功=1, 抓狂=-2, 希望=2, ——=3, 爆发=-1, 享受=2, 笑死=1, 脾气=-2, 赚钱=2, 自杀=-2, 参与=1, 非常=1, 有效的=1, 死亡=-3, 矛盾=-1, 自然的=1, 感激=2, 医院=-3, 好笑的=1, 三轮=-2, 撞死=-1, 死人=-2, 需要=1, 新手=-1, 感染=-1, 很多=2, 老马=-2, 把握=2, 尖叫=-1, 精美=2, 热闹=2, 不会=1, 兴趣=2, 优雅=2, 爱人=2, 尊敬=1, 严谨=1, 独特的=1, 才华=2, 发展=2, 但愿=-1, 了~=1, 降低=-1, 具啊=-1, 粉丝=3, 得罪=-2, 搞笑=2, 给予=2, 开始=2, 唠叨=-1, 心爱=2, 恭喜=1, 讨好=1, 熟悉=2, 你是=1, 可惜=-2, 强拆=-2, 精心=2, 获得=2, 美梦=1, 生气=-2, 有点=1, 只要=1, 绝不=-2, 礼貌=1, 敌人=-2, 爱国=2, 死（=-1, 可能=1, 激动=-2, 英俊=1, 不住=-2, 掩饰=-1, 聪明=2, 通俗=1, 勤奋=1, 不知道=-2, 要求=-2, 全面=2, 流逝=-1, 辉煌=1, 超过=-2, 锻炼=2, 健康=2, 灾害=-2, 徘徊=-1, 无法=-2, 开玩笑=-1, 财富=2, 激励=1, 啊！=2, 疯狂=2, 很好=1, 真是=1, 通过=2, 满足=2, XX=-3, 随便=-2, 图片=3, 精选=2, 珍贵=2, 奉献=2, 过分=-1, 诱惑=-2, 失踪=-3, 默默=-2, 一脚=-2, 幼稚=-2, 嘲笑=-1, 诚实=2, 永恒=1, 罕见的=1, 何必=-1, 通知=2, 天真=2, 公开=2, 趣味=2, 不得=-2, 流行=2, 感恩=2, 作弊=-1, 自信=2, 士康=-3, 有意=-2, 坚强=-1, 穷人=-1, 真正的=2, 为舟=-1, 你的=3, 空虚=-1, ！我=1, 光荣=1, 生命=-2, 哈！=2, 信任=2, 免费的=1, 平等=2, 温暖的=2, 最爱=10, 潜伏=-2, 不知道的=-1, 恋爱=2, 真的=2, 畜生=-3, 挖掘=-1, 心动=2, 不支持=-15, 疲劳=-1, 流灾=-1, 不过=2, 因为=2, 臭美=-1, 白日梦=-1, 不便=-1, 亲密=1, 很好的=2, 有礼=1, 颠倒=-1, 无敌=2, 的女=1, 沉默=-2, 防止=1, 愤怒=-3, 完整=2, 发生=-3, 悲痛=-1, 灵活=1, 不忍=-1, 罢了=-1, 技巧=2, 和平=2, 这样=3, 过不去=-1, 不知=-2, 勇敢=2, 失事=-2, 灿烂的=1, 不快=-1, 休息=2, 的好=1, 有智慧=1, 细腻=2, 发财=2, 优美=1, 不信=-2, 天使=2, 平安=1, 积极=2, 柔情=2, 救人=-2, 你们=2, 强大的=2, 也不=1, 骗子=-2, 过节=-1, 思考=2, 呜呜=-3, 傻瓜=-1, 温和=1, 丰富=2, 荣誉=1, 今天=3, 被绑=-2, %；=-1, 逝者=-3, 抱怨=-2, 庆祝=2, 黄金=2, 风骚=-1, 对不起=-2, 美好=2, 石流=-3, 不快乐=-8, 胶州=-1, 美女=2, 女人=3, 介意=-1, 掉下=-1, 老实=2, 来的=1, 便宜=2, 很爽=1, 也是=2, 时髦=1, 爱心=2, 无疑=1, 支持=10, 进行=2, 各位=1, 主动=2, 美妙=2, 一种=2, 误解=-1, 不值=-1, 享图片=1, 偏爱=1, 好喝=10, 来了=1, 快乐=3, 真实的=1, 期望=1, 最高=2, 白芳=-1, 实现=2, 相反=-1, 正确的=2, 不在乎=-1, 勾引=-2, ？！=-1, 万能=1, ～～=2, 鄙视=-10, 会心=1, 细致=1, 艺术=2, 死者=-3, 有种=-2, 固定=1, 没关系=-2, 不清楚=-1, 振奋=1, 冠军=2, 天堂=-2, 生活=3, 宁静=2, 工资=-2, 负责=2, 好痛=-1, 哀悼=-3, 清楚=2, 一致=1, ？？=-3, 不说话=-1, 虚伪=-1, 失望=-1, 善意=1, 孤独=-2, 心爱的=1, 近视=-1, 信心=2, 建设=2, 人死=-3, 艰难的=-2, 奖励=2, 一点点=-2, 魔法=1, 巴掌=-1, 获胜=1, 忧伤=-2, 了解=2, 缺少=-1, 惊讶=-1, 解决=2, 尽情=2, 感慨=-2, 足够的=1, 减少=-2, 可爱=3, 嗡嗡=-3, 者安=-3, 攻击=-1, 在乎=2, 成就=2, an=2, 大火=-2, 豪华=2, 最高的=1, 短暂=-1, 好不=-1, 纠结=-3, 的父=-1, 纯洁=2, 曲泥=-1, ?没=-2, 洪水=-1, 当然=1, 期待=2, 不肯=-1, 有利=2, 原谅=2, 和睦=1, 谢谢=10, 得意=2, 人受=-2, 遗憾=-2, 适合=2, 烦恼=-2, 合作=2, 感冒=-3, 令人=-2, 为荣=1, 自焚=-1, 示器=-2, 惊叹=-1, 祷！=-2, 故意=-2, 福气=1, 不像=-2, 暧昧=-2, 完了=-2, 正常的=1, 大胆=2, 节约=1, 六行=-1, 热心=1, 孤单=-1, 决心=1, 脸红=1, 息！=-1, 辞职=-1, 小人=-2, 想不到=-2, 玩笑=-2, 感觉=2, 经典=1, 冷静=1, 母亲=-2, 超好=2, 痛！=-1, 搜索=-2, 管理=2, 屁股=-2, 看到=2, 嗡嗡嗡=-3, 出色的=1, 创造力=1, 得奖=2, 不能=-2, 自然=2, 卓越=2, 他被=-1, 唉~=-1, 出来=2, 大声=-2, 出轨=-1, 推荐=2, 好事=2, 华丽=2, 悼日=-1, 日早=-1, 生日=2, 动手=-2, 所以=2, 没用=-1, 好的=2, er=1, 绝对的=-2, 成功的=2, 音乐=1, 满面=-3, 有思想=1, 不大=-2, 不太=-2, 富有=2, 客气=2, 上好=2, 爱情=1, 关心=2, 不够=-2, 炫耀=-1, 哈~=2, 有力=2, 活动=3, 胜利=2, 都是=3, ……=3, 2人=-1, 日上=-1, 难受=-3, 刺激=-2, 有助=1, 活力=2, 无聊的=-1, 人员=-1, 开发=2, 认可=2, 有感觉=2, 接受=2, 新鲜=2, 再也不=-10, 秘密=-2, ？？？=-3, 夸张=-2, 优秀的=1, 关怀=1, 为毛=-1, 好难=-2, 知性=1, 理性=2, 合适=2, 人味=1, 热恋=1, 我哭=-2, 颠覆=-1, 讨厌=-3, 精致=2, 认同=2, ha=1, 安静=2, 良好=2, 菲律宾=-3, 委屈=-1, 梦想=2, 知道=3, 浪费=-1, 罕见=1, 独特=2, 坑爹=-10, 忽略=-1, 懂事=1, ho=2, 蹬三=-2, 殴打=-2, 们的=2, 伤心=-1, 真X=-1, 不好=-2, 吸引力=1, 岁女=-1, 能干=1, 不如=-2, 难同=-2, 受不=-2, 邪恶=-2, 不要=-10, 眼泪=-2, 享年=-2, 样的=2, 傻的=-1, in=2, 天然=2, 不好意思=-2, 警察=-3, 一次=1, 写实=1, 独一无二=1, 慈善=2, 失恋=-1, 牺牲品=-2, 宝贵=1, 胖子=-1, 风吹=-2, 努力=2, 听话=2, 合格=1, 啊啊啊=-3, 实用=2, 郁闷=-3, 身亡=-3, 加班=-2, 吹牛=-1, 欢乐的=1, 熟悉的=1, 收获=2, 表情=1, 远离=-10, 不准=-2, 不小心=-2, 独立=2, 安心=1, 不觉=-2, 稀罕=1, 不懂=-2, 不见=-2, 赞=60, 么办=-3, 善良=2, 爱好=2, 成长=2, 7人=-1, 生产=2, 喝彩=1, 挫挫=-1, 分享=3, 路走=-3, 得到=2, 导致=-2, 热烈=1, 热情=2, 自我=-2, 质疑=-1, 乐观=2, 对手=-2, 火灾=-2, 痛快=1, 感谢的=1, 衰老=-2, 温暖=2, 不出=-2, 重要的=2, 儿园=-1, 向往=2, 免费=2, 启发=1, 完美=2, 甜蜜=2, 亲爱的=2, 担心=-2, 经验=2, 精力=2, 坚决=-10, 一定=3, 555=-3, 夺得=1, 芬芳=1, 欢呼=2, 太好=2, 律宾=-3, 城管=-3, 居然=-2, 勉强=-1, 小便=-1, 祭奠=-1, 怀疑=-1, 小心=2, --=3, 广告=2, 9人=-1, 优秀=2, 理想=2, 人质=-3, 玉树=-3, 奋斗=2, 我喜=1, 别扭=-1, 不成=-2, 人生=2, 符合=2, 惬意=1, 残忍=-3, 分开=-1, 无辜=-1, 迷人=2, 漂亮的=2, 是不=2, 忧郁=-2, 新浪=1, 拆迁=-3, ne=1, 珍贵的=1, 享图=1, 敏感=2, 嫌弃=-1, 劫持=-3, 是一=3, 情深=1, 特大=-1, 顽皮=-1, 困难=-1, 的母=-2, 增加=2, 不到=-2, 微微=2, 帮帮=-2, 照片=2, 答应=1, 行和=-1, 宁愿=-1, 劫匪=-2, 喧嚣=-1, 惭愧=-1, 未必=-2, 是个=1, 不爽=-1, 个人=3, 羡慕=2, 错过=-2, 地震=-3, 可口=2, on=2, 现实=-2, 日快乐=1, 伟大=2, 赞美=2, 造成=-3, 吗？=3, 以堪=-1, 鼓励=2, 自动=2, 光明=2, 自助=1, 忧愁=-1, 100=1, 美妙的=1, 限制=-2, 失意=-1, 合作的=1, 未知=-1, 妈的=-2, 好运=2, ！哈=2, 件中=-1, 中的=1, 00=3, 恶心=-10, 01=2, 道理=2, 的小=2, 没事=-2, 发达=1, 困困=-2, 浪漫的=2, 安息=-3, 灾难=-2, 有理=2, 加油=2, 地位=1, 工作=1, 惊喜=2, 10=3, 迟到=-1, 奖品=2, 11=2, 风流=-2, 12=1, 皱纹=-1, 成为=2, 有气=-2, 受伤=-3, 有名=2, 老师=2, 朋友=3, 抵制=-100, 摔倒=-1, 我是=2, 努力的=2, 开放=2, 哈哈~=2, 多名=-1, 全力=1, 联合=2, 幸福的=2, 20=3, 亲人=-1, 满意=2, 手机=1, 新奇的=1, 拒绝=-10, 领队=-1, 天才=2, 啦！=2, 非凡=1, 如果=3, 投降=-1, 标准的=1, 心疼=-3, 无耻=-2, 同胞=-3, 缺乏=-1, 尚未=-1, 争论=-1, 没想到=-2, 兴奋=2, 纯真=1, 8得=-2, 不高=-1, 我也=2, 辐射=-1, 甘肃=-2, 无聊=-2, 港人=-3, 有机会=1, 实际=2, 有意义=1, 保护=2, 崩溃=-1, 逼真=1, 战斗=-1, 尴尬=-2, 有特色=1, 心痛=-3, 吉祥=2, 绑匪=-1, 再也=-1, 好恐=-1, 中国=3, 调戏=-1, 北京=1, 喜悦=1, 欣赏=2, 富裕=1, 冲击=-1, 纪念=2, 没有=3, 习惯=2, 心想事成=1, 同意=1, 新鲜的=1, 的粉=1, 朦胧=-2, ---=3, 理解=2, 富士=-3, 有责任=1, 同感=2, 壮观=2, 我的=3, 55=-3, 从容=2, 逻辑=2, 美味=2, 日快=1, 优势=2, 愿逝=-2, 时间=2, 抱歉=-1, 有用的=2, 规矩=1, 悼念=-2, 感叹=-1, 欢喜=2, 丰满=1, 己的=2, 疯了=-2, 暴雨=-2, 辛苦=-2, 骄傲=-2, 严格=-1, 考虑=2, 崇拜=2, 大笑=2, 适应=1, 车祸=-2, 好心情=2, 有钱=2, 温柔=2, 生者=-3, 人为=-2, 鼓掌=2, 放屁=-1, 哦！=2, 伪装=-1, 值得=2, 故意的=-1, 忘记=-2, 睿智=1, 紧张=-2, 老人=-3, 留意=2, 色狼=-2, 特别=2, 高级=2, 慷慨=1, 浮躁=-1, ··=2, 抢救=-2, 谦虚=2, 重伤=-2, 无情=-1, 偷偷=-2, 东西=-2, 热爱=2, 0多=-2, 肇事=-2, 傻逼=-10, 村民=-2, 在意=2, 坚持=2, 得宝=-2, 给力=1, 感谢=3, 暴露=-1, 安全=2, 火爆=-1, 扫射=-2, 呢？=2, 严肃=2, 我们=3, 监控=-1, 进步=2, 不喜欢=-2, 真爱=1, 高雅=1, 流氓=-2, 创新=2, 觉得=2, 警方=-3, 人的=3, 谢廷=-1, 分享图=1, 奈何=-1, 尊重=2, 喜感=2, 浪漫=2, 名女=-2, 抓住=-2, 表扬=2, 参加=1, 关爱=1, 夸奖=1, 小家伙=-2, 假的=-2, 特色=2, 友好=1, 体谅=1, 冒险=-1, 好想=-2, 是你=1, 过时=-1, 卫生=2, 凶手=-2, 了不起=1, 胡说=-1, 牵挂=-2, 变态=-3, 不定=-2, 前进=2, 迷恋=-2, 不宜=-1, 善良的=2, 来自=1, 去死=-3, 自由的=1, 舒服=2, 贵族=2, 可贵=1, 活泼=2, 机会=2, 逝去=-2, 有用=2, 效率=1, 哭了=-3, 贫困=-1, 牺牲=-1, 正常=2, 好意=2, 经营=2, 冲动=-1, 惊人=-1, 不管=-2, 冒了=-1, 实在=2, 不许=-2, 执法=-2, 很多的=1, 遇难=-3, 马屁=-1, 过瘾=2, 张扬=-1, 灵感=2, 一流=2, 凉快=2, 哈哈！=2, 投机=-1, 吃苦=1, 好感=-1, 平静=2, 光彩=1, 进取=1, 正义=1, 巨大的=1, 和谐的=2, 围城=-1, 有效=2, 亲近=1, 谈恋爱=1, 毫无=1, 丰富的=1, 烦死=-1, 舒服的=1, 宝网=-1, 好奇=2, 准确=2, 欢乐=2, 宾警=-3, 家属=-2, 竞争=-2, 无奈=-1, 大家=3, 荣幸=1, 改善=2, 迷人的=1, 渴望=2, 嘻嘻=1, 有啥=-1, 喜欢的=2, 祝贺=1, 轻松=2, 遭到=-2, 天真的=1, 杀人=-2, 爆炸=-1, 战争=-2, 公正=1, 踏实=2, 谴责=-1, 一起=3, 适当=1, 什么=3, 不对=-2, 可喜=1, 燃烧=-1, 风度=1, 坚定=2, 不可=-2, 保证=2, 毫不=1, 只是=1, 失败的=-1, 不理=-1, 不合=-1, 不知不觉=-1, 突出=1, 寓意=1, 宽容=2, 奇迹=2, 气愤=-1, 有趣的=2, 无关=-2, 惨死=-2, 追逐=-1, 泥石=-3, 征服=2, 犀利=-2, 好饿=-2, 成熟的=2, 原来=1, 夺冠=2, 死去=-3, 的时候=2, 详细=2, 学习=1, 吧！=2, 出色=2, 起为=-1, 有趣=1, 愉快的=1, 愿意=2, ~~=3, 错觉=-1, 流泪=-2, 如意=1, 奇怪=-2, 稳定=2, 不就=-2, 透明=2, 打架=-1, 为什=-3, 自豪=2, 们祈=-1, 品味=2, 应该=1, 复杂=-2, 漂亮=1, 杯具=-3, 魅力=2, 一路=-3, 相信=2, 牛满=-3, 不厚道=-1, 认真=2, 嘿嘿=1, 可爱的=2, 自己的=2, 离婚=-2, 认真的=2, 的一=3, 惆怅=-1, 厚道=2, 难以=-1, 忠诚=1, 幽默=2, 悲剧=-2, 没办法=-1, 者坚=-1, 爱吃=-2, 正直=1}
0   [ict.vmojing.v11.utils.MyLog] INFO  [2014-09-01 15:14:22]  map object id :{正式=2, !!!=-3, 一下=3, 招待=1, ！哈哈=2, 时机=1, 诗意=1, 专家=2, 准备=2, 的万=-1, 愉快=2, 完成=2, 垃圾=-10, 我怎=-1, 计较=-2, 事故=-2, 复杂的=-1, 利用=-2, 就是=3, 香的=1, 有一=2, 开朗=1, 难看=-1, 喜爱=2, 舒适=1, 抽筋=-1, 一个=3, 完美的=2, 的是=2, 真正=1, 汶川=-2, 扑街=-1, 生日快乐=2, 灿烂=2, 战场=-1, 冷笑=-2, 天籁=1, 了一=2, 巨大=2, 的显=-1, 喉咙=-1, ！！=-3, 陌生=-2, 喜剧=2, 严重=-2, 好吃的=2, 点解=-2, 平衡=2, 特别的=2, 体贴=2, 打破=-1, 决定=2, 苦的=-1, 整齐=1, 真实=2, 正面=2, 伊春=-3, 幸运=1, 格外=-1, 寂寞=-2, 幸运的=2, 虚荣=-1, 满意的=1, 第一=3, 才能=2, 通用=1, 美丽=2, 赞成=1, 首位=1, 已造=-1, 慈悲=1, 批评=-2, 评论=2, 男人=3, 促进=2, 青海=-1, 问题=-2, 压力=-2, 我恨=-1, 没想=-2, 最佳=2, 学会=2, 报应=-2, 无良=-10, 很有=1, 说明=2, 悄悄=-2, 圆满=2, 温馨=2, 真诚=2, 自由=2, 巧妙=1, 真诚的=2, 好色=-2, 失去=-2, 专属=1, 舟曲=-3, 小狗=-1, 人性=-3, 不错=10, 商贩=-1, 围脖=2, 笨蛋=-1, 狂欢=2, 缺点=-2, 愉悦=1, 绝对=-1, 温柔的=1, 孝顺=1, 的人=3, 庆幸=1, 避免=2, ~~~=3, 肯定=2, 强烈=-2, 人遇=-2, 拥有=2, 难忘=1, 开心=3, 真理=2, 终于=1, 寂寞的=-2, 救援=-3, 同学=2, 电影=1, 邪恶的=-1, 适合的=1, 难过=-3, 犹豫=-2, 可以=3, 起来=2, 欢迎=2, 确定=2, 其实=2, 意思=2, 美人=2, 重大=1, 天哪=-1, 着急=-1, 迅速=1, 健康的=2, 愚人=-1, 有益=1, 荣耀=1, 时候=3, 的！=1, 合理=2, 诱人=1, 为快=1, 深情=2, 默哀=-3, 发动=-1, 深刻的=1, 顺利=2, 纯净=2, 确实=2, 不起=-2, 小区=-2, 猛烈=-1, 提高=2, 人肉=-3, 清晰=2, 承认=2, 的朋=1, 哈哈=3, 喜欢=10, 和谐=2, 透露=-2, 辜负=-1, 废话=-1, 流行的=1, 难者=-3, 不重要=-1, 坏事=-1, 情愿=1, 误会=-2, 优质=1, 赞助=1, 坏的=-1, 祈祷=-3, 美国=1, 强大=2, 有钱的=1, 一张=1, 方便=2, 有魅力=1, 注意=2, 下跌=-1, 挑战=-2, 隐藏=-1, 能力=2, 政府=-3, 了！=3, 值得拥有=1, 么了=-2, 哎呀=-2, 奇妙=1, 不喝=-10, 人被=-1, ！！！=-3, 神经=-2, 好笑=2, 高处=1, 坏人=-1, 人情=1, 重要=2, 还是=3, 祈福=-3, 不断=-2, 老大=-1, 天赋=1, 童鞋=1, 啊啊=-3, 天啊=-2, 不足=-2, 够了=-2, 何不=-1, 懒惰=-1, 假装=-2, 有权=1, 擅长=1, 承诺=1, 自己=3, 出名=2, 乐趣=2, 可靠=1, 直觉=1, 改革=2, 发指=-2, 致哀=-1, 有机=1, 美好的=2, 这个=3, 称赞=1, 有价值=1, 这帮=-1, 正确=2, 生动=2, 微博=3, 这是=3, 活着=2, 充分=2, 信用=2, 慢的=-1, 看看=2, 挑剔=-1, 创造=2, 容易=2, 花痴=-1, 现在=2, 疲惫=-1, 感人=-2, 完整的=1, 大方=2, 提升=2, 内牛=-3, 诅咒=-1, 想吃=-1, 任意=-1, 自主=1, 好学=2, 手艺=1, 成熟=2, 逝世=-1, 放弃=-2, 困扰=-1, 马的=-2, 重视=2, 高兴=2, 领先=1, 不清=-2, 友谊=2, 负担=-1, MD=-3, 麻烦=-2, 新奇=1, 亲切=2, 果断=1, 凉爽=1, 这么=2, 遵守=1, 大巴=-2, 泪奔=-2, 不明=-2, 不易=-1, 去世=-3, 细心=1, 201=2, 最重要的=2, 亲爱=2, ND=-1, 热情的=1, 有前途=1, 最重要=2, NN=-2, 陶醉=1, 在菲=-1, 事件=-3, 不为=-2, 羞涩=-1, 举行=2, 反对=-100, 战胜=2, 恐怕=-1, 菲律=-3, 恐怖=-3, 不是=3, 利益=2, 遗体=-2, 改进=1, 聪明的=2, 是我=3, 饿死=-1, 消除=1, 幻想=-2, 是怎样=-1, 道德=1, 达观=1, 吸引=2, 掌握=2, 足够=2, 资源=2, 么？=1, 关注=3, 危机=-2, 英雄=2, 错误=-2, 怜的=-3, 怎样=-2, 别人=2, 营养=2, 气死=-2, 退出=-1, 意外=-2, 肃舟=-2, 者祈=-1, 对付=-1, 的粉丝=1, 差别=-1, 那个=1, 糊涂=-2, 爱上=2, 无比=1, 跳楼=-1, 明显=2, 有点儿=-1, 傻子=-1, 世界=3, 无语=-2, 不幸=-2, 无可=-1, 达成=1, 可怜=-3, 太好了=2, 不买=-10, 打出=-1, 可怕=-2, 禁止=-1, 不平=-1, 尸体=-2, 那么=1, 柔软=1, 心酸=-3, 幸福=3, 走好=-3, 美丽的=2, 博爱=1, 古典=1, 失败=-2, 附近=-2, 还有=2, 无名=-1, 智慧=2, 过多=-1, 明白=2, 达到=2, 欲望=-2, 革命=2, 勇气=2, 高兴的=1, 家伙=-2, 岁的=-2, 吵架=-2, 好吃=10, 快乐的=2, 清澈=1, 命！=-1, 帮助=2, 明了=2, 娱乐=2, 当地=-2, 大的=1, 谨慎=2, 竟然=-3, 何以=-1, 一样=2, 专门=2, 地步=-1, 害羞=-2, 很棒=2, 悲哀=-2, 愚蠢=-1, 放心=2, 哀！=-2, 妓女=-1, 受欢迎=2, 当场=-2, 010=1, 必要=2, 烦躁=-1, 想哭=-2, 到了=2, 艰难=-2, 创意=1, 两名=-2, 知足=2, 光芒=1, 恶搞=-2, 的确=1, 死的=-2, 深刻=2, 不经=-2, 明亮=1, 奢侈=-1, 可恶=-3, 的朋友=1, 自在=2, 1岁=-1, 打扰=-1, 不以=-1, 最好=2, 灾区=-3, 疑问=-1, 廷骏=-1, 福利=2, 这张=1, TM=-3, 魔鬼=-1, 胜过=1, 不满=-1, 用力=-1, 爱的=3, 赞同=2, TT=-3, 哈哈哈=3, 成功=1, 抓狂=-2, 希望=2, ——=3, 爆发=-1, 享受=2, 笑死=1, 脾气=-2, 赚钱=2, 自杀=-2, 参与=1, 非常=1, 有效的=1, 死亡=-3, 矛盾=-1, 自然的=1, 感激=2, 医院=-3, 好笑的=1, 三轮=-2, 撞死=-1, 死人=-2, 需要=1, 新手=-1, 感染=-1, 很多=2, 老马=-2, 把握=2, 尖叫=-1, 精美=2, 热闹=2, 不会=1, 兴趣=2, 优雅=2, 爱人=2, 尊敬=1, 严谨=1, 独特的=1, 才华=2, 发展=2, 但愿=-1, 了~=1, 降低=-1, 具啊=-1, 粉丝=3, 得罪=-2, 搞笑=2, 给予=2, 开始=2, 唠叨=-1, 心爱=2, 恭喜=1, 讨好=1, 熟悉=2, 你是=1, 可惜=-2, 强拆=-2, 精心=2, 获得=2, 美梦=1, 生气=-2, 有点=1, 只要=1, 绝不=-2, 礼貌=1, 敌人=-2, 爱国=2, 死（=-1, 可能=1, 激动=-2, 英俊=1, 不住=-2, 掩饰=-1, 聪明=2, 通俗=1, 勤奋=1, 不知道=-2, 要求=-2, 全面=2, 流逝=-1, 辉煌=1, 超过=-2, 锻炼=2, 健康=2, 灾害=-2, 徘徊=-1, 无法=-2, 开玩笑=-1, 财富=2, 激励=1, 啊！=2, 疯狂=2, 很好=1, 真是=1, 通过=2, 满足=2, XX=-3, 随便=-2, 图片=3, 精选=2, 珍贵=2, 奉献=2, 过分=-1, 诱惑=-2, 失踪=-3, 默默=-2, 一脚=-2, 幼稚=-2, 嘲笑=-1, 诚实=2, 永恒=1, 罕见的=1, 何必=-1, 通知=2, 天真=2, 公开=2, 趣味=2, 不得=-2, 流行=2, 感恩=2, 作弊=-1, 自信=2, 士康=-3, 有意=-2, 坚强=-1, 穷人=-1, 真正的=2, 为舟=-1, 你的=3, 空虚=-1, ！我=1, 光荣=1, 生命=-2, 哈！=2, 信任=2, 免费的=1, 平等=2, 温暖的=2, 最爱=10, 潜伏=-2, 不知道的=-1, 恋爱=2, 真的=2, 畜生=-3, 挖掘=-1, 心动=2, 不支持=-15, 疲劳=-1, 流灾=-1, 不过=2, 因为=2, 臭美=-1, 白日梦=-1, 不便=-1, 亲密=1, 很好的=2, 有礼=1, 颠倒=-1, 无敌=2, 的女=1, 沉默=-2, 防止=1, 愤怒=-3, 完整=2, 发生=-3, 悲痛=-1, 灵活=1, 不忍=-1, 罢了=-1, 技巧=2, 和平=2, 这样=3, 过不去=-1, 不知=-2, 勇敢=2, 失事=-2, 灿烂的=1, 不快=-1, 休息=2, 的好=1, 有智慧=1, 细腻=2, 发财=2, 优美=1, 不信=-2, 天使=2, 平安=1, 积极=2, 柔情=2, 救人=-2, 你们=2, 强大的=2, 也不=1, 骗子=-2, 过节=-1, 思考=2, 呜呜=-3, 傻瓜=-1, 温和=1, 丰富=2, 荣誉=1, 今天=3, 被绑=-2, %；=-1, 逝者=-3, 抱怨=-2, 庆祝=2, 黄金=2, 风骚=-1, 对不起=-2, 美好=2, 石流=-3, 不快乐=-8, 胶州=-1, 美女=2, 女人=3, 介意=-1, 掉下=-1, 老实=2, 来的=1, 便宜=2, 很爽=1, 也是=2, 时髦=1, 爱心=2, 无疑=1, 支持=10, 进行=2, 各位=1, 主动=2, 美妙=2, 一种=2, 误解=-1, 不值=-1, 享图片=1, 偏爱=1, 好喝=10, 来了=1, 快乐=3, 真实的=1, 期望=1, 最高=2, 白芳=-1, 实现=2, 相反=-1, 正确的=2, 不在乎=-1, 勾引=-2, ？！=-1, 万能=1, ～～=2, 鄙视=-10, 会心=1, 细致=1, 艺术=2, 死者=-3, 有种=-2, 固定=1, 没关系=-2, 不清楚=-1, 振奋=1, 冠军=2, 天堂=-2, 生活=3, 宁静=2, 工资=-2, 负责=2, 好痛=-1, 哀悼=-3, 清楚=2, 一致=1, ？？=-3, 不说话=-1, 虚伪=-1, 失望=-1, 善意=1, 孤独=-2, 心爱的=1, 近视=-1, 信心=2, 建设=2, 人死=-3, 艰难的=-2, 奖励=2, 一点点=-2, 魔法=1, 巴掌=-1, 获胜=1, 忧伤=-2, 了解=2, 缺少=-1, 惊讶=-1, 解决=2, 尽情=2, 感慨=-2, 足够的=1, 减少=-2, 可爱=3, 嗡嗡=-3, 者安=-3, 攻击=-1, 在乎=2, 成就=2, an=2, 大火=-2, 豪华=2, 最高的=1, 短暂=-1, 好不=-1, 纠结=-3, 的父=-1, 纯洁=2, 曲泥=-1, ?没=-2, 洪水=-1, 当然=1, 期待=2, 不肯=-1, 有利=2, 原谅=2, 和睦=1, 谢谢=10, 得意=2, 人受=-2, 遗憾=-2, 适合=2, 烦恼=-2, 合作=2, 感冒=-3, 令人=-2, 为荣=1, 自焚=-1, 示器=-2, 惊叹=-1, 祷！=-2, 故意=-2, 福气=1, 不像=-2, 暧昧=-2, 完了=-2, 正常的=1, 大胆=2, 节约=1, 六行=-1, 热心=1, 孤单=-1, 决心=1, 脸红=1, 息！=-1, 辞职=-1, 小人=-2, 想不到=-2, 玩笑=-2, 感觉=2, 经典=1, 冷静=1, 母亲=-2, 超好=2, 痛！=-1, 搜索=-2, 管理=2, 屁股=-2, 看到=2, 嗡嗡嗡=-3, 出色的=1, 创造力=1, 得奖=2, 不能=-2, 自然=2, 卓越=2, 他被=-1, 唉~=-1, 出来=2, 大声=-2, 出轨=-1, 推荐=2, 好事=2, 华丽=2, 悼日=-1, 日早=-1, 生日=2, 动手=-2, 所以=2, 没用=-1, 好的=2, er=1, 绝对的=-2, 成功的=2, 音乐=1, 满面=-3, 有思想=1, 不大=-2, 不太=-2, 富有=2, 客气=2, 上好=2, 爱情=1, 关心=2, 不够=-2, 炫耀=-1, 哈~=2, 有力=2, 活动=3, 胜利=2, 都是=3, ……=3, 2人=-1, 日上=-1, 难受=-3, 刺激=-2, 有助=1, 活力=2, 无聊的=-1, 人员=-1, 开发=2, 认可=2, 有感觉=2, 接受=2, 新鲜=2, 再也不=-10, 秘密=-2, ？？？=-3, 夸张=-2, 优秀的=1, 关怀=1, 为毛=-1, 好难=-2, 知性=1, 理性=2, 合适=2, 人味=1, 热恋=1, 我哭=-2, 颠覆=-1, 讨厌=-3, 精致=2, 认同=2, ha=1, 安静=2, 良好=2, 菲律宾=-3, 委屈=-1, 梦想=2, 知道=3, 浪费=-1, 罕见=1, 独特=2, 坑爹=-10, 忽略=-1, 懂事=1, ho=2, 蹬三=-2, 殴打=-2, 们的=2, 伤心=-1, 真X=-1, 不好=-2, 吸引力=1, 岁女=-1, 能干=1, 不如=-2, 难同=-2, 受不=-2, 邪恶=-2, 不要=-10, 眼泪=-2, 享年=-2, 样的=2, 傻的=-1, in=2, 天然=2, 不好意思=-2, 警察=-3, 一次=1, 写实=1, 独一无二=1, 慈善=2, 失恋=-1, 牺牲品=-2, 宝贵=1, 胖子=-1, 风吹=-2, 努力=2, 听话=2, 合格=1, 啊啊啊=-3, 实用=2, 郁闷=-3, 身亡=-3, 加班=-2, 吹牛=-1, 欢乐的=1, 熟悉的=1, 收获=2, 表情=1, 远离=-10, 不准=-2, 不小心=-2, 独立=2, 安心=1, 不觉=-2, 稀罕=1, 不懂=-2, 不见=-2, 赞=60, 么办=-3, 善良=2, 爱好=2, 成长=2, 7人=-1, 生产=2, 喝彩=1, 挫挫=-1, 分享=3, 路走=-3, 得到=2, 导致=-2, 热烈=1, 热情=2, 自我=-2, 质疑=-1, 乐观=2, 对手=-2, 火灾=-2, 痛快=1, 感谢的=1, 衰老=-2, 温暖=2, 不出=-2, 重要的=2, 儿园=-1, 向往=2, 免费=2, 启发=1, 完美=2, 甜蜜=2, 亲爱的=2, 担心=-2, 经验=2, 精力=2, 坚决=-10, 一定=3, 555=-3, 夺得=1, 芬芳=1, 欢呼=2, 太好=2, 律宾=-3, 城管=-3, 居然=-2, 勉强=-1, 小便=-1, 祭奠=-1, 怀疑=-1, 小心=2, --=3, 广告=2, 9人=-1, 优秀=2, 理想=2, 人质=-3, 玉树=-3, 奋斗=2, 我喜=1, 别扭=-1, 不成=-2, 人生=2, 符合=2, 惬意=1, 残忍=-3, 分开=-1, 无辜=-1, 迷人=2, 漂亮的=2, 是不=2, 忧郁=-2, 新浪=1, 拆迁=-3, ne=1, 珍贵的=1, 享图=1, 敏感=2, 嫌弃=-1, 劫持=-3, 是一=3, 情深=1, 特大=-1, 顽皮=-1, 困难=-1, 的母=-2, 增加=2, 不到=-2, 微微=2, 帮帮=-2, 照片=2, 答应=1, 行和=-1, 宁愿=-1, 劫匪=-2, 喧嚣=-1, 惭愧=-1, 未必=-2, 是个=1, 不爽=-1, 个人=3, 羡慕=2, 错过=-2, 地震=-3, 可口=2, on=2, 现实=-2, 日快乐=1, 伟大=2, 赞美=2, 造成=-3, 吗？=3, 以堪=-1, 鼓励=2, 自动=2, 光明=2, 自助=1, 忧愁=-1, 100=1, 美妙的=1, 限制=-2, 失意=-1, 合作的=1, 未知=-1, 妈的=-2, 好运=2, ！哈=2, 件中=-1, 中的=1, 00=3, 恶心=-10, 01=2, 道理=2, 的小=2, 没事=-2, 发达=1, 困困=-2, 浪漫的=2, 安息=-3, 灾难=-2, 有理=2, 加油=2, 地位=1, 工作=1, 惊喜=2, 10=3, 迟到=-1, 奖品=2, 11=2, 风流=-2, 12=1, 皱纹=-1, 成为=2, 有气=-2, 受伤=-3, 有名=2, 老师=2, 朋友=3, 抵制=-100, 摔倒=-1, 我是=2, 努力的=2, 开放=2, 哈哈~=2, 多名=-1, 全力=1, 联合=2, 幸福的=2, 20=3, 亲人=-1, 满意=2, 手机=1, 新奇的=1, 拒绝=-10, 领队=-1, 天才=2, 啦！=2, 非凡=1, 如果=3, 投降=-1, 标准的=1, 心疼=-3, 无耻=-2, 同胞=-3, 缺乏=-1, 尚未=-1, 争论=-1, 没想到=-2, 兴奋=2, 纯真=1, 8得=-2, 不高=-1, 我也=2, 辐射=-1, 甘肃=-2, 无聊=-2, 港人=-3, 有机会=1, 实际=2, 有意义=1, 保护=2, 崩溃=-1, 逼真=1, 战斗=-1, 尴尬=-2, 有特色=1, 心痛=-3, 吉祥=2, 绑匪=-1, 再也=-1, 好恐=-1, 中国=3, 调戏=-1, 北京=1, 喜悦=1, 欣赏=2, 富裕=1, 冲击=-1, 纪念=2, 没有=3, 习惯=2, 心想事成=1, 同意=1, 新鲜的=1, 的粉=1, 朦胧=-2, ---=3, 理解=2, 富士=-3, 有责任=1, 同感=2, 壮观=2, 我的=3, 55=-3, 从容=2, 逻辑=2, 美味=2, 日快=1, 优势=2, 愿逝=-2, 时间=2, 抱歉=-1, 有用的=2, 规矩=1, 悼念=-2, 感叹=-1, 欢喜=2, 丰满=1, 己的=2, 疯了=-2, 暴雨=-2, 辛苦=-2, 骄傲=-2, 严格=-1, 考虑=2, 崇拜=2, 大笑=2, 适应=1, 车祸=-2, 好心情=2, 有钱=2, 温柔=2, 生者=-3, 人为=-2, 鼓掌=2, 放屁=-1, 哦！=2, 伪装=-1, 值得=2, 故意的=-1, 忘记=-2, 睿智=1, 紧张=-2, 老人=-3, 留意=2, 色狼=-2, 特别=2, 高级=2, 慷慨=1, 浮躁=-1, ··=2, 抢救=-2, 谦虚=2, 重伤=-2, 无情=-1, 偷偷=-2, 东西=-2, 热爱=2, 0多=-2, 肇事=-2, 傻逼=-10, 村民=-2, 在意=2, 坚持=2, 得宝=-2, 给力=1, 感谢=3, 暴露=-1, 安全=2, 火爆=-1, 扫射=-2, 呢？=2, 严肃=2, 我们=3, 监控=-1, 进步=2, 不喜欢=-2, 真爱=1, 高雅=1, 流氓=-2, 创新=2, 觉得=2, 警方=-3, 人的=3, 谢廷=-1, 分享图=1, 奈何=-1, 尊重=2, 喜感=2, 浪漫=2, 名女=-2, 抓住=-2, 表扬=2, 参加=1, 关爱=1, 夸奖=1, 小家伙=-2, 假的=-2, 特色=2, 友好=1, 体谅=1, 冒险=-1, 好想=-2, 是你=1, 过时=-1, 卫生=2, 凶手=-2, 了不起=1, 胡说=-1, 牵挂=-2, 变态=-3, 不定=-2, 前进=2, 迷恋=-2, 不宜=-1, 善良的=2, 来自=1, 去死=-3, 自由的=1, 舒服=2, 贵族=2, 可贵=1, 活泼=2, 机会=2, 逝去=-2, 有用=2, 效率=1, 哭了=-3, 贫困=-1, 牺牲=-1, 正常=2, 好意=2, 经营=2, 冲动=-1, 惊人=-1, 不管=-2, 冒了=-1, 实在=2, 不许=-2, 执法=-2, 很多的=1, 遇难=-3, 马屁=-1, 过瘾=2, 张扬=-1, 灵感=2, 一流=2, 凉快=2, 哈哈！=2, 投机=-1, 吃苦=1, 好感=-1, 平静=2, 光彩=1, 进取=1, 正义=1, 巨大的=1, 和谐的=2, 围城=-1, 有效=2, 亲近=1, 谈恋爱=1, 毫无=1, 丰富的=1, 烦死=-1, 舒服的=1, 宝网=-1, 好奇=2, 准确=2, 欢乐=2, 宾警=-3, 家属=-2, 竞争=-2, 无奈=-1, 大家=3, 荣幸=1, 改善=2, 迷人的=1, 渴望=2, 嘻嘻=1, 有啥=-1, 喜欢的=2, 祝贺=1, 轻松=2, 遭到=-2, 天真的=1, 杀人=-2, 爆炸=-1, 战争=-2, 公正=1, 踏实=2, 谴责=-1, 一起=3, 适当=1, 什么=3, 不对=-2, 可喜=1, 燃烧=-1, 风度=1, 坚定=2, 不可=-2, 保证=2, 毫不=1, 只是=1, 失败的=-1, 不理=-1, 不合=-1, 不知不觉=-1, 突出=1, 寓意=1, 宽容=2, 奇迹=2, 气愤=-1, 有趣的=2, 无关=-2, 惨死=-2, 追逐=-1, 泥石=-3, 征服=2, 犀利=-2, 好饿=-2, 成熟的=2, 原来=1, 夺冠=2, 死去=-3, 的时候=2, 详细=2, 学习=1, 吧！=2, 出色=2, 起为=-1, 有趣=1, 愉快的=1, 愿意=2, ~~=3, 错觉=-1, 流泪=-2, 如意=1, 奇怪=-2, 稳定=2, 不就=-2, 透明=2, 打架=-1, 为什=-3, 自豪=2, 们祈=-1, 品味=2, 应该=1, 复杂=-2, 漂亮=1, 杯具=-3, 魅力=2, 一路=-3, 相信=2, 牛满=-3, 不厚道=-1, 认真=2, 嘿嘿=1, 可爱的=2, 自己的=2, 离婚=-2, 认真的=2, 的一=3, 惆怅=-1, 厚道=2, 难以=-1, 忠诚=1, 幽默=2, 悲剧=-2, 没办法=-1, 者坚=-1, 爱吃=-2, 正直=1}
0   [ict.vmojing.v11.utils.MyLog] INFO  [2014-09-01 15:16:23]  map object id :{正式=2, !!!=-3, 一下=3, 招待=1, ！哈哈=2, 时机=1, 诗意=1, 专家=2, 准备=2, 的万=-1, 愉快=2, 完成=2, 垃圾=-10, 我怎=-1, 计较=-2, 事故=-2, 复杂的=-1, 利用=-2, 就是=3, 香的=1, 有一=2, 开朗=1, 难看=-1, 喜爱=2, 舒适=1, 抽筋=-1, 一个=3, 完美的=2, 的是=2, 真正=1, 汶川=-2, 扑街=-1, 生日快乐=2, 灿烂=2, 战场=-1, 冷笑=-2, 天籁=1, 了一=2, 巨大=2, 的显=-1, 喉咙=-1, ！！=-3, 陌生=-2, 喜剧=2, 严重=-2, 好吃的=2, 点解=-2, 平衡=2, 特别的=2, 体贴=2, 打破=-1, 决定=2, 苦的=-1, 整齐=1, 真实=2, 正面=2, 伊春=-3, 幸运=1, 格外=-1, 寂寞=-2, 幸运的=2, 虚荣=-1, 满意的=1, 第一=3, 才能=2, 通用=1, 美丽=2, 赞成=1, 首位=1, 已造=-1, 慈悲=1, 批评=-2, 评论=2, 男人=3, 促进=2, 青海=-1, 问题=-2, 压力=-2, 我恨=-1, 没想=-2, 最佳=2, 学会=2, 报应=-2, 无良=-10, 很有=1, 说明=2, 悄悄=-2, 圆满=2, 温馨=2, 真诚=2, 自由=2, 巧妙=1, 真诚的=2, 好色=-2, 失去=-2, 专属=1, 舟曲=-3, 小狗=-1, 人性=-3, 不错=10, 商贩=-1, 围脖=2, 笨蛋=-1, 狂欢=2, 缺点=-2, 愉悦=1, 绝对=-1, 温柔的=1, 孝顺=1, 的人=3, 庆幸=1, 避免=2, ~~~=3, 肯定=2, 强烈=-2, 人遇=-2, 拥有=2, 难忘=1, 开心=3, 真理=2, 终于=1, 寂寞的=-2, 救援=-3, 同学=2, 电影=1, 邪恶的=-1, 适合的=1, 难过=-3, 犹豫=-2, 可以=3, 起来=2, 欢迎=2, 确定=2, 其实=2, 意思=2, 美人=2, 重大=1, 天哪=-1, 着急=-1, 迅速=1, 健康的=2, 愚人=-1, 有益=1, 荣耀=1, 时候=3, 的！=1, 合理=2, 诱人=1, 为快=1, 深情=2, 默哀=-3, 发动=-1, 深刻的=1, 顺利=2, 纯净=2, 确实=2, 不起=-2, 小区=-2, 猛烈=-1, 提高=2, 人肉=-3, 清晰=2, 承认=2, 的朋=1, 哈哈=3, 喜欢=10, 和谐=2, 透露=-2, 辜负=-1, 废话=-1, 流行的=1, 难者=-3, 不重要=-1, 坏事=-1, 情愿=1, 误会=-2, 优质=1, 赞助=1, 坏的=-1, 祈祷=-3, 美国=1, 强大=2, 有钱的=1, 一张=1, 方便=2, 有魅力=1, 注意=2, 下跌=-1, 挑战=-2, 隐藏=-1, 能力=2, 政府=-3, 了！=3, 值得拥有=1, 么了=-2, 哎呀=-2, 奇妙=1, 不喝=-10, 人被=-1, ！！！=-3, 神经=-2, 好笑=2, 高处=1, 坏人=-1, 人情=1, 重要=2, 还是=3, 祈福=-3, 不断=-2, 老大=-1, 天赋=1, 童鞋=1, 啊啊=-3, 天啊=-2, 不足=-2, 够了=-2, 何不=-1, 懒惰=-1, 假装=-2, 有权=1, 擅长=1, 承诺=1, 自己=3, 出名=2, 乐趣=2, 可靠=1, 直觉=1, 改革=2, 发指=-2, 致哀=-1, 有机=1, 美好的=2, 这个=3, 称赞=1, 有价值=1, 这帮=-1, 正确=2, 生动=2, 微博=3, 这是=3, 活着=2, 充分=2, 信用=2, 慢的=-1, 看看=2, 挑剔=-1, 创造=2, 容易=2, 花痴=-1, 现在=2, 疲惫=-1, 感人=-2, 完整的=1, 大方=2, 提升=2, 内牛=-3, 诅咒=-1, 想吃=-1, 任意=-1, 自主=1, 好学=2, 手艺=1, 成熟=2, 逝世=-1, 放弃=-2, 困扰=-1, 马的=-2, 重视=2, 高兴=2, 领先=1, 不清=-2, 友谊=2, 负担=-1, MD=-3, 麻烦=-2, 新奇=1, 亲切=2, 果断=1, 凉爽=1, 这么=2, 遵守=1, 大巴=-2, 泪奔=-2, 不明=-2, 不易=-1, 去世=-3, 细心=1, 201=2, 最重要的=2, 亲爱=2, ND=-1, 热情的=1, 有前途=1, 最重要=2, NN=-2, 陶醉=1, 在菲=-1, 事件=-3, 不为=-2, 羞涩=-1, 举行=2, 反对=-100, 战胜=2, 恐怕=-1, 菲律=-3, 恐怖=-3, 不是=3, 利益=2, 遗体=-2, 改进=1, 聪明的=2, 是我=3, 饿死=-1, 消除=1, 幻想=-2, 是怎样=-1, 道德=1, 达观=1, 吸引=2, 掌握=2, 足够=2, 资源=2, 么？=1, 关注=3, 危机=-2, 英雄=2, 错误=-2, 怜的=-3, 怎样=-2, 别人=2, 营养=2, 气死=-2, 退出=-1, 意外=-2, 肃舟=-2, 者祈=-1, 对付=-1, 的粉丝=1, 差别=-1, 那个=1, 糊涂=-2, 爱上=2, 无比=1, 跳楼=-1, 明显=2, 有点儿=-1, 傻子=-1, 世界=3, 无语=-2, 不幸=-2, 无可=-1, 达成=1, 可怜=-3, 太好了=2, 不买=-10, 打出=-1, 可怕=-2, 禁止=-1, 不平=-1, 尸体=-2, 那么=1, 柔软=1, 心酸=-3, 幸福=3, 走好=-3, 美丽的=2, 博爱=1, 古典=1, 失败=-2, 附近=-2, 还有=2, 无名=-1, 智慧=2, 过多=-1, 明白=2, 达到=2, 欲望=-2, 革命=2, 勇气=2, 高兴的=1, 家伙=-2, 岁的=-2, 吵架=-2, 好吃=10, 快乐的=2, 清澈=1, 命！=-1, 帮助=2, 明了=2, 娱乐=2, 当地=-2, 大的=1, 谨慎=2, 竟然=-3, 何以=-1, 一样=2, 专门=2, 地步=-1, 害羞=-2, 很棒=2, 悲哀=-2, 愚蠢=-1, 放心=2, 哀！=-2, 妓女=-1, 受欢迎=2, 当场=-2, 010=1, 必要=2, 烦躁=-1, 想哭=-2, 到了=2, 艰难=-2, 创意=1, 两名=-2, 知足=2, 光芒=1, 恶搞=-2, 的确=1, 死的=-2, 深刻=2, 不经=-2, 明亮=1, 奢侈=-1, 可恶=-3, 的朋友=1, 自在=2, 1岁=-1, 打扰=-1, 不以=-1, 最好=2, 灾区=-3, 疑问=-1, 廷骏=-1, 福利=2, 这张=1, TM=-3, 魔鬼=-1, 胜过=1, 不满=-1, 用力=-1, 爱的=3, 赞同=2, TT=-3, 哈哈哈=3, 成功=1, 抓狂=-2, 希望=2, ——=3, 爆发=-1, 享受=2, 笑死=1, 脾气=-2, 赚钱=2, 自杀=-2, 参与=1, 非常=1, 有效的=1, 死亡=-3, 矛盾=-1, 自然的=1, 感激=2, 医院=-3, 好笑的=1, 三轮=-2, 撞死=-1, 死人=-2, 需要=1, 新手=-1, 感染=-1, 很多=2, 老马=-2, 把握=2, 尖叫=-1, 精美=2, 热闹=2, 不会=1, 兴趣=2, 优雅=2, 爱人=2, 尊敬=1, 严谨=1, 独特的=1, 才华=2, 发展=2, 但愿=-1, 了~=1, 降低=-1, 具啊=-1, 粉丝=3, 得罪=-2, 搞笑=2, 给予=2, 开始=2, 唠叨=-1, 心爱=2, 恭喜=1, 讨好=1, 熟悉=2, 你是=1, 可惜=-2, 强拆=-2, 精心=2, 获得=2, 美梦=1, 生气=-2, 有点=1, 只要=1, 绝不=-2, 礼貌=1, 敌人=-2, 爱国=2, 死（=-1, 可能=1, 激动=-2, 英俊=1, 不住=-2, 掩饰=-1, 聪明=2, 通俗=1, 勤奋=1, 不知道=-2, 要求=-2, 全面=2, 流逝=-1, 辉煌=1, 超过=-2, 锻炼=2, 健康=2, 灾害=-2, 徘徊=-1, 无法=-2, 开玩笑=-1, 财富=2, 激励=1, 啊！=2, 疯狂=2, 很好=1, 真是=1, 通过=2, 满足=2, XX=-3, 随便=-2, 图片=3, 精选=2, 珍贵=2, 奉献=2, 过分=-1, 诱惑=-2, 失踪=-3, 默默=-2, 一脚=-2, 幼稚=-2, 嘲笑=-1, 诚实=2, 永恒=1, 罕见的=1, 何必=-1, 通知=2, 天真=2, 公开=2, 趣味=2, 不得=-2, 流行=2, 感恩=2, 作弊=-1, 自信=2, 士康=-3, 有意=-2, 坚强=-1, 穷人=-1, 真正的=2, 为舟=-1, 你的=3, 空虚=-1, ！我=1, 光荣=1, 生命=-2, 哈！=2, 信任=2, 免费的=1, 平等=2, 温暖的=2, 最爱=10, 潜伏=-2, 不知道的=-1, 恋爱=2, 真的=2, 畜生=-3, 挖掘=-1, 心动=2, 不支持=-15, 疲劳=-1, 流灾=-1, 不过=2, 因为=2, 臭美=-1, 白日梦=-1, 不便=-1, 亲密=1, 很好的=2, 有礼=1, 颠倒=-1, 无敌=2, 的女=1, 沉默=-2, 防止=1, 愤怒=-3, 完整=2, 发生=-3, 悲痛=-1, 灵活=1, 不忍=-1, 罢了=-1, 技巧=2, 和平=2, 这样=3, 过不去=-1, 不知=-2, 勇敢=2, 失事=-2, 灿烂的=1, 不快=-1, 休息=2, 的好=1, 有智慧=1, 细腻=2, 发财=2, 优美=1, 不信=-2, 天使=2, 平安=1, 积极=2, 柔情=2, 救人=-2, 你们=2, 强大的=2, 也不=1, 骗子=-2, 过节=-1, 思考=2, 呜呜=-3, 傻瓜=-1, 温和=1, 丰富=2, 荣誉=1, 今天=3, 被绑=-2, %；=-1, 逝者=-3, 抱怨=-2, 庆祝=2, 黄金=2, 风骚=-1, 对不起=-2, 美好=2, 石流=-3, 不快乐=-8, 胶州=-1, 美女=2, 女人=3, 介意=-1, 掉下=-1, 老实=2, 来的=1, 便宜=2, 很爽=1, 也是=2, 时髦=1, 爱心=2, 无疑=1, 支持=10, 进行=2, 各位=1, 主动=2, 美妙=2, 一种=2, 误解=-1, 不值=-1, 享图片=1, 偏爱=1, 好喝=10, 来了=1, 快乐=3, 真实的=1, 期望=1, 最高=2, 白芳=-1, 实现=2, 相反=-1, 正确的=2, 不在乎=-1, 勾引=-2, ？！=-1, 万能=1, ～～=2, 鄙视=-10, 会心=1, 细致=1, 艺术=2, 死者=-3, 有种=-2, 固定=1, 没关系=-2, 不清楚=-1, 振奋=1, 冠军=2, 天堂=-2, 生活=3, 宁静=2, 工资=-2, 负责=2, 好痛=-1, 哀悼=-3, 清楚=2, 一致=1, ？？=-3, 不说话=-1, 虚伪=-1, 失望=-1, 善意=1, 孤独=-2, 心爱的=1, 近视=-1, 信心=2, 建设=2, 人死=-3, 艰难的=-2, 奖励=2, 一点点=-2, 魔法=1, 巴掌=-1, 获胜=1, 忧伤=-2, 了解=2, 缺少=-1, 惊讶=-1, 解决=2, 尽情=2, 感慨=-2, 足够的=1, 减少=-2, 可爱=3, 嗡嗡=-3, 者安=-3, 攻击=-1, 在乎=2, 成就=2, an=2, 大火=-2, 豪华=2, 最高的=1, 短暂=-1, 好不=-1, 纠结=-3, 的父=-1, 纯洁=2, 曲泥=-1, ?没=-2, 洪水=-1, 当然=1, 期待=2, 不肯=-1, 有利=2, 原谅=2, 和睦=1, 谢谢=10, 得意=2, 人受=-2, 遗憾=-2, 适合=2, 烦恼=-2, 合作=2, 感冒=-3, 令人=-2, 为荣=1, 自焚=-1, 示器=-2, 惊叹=-1, 祷！=-2, 故意=-2, 福气=1, 不像=-2, 暧昧=-2, 完了=-2, 正常的=1, 大胆=2, 节约=1, 六行=-1, 热心=1, 孤单=-1, 决心=1, 脸红=1, 息！=-1, 辞职=-1, 小人=-2, 想不到=-2, 玩笑=-2, 感觉=2, 经典=1, 冷静=1, 母亲=-2, 超好=2, 痛！=-1, 搜索=-2, 管理=2, 屁股=-2, 看到=2, 嗡嗡嗡=-3, 出色的=1, 创造力=1, 得奖=2, 不能=-2, 自然=2, 卓越=2, 他被=-1, 唉~=-1, 出来=2, 大声=-2, 出轨=-1, 推荐=2, 好事=2, 华丽=2, 悼日=-1, 日早=-1, 生日=2, 动手=-2, 所以=2, 没用=-1, 好的=2, er=1, 绝对的=-2, 成功的=2, 音乐=1, 满面=-3, 有思想=1, 不大=-2, 不太=-2, 富有=2, 客气=2, 上好=2, 爱情=1, 关心=2, 不够=-2, 炫耀=-1, 哈~=2, 有力=2, 活动=3, 胜利=2, 都是=3, ……=3, 2人=-1, 日上=-1, 难受=-3, 刺激=-2, 有助=1, 活力=2, 无聊的=-1, 人员=-1, 开发=2, 认可=2, 有感觉=2, 接受=2, 新鲜=2, 再也不=-10, 秘密=-2, ？？？=-3, 夸张=-2, 优秀的=1, 关怀=1, 为毛=-1, 好难=-2, 知性=1, 理性=2, 合适=2, 人味=1, 热恋=1, 我哭=-2, 颠覆=-1, 讨厌=-3, 精致=2, 认同=2, ha=1, 安静=2, 良好=2, 菲律宾=-3, 委屈=-1, 梦想=2, 知道=3, 浪费=-1, 罕见=1, 独特=2, 坑爹=-10, 忽略=-1, 懂事=1, ho=2, 蹬三=-2, 殴打=-2, 们的=2, 伤心=-1, 真X=-1, 不好=-2, 吸引力=1, 岁女=-1, 能干=1, 不如=-2, 难同=-2, 受不=-2, 邪恶=-2, 不要=-10, 眼泪=-2, 享年=-2, 样的=2, 傻的=-1, in=2, 天然=2, 不好意思=-2, 警察=-3, 一次=1, 写实=1, 独一无二=1, 慈善=2, 失恋=-1, 牺牲品=-2, 宝贵=1, 胖子=-1, 风吹=-2, 努力=2, 听话=2, 合格=1, 啊啊啊=-3, 实用=2, 郁闷=-3, 身亡=-3, 加班=-2, 吹牛=-1, 欢乐的=1, 熟悉的=1, 收获=2, 表情=1, 远离=-10, 不准=-2, 不小心=-2, 独立=2, 安心=1, 不觉=-2, 稀罕=1, 不懂=-2, 不见=-2, 赞=60, 么办=-3, 善良=2, 爱好=2, 成长=2, 7人=-1, 生产=2, 喝彩=1, 挫挫=-1, 分享=3, 路走=-3, 得到=2, 导致=-2, 热烈=1, 热情=2, 自我=-2, 质疑=-1, 乐观=2, 对手=-2, 火灾=-2, 痛快=1, 感谢的=1, 衰老=-2, 温暖=2, 不出=-2, 重要的=2, 儿园=-1, 向往=2, 免费=2, 启发=1, 完美=2, 甜蜜=2, 亲爱的=2, 担心=-2, 经验=2, 精力=2, 坚决=-10, 一定=3, 555=-3, 夺得=1, 芬芳=1, 欢呼=2, 太好=2, 律宾=-3, 城管=-3, 居然=-2, 勉强=-1, 小便=-1, 祭奠=-1, 怀疑=-1, 小心=2, --=3, 广告=2, 9人=-1, 优秀=2, 理想=2, 人质=-3, 玉树=-3, 奋斗=2, 我喜=1, 别扭=-1, 不成=-2, 人生=2, 符合=2, 惬意=1, 残忍=-3, 分开=-1, 无辜=-1, 迷人=2, 漂亮的=2, 是不=2, 忧郁=-2, 新浪=1, 拆迁=-3, ne=1, 珍贵的=1, 享图=1, 敏感=2, 嫌弃=-1, 劫持=-3, 是一=3, 情深=1, 特大=-1, 顽皮=-1, 困难=-1, 的母=-2, 增加=2, 不到=-2, 微微=2, 帮帮=-2, 照片=2, 答应=1, 行和=-1, 宁愿=-1, 劫匪=-2, 喧嚣=-1, 惭愧=-1, 未必=-2, 是个=1, 不爽=-1, 个人=3, 羡慕=2, 错过=-2, 地震=-3, 可口=2, on=2, 现实=-2, 日快乐=1, 伟大=2, 赞美=2, 造成=-3, 吗？=3, 以堪=-1, 鼓励=2, 自动=2, 光明=2, 自助=1, 忧愁=-1, 100=1, 美妙的=1, 限制=-2, 失意=-1, 合作的=1, 未知=-1, 妈的=-2, 好运=2, ！哈=2, 件中=-1, 中的=1, 00=3, 恶心=-10, 01=2, 道理=2, 的小=2, 没事=-2, 发达=1, 困困=-2, 浪漫的=2, 安息=-3, 灾难=-2, 有理=2, 加油=2, 地位=1, 工作=1, 惊喜=2, 10=3, 迟到=-1, 奖品=2, 11=2, 风流=-2, 12=1, 皱纹=-1, 成为=2, 有气=-2, 受伤=-3, 有名=2, 老师=2, 朋友=3, 抵制=-100, 摔倒=-1, 我是=2, 努力的=2, 开放=2, 哈哈~=2, 多名=-1, 全力=1, 联合=2, 幸福的=2, 20=3, 亲人=-1, 满意=2, 手机=1, 新奇的=1, 拒绝=-10, 领队=-1, 天才=2, 啦！=2, 非凡=1, 如果=3, 投降=-1, 标准的=1, 心疼=-3, 无耻=-2, 同胞=-3, 缺乏=-1, 尚未=-1, 争论=-1, 没想到=-2, 兴奋=2, 纯真=1, 8得=-2, 不高=-1, 我也=2, 辐射=-1, 甘肃=-2, 无聊=-2, 港人=-3, 有机会=1, 实际=2, 有意义=1, 保护=2, 崩溃=-1, 逼真=1, 战斗=-1, 尴尬=-2, 有特色=1, 心痛=-3, 吉祥=2, 绑匪=-1, 再也=-1, 好恐=-1, 中国=3, 调戏=-1, 北京=1, 喜悦=1, 欣赏=2, 富裕=1, 冲击=-1, 纪念=2, 没有=3, 习惯=2, 心想事成=1, 同意=1, 新鲜的=1, 的粉=1, 朦胧=-2, ---=3, 理解=2, 富士=-3, 有责任=1, 同感=2, 壮观=2, 我的=3, 55=-3, 从容=2, 逻辑=2, 美味=2, 日快=1, 优势=2, 愿逝=-2, 时间=2, 抱歉=-1, 有用的=2, 规矩=1, 悼念=-2, 感叹=-1, 欢喜=2, 丰满=1, 己的=2, 疯了=-2, 暴雨=-2, 辛苦=-2, 骄傲=-2, 严格=-1, 考虑=2, 崇拜=2, 大笑=2, 适应=1, 车祸=-2, 好心情=2, 有钱=2, 温柔=2, 生者=-3, 人为=-2, 鼓掌=2, 放屁=-1, 哦！=2, 伪装=-1, 值得=2, 故意的=-1, 忘记=-2, 睿智=1, 紧张=-2, 老人=-3, 留意=2, 色狼=-2, 特别=2, 高级=2, 慷慨=1, 浮躁=-1, ··=2, 抢救=-2, 谦虚=2, 重伤=-2, 无情=-1, 偷偷=-2, 东西=-2, 热爱=2, 0多=-2, 肇事=-2, 傻逼=-10, 村民=-2, 在意=2, 坚持=2, 得宝=-2, 给力=1, 感谢=3, 暴露=-1, 安全=2, 火爆=-1, 扫射=-2, 呢？=2, 严肃=2, 我们=3, 监控=-1, 进步=2, 不喜欢=-2, 真爱=1, 高雅=1, 流氓=-2, 创新=2, 觉得=2, 警方=-3, 人的=3, 谢廷=-1, 分享图=1, 奈何=-1, 尊重=2, 喜感=2, 浪漫=2, 名女=-2, 抓住=-2, 表扬=2, 参加=1, 关爱=1, 夸奖=1, 小家伙=-2, 假的=-2, 特色=2, 友好=1, 体谅=1, 冒险=-1, 好想=-2, 是你=1, 过时=-1, 卫生=2, 凶手=-2, 了不起=1, 胡说=-1, 牵挂=-2, 变态=-3, 不定=-2, 前进=2, 迷恋=-2, 不宜=-1, 善良的=2, 来自=1, 去死=-3, 自由的=1, 舒服=2, 贵族=2, 可贵=1, 活泼=2, 机会=2, 逝去=-2, 有用=2, 效率=1, 哭了=-3, 贫困=-1, 牺牲=-1, 正常=2, 好意=2, 经营=2, 冲动=-1, 惊人=-1, 不管=-2, 冒了=-1, 实在=2, 不许=-2, 执法=-2, 很多的=1, 遇难=-3, 马屁=-1, 过瘾=2, 张扬=-1, 灵感=2, 一流=2, 凉快=2, 哈哈！=2, 投机=-1, 吃苦=1, 好感=-1, 平静=2, 光彩=1, 进取=1, 正义=1, 巨大的=1, 和谐的=2, 围城=-1, 有效=2, 亲近=1, 谈恋爱=1, 毫无=1, 丰富的=1, 烦死=-1, 舒服的=1, 宝网=-1, 好奇=2, 准确=2, 欢乐=2, 宾警=-3, 家属=-2, 竞争=-2, 无奈=-1, 大家=3, 荣幸=1, 改善=2, 迷人的=1, 渴望=2, 嘻嘻=1, 有啥=-1, 喜欢的=2, 祝贺=1, 轻松=2, 遭到=-2, 天真的=1, 杀人=-2, 爆炸=-1, 战争=-2, 公正=1, 踏实=2, 谴责=-1, 一起=3, 适当=1, 什么=3, 不对=-2, 可喜=1, 燃烧=-1, 风度=1, 坚定=2, 不可=-2, 保证=2, 毫不=1, 只是=1, 失败的=-1, 不理=-1, 不合=-1, 不知不觉=-1, 突出=1, 寓意=1, 宽容=2, 奇迹=2, 气愤=-1, 有趣的=2, 无关=-2, 惨死=-2, 追逐=-1, 泥石=-3, 征服=2, 犀利=-2, 好饿=-2, 成熟的=2, 原来=1, 夺冠=2, 死去=-3, 的时候=2, 详细=2, 学习=1, 吧！=2, 出色=2, 起为=-1, 有趣=1, 愉快的=1, 愿意=2, ~~=3, 错觉=-1, 流泪=-2, 如意=1, 奇怪=-2, 稳定=2, 不就=-2, 透明=2, 打架=-1, 为什=-3, 自豪=2, 们祈=-1, 品味=2, 应该=1, 复杂=-2, 漂亮=1, 杯具=-3, 魅力=2, 一路=-3, 相信=2, 牛满=-3, 不厚道=-1, 认真=2, 嘿嘿=1, 可爱的=2, 自己的=2, 离婚=-2, 认真的=2, 的一=3, 惆怅=-1, 厚道=2, 难以=-1, 忠诚=1, 幽默=2, 悲剧=-2, 没办法=-1, 者坚=-1, 爱吃=-2, 正直=1}
0   [ict.vmojing.v11.utils.MyLog] INFO  [2014-09-01 15:19:19]  map object id :{正式=2, !!!=-3, 一下=3, 招待=1, ！哈哈=2, 时机=1, 诗意=1, 专家=2, 准备=2, 的万=-1, 愉快=2, 完成=2, 垃圾=-10, 我怎=-1, 计较=-2, 事故=-2, 复杂的=-1, 利用=-2, 就是=3, 香的=1, 有一=2, 开朗=1, 难看=-1, 喜爱=2, 舒适=1, 抽筋=-1, 一个=3, 完美的=2, 的是=2, 真正=1, 汶川=-2, 扑街=-1, 生日快乐=2, 灿烂=2, 战场=-1, 冷笑=-2, 天籁=1, 了一=2, 巨大=2, 的显=-1, 喉咙=-1, ！！=-3, 陌生=-2, 喜剧=2, 严重=-2, 好吃的=2, 点解=-2, 平衡=2, 特别的=2, 体贴=2, 打破=-1, 决定=2, 苦的=-1, 整齐=1, 真实=2, 正面=2, 伊春=-3, 幸运=1, 格外=-1, 寂寞=-2, 幸运的=2, 虚荣=-1, 满意的=1, 第一=3, 才能=2, 通用=1, 美丽=2, 赞成=1, 首位=1, 已造=-1, 慈悲=1, 批评=-2, 评论=2, 男人=3, 促进=2, 青海=-1, 问题=-2, 压力=-2, 我恨=-1, 没想=-2, 最佳=2, 学会=2, 报应=-2, 无良=-10, 很有=1, 说明=2, 悄悄=-2, 圆满=2, 温馨=2, 真诚=2, 自由=2, 巧妙=1, 真诚的=2, 好色=-2, 失去=-2, 专属=1, 舟曲=-3, 小狗=-1, 人性=-3, 不错=10, 商贩=-1, 围脖=2, 笨蛋=-1, 狂欢=2, 缺点=-2, 愉悦=1, 绝对=-1, 温柔的=1, 孝顺=1, 的人=3, 庆幸=1, 避免=2, ~~~=3, 肯定=2, 强烈=-2, 人遇=-2, 拥有=2, 难忘=1, 开心=3, 真理=2, 终于=1, 寂寞的=-2, 救援=-3, 同学=2, 电影=1, 邪恶的=-1, 适合的=1, 难过=-3, 犹豫=-2, 可以=3, 起来=2, 欢迎=2, 确定=2, 其实=2, 意思=2, 美人=2, 重大=1, 天哪=-1, 着急=-1, 迅速=1, 健康的=2, 愚人=-1, 有益=1, 荣耀=1, 时候=3, 的！=1, 合理=2, 诱人=1, 为快=1, 深情=2, 默哀=-3, 发动=-1, 深刻的=1, 顺利=2, 纯净=2, 确实=2, 不起=-2, 小区=-2, 猛烈=-1, 提高=2, 人肉=-3, 清晰=2, 承认=2, 的朋=1, 哈哈=3, 喜欢=10, 和谐=2, 透露=-2, 辜负=-1, 废话=-1, 流行的=1, 难者=-3, 不重要=-1, 坏事=-1, 情愿=1, 误会=-2, 优质=1, 赞助=1, 坏的=-1, 祈祷=-3, 美国=1, 强大=2, 有钱的=1, 一张=1, 方便=2, 有魅力=1, 注意=2, 下跌=-1, 挑战=-2, 隐藏=-1, 能力=2, 政府=-3, 了！=3, 值得拥有=1, 么了=-2, 哎呀=-2, 奇妙=1, 不喝=-10, 人被=-1, ！！！=-3, 神经=-2, 好笑=2, 高处=1, 坏人=-1, 人情=1, 重要=2, 还是=3, 祈福=-3, 不断=-2, 老大=-1, 天赋=1, 童鞋=1, 啊啊=-3, 天啊=-2, 不足=-2, 够了=-2, 何不=-1, 懒惰=-1, 假装=-2, 有权=1, 擅长=1, 承诺=1, 自己=3, 出名=2, 乐趣=2, 可靠=1, 直觉=1, 改革=2, 发指=-2, 致哀=-1, 有机=1, 美好的=2, 这个=3, 称赞=1, 有价值=1, 这帮=-1, 正确=2, 生动=2, 微博=3, 这是=3, 活着=2, 充分=2, 信用=2, 慢的=-1, 看看=2, 挑剔=-1, 创造=2, 容易=2, 花痴=-1, 现在=2, 疲惫=-1, 感人=-2, 完整的=1, 大方=2, 提升=2, 内牛=-3, 诅咒=-1, 想吃=-1, 任意=-1, 自主=1, 好学=2, 手艺=1, 成熟=2, 逝世=-1, 放弃=-2, 困扰=-1, 马的=-2, 重视=2, 高兴=2, 领先=1, 不清=-2, 友谊=2, 负担=-1, MD=-3, 麻烦=-2, 新奇=1, 亲切=2, 果断=1, 凉爽=1, 这么=2, 遵守=1, 大巴=-2, 泪奔=-2, 不明=-2, 不易=-1, 去世=-3, 细心=1, 201=2, 最重要的=2, 亲爱=2, ND=-1, 热情的=1, 有前途=1, 最重要=2, NN=-2, 陶醉=1, 在菲=-1, 事件=-3, 不为=-2, 羞涩=-1, 举行=2, 反对=-100, 战胜=2, 恐怕=-1, 菲律=-3, 恐怖=-3, 不是=3, 利益=2, 遗体=-2, 改进=1, 聪明的=2, 是我=3, 饿死=-1, 消除=1, 幻想=-2, 是怎样=-1, 道德=1, 达观=1, 吸引=2, 掌握=2, 足够=2, 资源=2, 么？=1, 关注=3, 危机=-2, 英雄=2, 错误=-2, 怜的=-3, 怎样=-2, 别人=2, 营养=2, 气死=-2, 退出=-1, 意外=-2, 肃舟=-2, 者祈=-1, 对付=-1, 的粉丝=1, 差别=-1, 那个=1, 糊涂=-2, 爱上=2, 无比=1, 跳楼=-1, 明显=2, 有点儿=-1, 傻子=-1, 世界=3, 无语=-2, 不幸=-2, 无可=-1, 达成=1, 可怜=-3, 太好了=2, 不买=-10, 打出=-1, 可怕=-2, 禁止=-1, 不平=-1, 尸体=-2, 那么=1, 柔软=1, 心酸=-3, 幸福=3, 走好=-3, 美丽的=2, 博爱=1, 古典=1, 失败=-2, 附近=-2, 还有=2, 无名=-1, 智慧=2, 过多=-1, 明白=2, 达到=2, 欲望=-2, 革命=2, 勇气=2, 高兴的=1, 家伙=-2, 岁的=-2, 吵架=-2, 好吃=10, 快乐的=2, 清澈=1, 命！=-1, 帮助=2, 明了=2, 娱乐=2, 当地=-2, 大的=1, 谨慎=2, 竟然=-3, 何以=-1, 一样=2, 专门=2, 地步=-1, 害羞=-2, 很棒=2, 悲哀=-2, 愚蠢=-1, 放心=2, 哀！=-2, 妓女=-1, 受欢迎=2, 当场=-2, 010=1, 必要=2, 烦躁=-1, 想哭=-2, 到了=2, 艰难=-2, 创意=1, 两名=-2, 知足=2, 光芒=1, 恶搞=-2, 的确=1, 死的=-2, 深刻=2, 不经=-2, 明亮=1, 奢侈=-1, 可恶=-3, 的朋友=1, 自在=2, 1岁=-1, 打扰=-1, 不以=-1, 最好=2, 灾区=-3, 疑问=-1, 廷骏=-1, 福利=2, 这张=1, TM=-3, 魔鬼=-1, 胜过=1, 不满=-1, 用力=-1, 爱的=3, 赞同=2, TT=-3, 哈哈哈=3, 成功=1, 抓狂=-2, 希望=2, ——=3, 爆发=-1, 享受=2, 笑死=1, 脾气=-2, 赚钱=2, 自杀=-2, 参与=1, 非常=1, 有效的=1, 死亡=-3, 矛盾=-1, 自然的=1, 感激=2, 医院=-3, 好笑的=1, 三轮=-2, 撞死=-1, 死人=-2, 需要=1, 新手=-1, 感染=-1, 很多=2, 老马=-2, 把握=2, 尖叫=-1, 精美=2, 热闹=2, 不会=1, 兴趣=2, 优雅=2, 爱人=2, 尊敬=1, 严谨=1, 独特的=1, 才华=2, 发展=2, 但愿=-1, 了~=1, 降低=-1, 具啊=-1, 粉丝=3, 得罪=-2, 搞笑=2, 给予=2, 开始=2, 唠叨=-1, 心爱=2, 恭喜=1, 讨好=1, 熟悉=2, 你是=1, 可惜=-2, 强拆=-2, 精心=2, 获得=2, 美梦=1, 生气=-2, 有点=1, 只要=1, 绝不=-2, 礼貌=1, 敌人=-2, 爱国=2, 死（=-1, 可能=1, 激动=-2, 英俊=1, 不住=-2, 掩饰=-1, 聪明=2, 通俗=1, 勤奋=1, 不知道=-2, 要求=-2, 全面=2, 流逝=-1, 辉煌=1, 超过=-2, 锻炼=2, 健康=2, 灾害=-2, 徘徊=-1, 无法=-2, 开玩笑=-1, 财富=2, 激励=1, 啊！=2, 疯狂=2, 很好=1, 真是=1, 通过=2, 满足=2, XX=-3, 随便=-2, 图片=3, 精选=2, 珍贵=2, 奉献=2, 过分=-1, 诱惑=-2, 失踪=-3, 默默=-2, 一脚=-2, 幼稚=-2, 嘲笑=-1, 诚实=2, 永恒=1, 罕见的=1, 何必=-1, 通知=2, 天真=2, 公开=2, 趣味=2, 不得=-2, 流行=2, 感恩=2, 作弊=-1, 自信=2, 士康=-3, 有意=-2, 坚强=-1, 穷人=-1, 真正的=2, 为舟=-1, 你的=3, 空虚=-1, ！我=1, 光荣=1, 生命=-2, 哈！=2, 信任=2, 免费的=1, 平等=2, 温暖的=2, 最爱=10, 潜伏=-2, 不知道的=-1, 恋爱=2, 真的=2, 畜生=-3, 挖掘=-1, 心动=2, 不支持=-15, 疲劳=-1, 流灾=-1, 不过=2, 因为=2, 臭美=-1, 白日梦=-1, 不便=-1, 亲密=1, 很好的=2, 有礼=1, 颠倒=-1, 无敌=2, 的女=1, 沉默=-2, 防止=1, 愤怒=-3, 完整=2, 发生=-3, 悲痛=-1, 灵活=1, 不忍=-1, 罢了=-1, 技巧=2, 和平=2, 这样=3, 过不去=-1, 不知=-2, 勇敢=2, 失事=-2, 灿烂的=1, 不快=-1, 休息=2, 的好=1, 有智慧=1, 细腻=2, 发财=2, 优美=1, 不信=-2, 天使=2, 平安=1, 积极=2, 柔情=2, 救人=-2, 你们=2, 强大的=2, 也不=1, 骗子=-2, 过节=-1, 思考=2, 呜呜=-3, 傻瓜=-1, 温和=1, 丰富=2, 荣誉=1, 今天=3, 被绑=-2, %；=-1, 逝者=-3, 抱怨=-2, 庆祝=2, 黄金=2, 风骚=-1, 对不起=-2, 美好=2, 石流=-3, 不快乐=-8, 胶州=-1, 美女=2, 女人=3, 介意=-1, 掉下=-1, 老实=2, 来的=1, 便宜=2, 很爽=1, 也是=2, 时髦=1, 爱心=2, 无疑=1, 支持=10, 进行=2, 各位=1, 主动=2, 美妙=2, 一种=2, 误解=-1, 不值=-1, 享图片=1, 偏爱=1, 好喝=10, 来了=1, 快乐=3, 真实的=1, 期望=1, 最高=2, 白芳=-1, 实现=2, 相反=-1, 正确的=2, 不在乎=-1, 勾引=-2, ？！=-1, 万能=1, ～～=2, 鄙视=-10, 会心=1, 细致=1, 艺术=2, 死者=-3, 有种=-2, 固定=1, 没关系=-2, 不清楚=-1, 振奋=1, 冠军=2, 天堂=-2, 生活=3, 宁静=2, 工资=-2, 负责=2, 好痛=-1, 哀悼=-3, 清楚=2, 一致=1, ？？=-3, 不说话=-1, 虚伪=-1, 失望=-1, 善意=1, 孤独=-2, 心爱的=1, 近视=-1, 信心=2, 建设=2, 人死=-3, 艰难的=-2, 奖励=2, 一点点=-2, 魔法=1, 巴掌=-1, 获胜=1, 忧伤=-2, 了解=2, 缺少=-1, 惊讶=-1, 解决=2, 尽情=2, 感慨=-2, 足够的=1, 减少=-2, 可爱=3, 嗡嗡=-3, 者安=-3, 攻击=-1, 在乎=2, 成就=2, an=2, 大火=-2, 豪华=2, 最高的=1, 短暂=-1, 好不=-1, 纠结=-3, 的父=-1, 纯洁=2, 曲泥=-1, ?没=-2, 洪水=-1, 当然=1, 期待=2, 不肯=-1, 有利=2, 原谅=2, 和睦=1, 谢谢=10, 得意=2, 人受=-2, 遗憾=-2, 适合=2, 烦恼=-2, 合作=2, 感冒=-3, 令人=-2, 为荣=1, 自焚=-1, 示器=-2, 惊叹=-1, 祷！=-2, 故意=-2, 福气=1, 不像=-2, 暧昧=-2, 完了=-2, 正常的=1, 大胆=2, 节约=1, 六行=-1, 热心=1, 孤单=-1, 决心=1, 脸红=1, 息！=-1, 辞职=-1, 小人=-2, 想不到=-2, 玩笑=-2, 感觉=2, 经典=1, 冷静=1, 母亲=-2, 超好=2, 痛！=-1, 搜索=-2, 管理=2, 屁股=-2, 看到=2, 嗡嗡嗡=-3, 出色的=1, 创造力=1, 得奖=2, 不能=-2, 自然=2, 卓越=2, 他被=-1, 唉~=-1, 出来=2, 大声=-2, 出轨=-1, 推荐=2, 好事=2, 华丽=2, 悼日=-1, 日早=-1, 生日=2, 动手=-2, 所以=2, 没用=-1, 好的=2, er=1, 绝对的=-2, 成功的=2, 音乐=1, 满面=-3, 有思想=1, 不大=-2, 不太=-2, 富有=2, 客气=2, 上好=2, 爱情=1, 关心=2, 不够=-2, 炫耀=-1, 哈~=2, 有力=2, 活动=3, 胜利=2, 都是=3, ……=3, 2人=-1, 日上=-1, 难受=-3, 刺激=-2, 有助=1, 活力=2, 无聊的=-1, 人员=-1, 开发=2, 认可=2, 有感觉=2, 接受=2, 新鲜=2, 再也不=-10, 秘密=-2, ？？？=-3, 夸张=-2, 优秀的=1, 关怀=1, 为毛=-1, 好难=-2, 知性=1, 理性=2, 合适=2, 人味=1, 热恋=1, 我哭=-2, 颠覆=-1, 讨厌=-3, 精致=2, 认同=2, ha=1, 安静=2, 良好=2, 菲律宾=-3, 委屈=-1, 梦想=2, 知道=3, 浪费=-1, 罕见=1, 独特=2, 坑爹=-10, 忽略=-1, 懂事=1, ho=2, 蹬三=-2, 殴打=-2, 们的=2, 伤心=-1, 真X=-1, 不好=-2, 吸引力=1, 岁女=-1, 能干=1, 不如=-2, 难同=-2, 受不=-2, 邪恶=-2, 不要=-10, 眼泪=-2, 享年=-2, 样的=2, 傻的=-1, in=2, 天然=2, 不好意思=-2, 警察=-3, 一次=1, 写实=1, 独一无二=1, 慈善=2, 失恋=-1, 牺牲品=-2, 宝贵=1, 胖子=-1, 风吹=-2, 努力=2, 听话=2, 合格=1, 啊啊啊=-3, 实用=2, 郁闷=-3, 身亡=-3, 加班=-2, 吹牛=-1, 欢乐的=1, 熟悉的=1, 收获=2, 表情=1, 远离=-10, 不准=-2, 不小心=-2, 独立=2, 安心=1, 不觉=-2, 稀罕=1, 不懂=-2, 不见=-2, 赞=60, 么办=-3, 善良=2, 爱好=2, 成长=2, 7人=-1, 生产=2, 喝彩=1, 挫挫=-1, 分享=3, 路走=-3, 得到=2, 导致=-2, 热烈=1, 热情=2, 自我=-2, 质疑=-1, 乐观=2, 对手=-2, 火灾=-2, 痛快=1, 感谢的=1, 衰老=-2, 温暖=2, 不出=-2, 重要的=2, 儿园=-1, 向往=2, 免费=2, 启发=1, 完美=2, 甜蜜=2, 亲爱的=2, 担心=-2, 经验=2, 精力=2, 坚决=-10, 一定=3, 555=-3, 夺得=1, 芬芳=1, 欢呼=2, 太好=2, 律宾=-3, 城管=-3, 居然=-2, 勉强=-1, 小便=-1, 祭奠=-1, 怀疑=-1, 小心=2, --=3, 广告=2, 9人=-1, 优秀=2, 理想=2, 人质=-3, 玉树=-3, 奋斗=2, 我喜=1, 别扭=-1, 不成=-2, 人生=2, 符合=2, 惬意=1, 残忍=-3, 分开=-1, 无辜=-1, 迷人=2, 漂亮的=2, 是不=2, 忧郁=-2, 新浪=1, 拆迁=-3, ne=1, 珍贵的=1, 享图=1, 敏感=2, 嫌弃=-1, 劫持=-3, 是一=3, 情深=1, 特大=-1, 顽皮=-1, 困难=-1, 的母=-2, 增加=2, 不到=-2, 微微=2, 帮帮=-2, 照片=2, 答应=1, 行和=-1, 宁愿=-1, 劫匪=-2, 喧嚣=-1, 惭愧=-1, 未必=-2, 是个=1, 不爽=-1, 个人=3, 羡慕=2, 错过=-2, 地震=-3, 可口=2, on=2, 现实=-2, 日快乐=1, 伟大=2, 赞美=2, 造成=-3, 吗？=3, 以堪=-1, 鼓励=2, 自动=2, 光明=2, 自助=1, 忧愁=-1, 100=1, 美妙的=1, 限制=-2, 失意=-1, 合作的=1, 未知=-1, 妈的=-2, 好运=2, ！哈=2, 件中=-1, 中的=1, 00=3, 恶心=-10, 01=2, 道理=2, 的小=2, 没事=-2, 发达=1, 困困=-2, 浪漫的=2, 安息=-3, 灾难=-2, 有理=2, 加油=2, 地位=1, 工作=1, 惊喜=2, 10=3, 迟到=-1, 奖品=2, 11=2, 风流=-2, 12=1, 皱纹=-1, 成为=2, 有气=-2, 受伤=-3, 有名=2, 老师=2, 朋友=3, 抵制=-100, 摔倒=-1, 我是=2, 努力的=2, 开放=2, 哈哈~=2, 多名=-1, 全力=1, 联合=2, 幸福的=2, 20=3, 亲人=-1, 满意=2, 手机=1, 新奇的=1, 拒绝=-10, 领队=-1, 天才=2, 啦！=2, 非凡=1, 如果=3, 投降=-1, 标准的=1, 心疼=-3, 无耻=-2, 同胞=-3, 缺乏=-1, 尚未=-1, 争论=-1, 没想到=-2, 兴奋=2, 纯真=1, 8得=-2, 不高=-1, 我也=2, 辐射=-1, 甘肃=-2, 无聊=-2, 港人=-3, 有机会=1, 实际=2, 有意义=1, 保护=2, 崩溃=-1, 逼真=1, 战斗=-1, 尴尬=-2, 有特色=1, 心痛=-3, 吉祥=2, 绑匪=-1, 再也=-1, 好恐=-1, 中国=3, 调戏=-1, 北京=1, 喜悦=1, 欣赏=2, 富裕=1, 冲击=-1, 纪念=2, 没有=3, 习惯=2, 心想事成=1, 同意=1, 新鲜的=1, 的粉=1, 朦胧=-2, ---=3, 理解=2, 富士=-3, 有责任=1, 同感=2, 壮观=2, 我的=3, 55=-3, 从容=2, 逻辑=2, 美味=2, 日快=1, 优势=2, 愿逝=-2, 时间=2, 抱歉=-1, 有用的=2, 规矩=1, 悼念=-2, 感叹=-1, 欢喜=2, 丰满=1, 己的=2, 疯了=-2, 暴雨=-2, 辛苦=-2, 骄傲=-2, 严格=-1, 考虑=2, 崇拜=2, 大笑=2, 适应=1, 车祸=-2, 好心情=2, 有钱=2, 温柔=2, 生者=-3, 人为=-2, 鼓掌=2, 放屁=-1, 哦！=2, 伪装=-1, 值得=2, 故意的=-1, 忘记=-2, 睿智=1, 紧张=-2, 老人=-3, 留意=2, 色狼=-2, 特别=2, 高级=2, 慷慨=1, 浮躁=-1, ··=2, 抢救=-2, 谦虚=2, 重伤=-2, 无情=-1, 偷偷=-2, 东西=-2, 热爱=2, 0多=-2, 肇事=-2, 傻逼=-10, 村民=-2, 在意=2, 坚持=2, 得宝=-2, 给力=1, 感谢=3, 暴露=-1, 安全=2, 火爆=-1, 扫射=-2, 呢？=2, 严肃=2, 我们=3, 监控=-1, 进步=2, 不喜欢=-2, 真爱=1, 高雅=1, 流氓=-2, 创新=2, 觉得=2, 警方=-3, 人的=3, 谢廷=-1, 分享图=1, 奈何=-1, 尊重=2, 喜感=2, 浪漫=2, 名女=-2, 抓住=-2, 表扬=2, 参加=1, 关爱=1, 夸奖=1, 小家伙=-2, 假的=-2, 特色=2, 友好=1, 体谅=1, 冒险=-1, 好想=-2, 是你=1, 过时=-1, 卫生=2, 凶手=-2, 了不起=1, 胡说=-1, 牵挂=-2, 变态=-3, 不定=-2, 前进=2, 迷恋=-2, 不宜=-1, 善良的=2, 来自=1, 去死=-3, 自由的=1, 舒服=2, 贵族=2, 可贵=1, 活泼=2, 机会=2, 逝去=-2, 有用=2, 效率=1, 哭了=-3, 贫困=-1, 牺牲=-1, 正常=2, 好意=2, 经营=2, 冲动=-1, 惊人=-1, 不管=-2, 冒了=-1, 实在=2, 不许=-2, 执法=-2, 很多的=1, 遇难=-3, 马屁=-1, 过瘾=2, 张扬=-1, 灵感=2, 一流=2, 凉快=2, 哈哈！=2, 投机=-1, 吃苦=1, 好感=-1, 平静=2, 光彩=1, 进取=1, 正义=1, 巨大的=1, 和谐的=2, 围城=-1, 有效=2, 亲近=1, 谈恋爱=1, 毫无=1, 丰富的=1, 烦死=-1, 舒服的=1, 宝网=-1, 好奇=2, 准确=2, 欢乐=2, 宾警=-3, 家属=-2, 竞争=-2, 无奈=-1, 大家=3, 荣幸=1, 改善=2, 迷人的=1, 渴望=2, 嘻嘻=1, 有啥=-1, 喜欢的=2, 祝贺=1, 轻松=2, 遭到=-2, 天真的=1, 杀人=-2, 爆炸=-1, 战争=-2, 公正=1, 踏实=2, 谴责=-1, 一起=3, 适当=1, 什么=3, 不对=-2, 可喜=1, 燃烧=-1, 风度=1, 坚定=2, 不可=-2, 保证=2, 毫不=1, 只是=1, 失败的=-1, 不理=-1, 不合=-1, 不知不觉=-1, 突出=1, 寓意=1, 宽容=2, 奇迹=2, 气愤=-1, 有趣的=2, 无关=-2, 惨死=-2, 追逐=-1, 泥石=-3, 征服=2, 犀利=-2, 好饿=-2, 成熟的=2, 原来=1, 夺冠=2, 死去=-3, 的时候=2, 详细=2, 学习=1, 吧！=2, 出色=2, 起为=-1, 有趣=1, 愉快的=1, 愿意=2, ~~=3, 错觉=-1, 流泪=-2, 如意=1, 奇怪=-2, 稳定=2, 不就=-2, 透明=2, 打架=-1, 为什=-3, 自豪=2, 们祈=-1, 品味=2, 应该=1, 复杂=-2, 漂亮=1, 杯具=-3, 魅力=2, 一路=-3, 相信=2, 牛满=-3, 不厚道=-1, 认真=2, 嘿嘿=1, 可爱的=2, 自己的=2, 离婚=-2, 认真的=2, 的一=3, 惆怅=-1, 厚道=2, 难以=-1, 忠诚=1, 幽默=2, 悲剧=-2, 没办法=-1, 者坚=-1, 爱吃=-2, 正直=1}
0   [ict.vmojing.v11.utils.MyLog] INFO  [2014-09-01 15:21:14]  1 发改委开反垄断最大罚单 12家日企被罚12.35亿2014-08-20 来源: 发改委网站 -------网易上海市手机网友 [乖狼0] 的原贴： 1 这是在帮助北极熊哥哥反制裁吗？----- 唉呀我艹 [网易浙江省手机网友]： 2014-08-20 10:36:18 发表 德国过后日本，接下来米帝……沙皇笑而不语，回头把哈尔滨核电的合同签了
0   [ict.vmojing.v11.utils.MyLog] INFO  [2014-09-01 15:22:00]  0 发改委开反垄断最大罚单 12家日企被罚12.35亿2014-08-20 来源: 发改委网站 -------网易上海市手机网友 [乖狼0] 的原贴： 1 这是在帮助北极熊哥哥反制裁吗？----- 唉呀我艹 [网易浙江省手机网友]： 2014-08-20 10:36:18 发表 德国过后日本，接下来米帝……沙皇笑而不语，回头把哈尔滨核电的合同签了
0   [ict.vmojing.v11.utils.MyLog] INFO  [2014-09-01 15:26:41]  1 【官方辟谣俄拟在哈市建核电站报道】#国内新闻#8月7日，俄罗斯媒体报道称，“俄国家原子能集团公司投资部总经理萨哈罗夫表示，该公司正在研究中方关于拟在哈尔滨建设两台核电机组的建议，并计划于近期派专家组赴华进行实地考察。”对此，黑龙江省发改委回应称
0   [ict.vmojing.v11.utils.MyLog] INFO  [2014-09-01 15:30:18]  0 发改委开反垄断最大罚单 12家日企被罚12.35亿2014-08-20 来源: 发改委网站 -------网易上海市手机网友 [乖狼0] 的原贴： 1 这是在帮助北极熊哥哥反制裁吗？----- 唉呀我艹 [网易浙江省手机网友]： 2014-08-20 10:36:18 发表 德国过后日本，接下来米帝……沙皇笑而不语，回头把哈尔滨核电的合同签了
0   [ict.vmojing.v11.utils.MyLog] INFO  [2014-09-01 15:39:05]  0 《“哈尔滨核电乌龙事件”始末》 来自新浪财经 意见领袖专栏，作者@朱可夫-。 （分享自 @新浪财经） ——————哈尔滨核电如果属实，无疑是埋下一颗定时炸弹。 http://t.cn/RPYyYRv
0   [ict.vmojing.v11.utils.MyLog] INFO  [2014-09-01 15:40:11]  0 《“哈尔滨核电乌龙事件”始末》 来自新浪财经 意见领袖专栏，作者@朱可夫-。 （分享自 @新浪财经） ——————哈尔滨核电如果属实，无疑是埋下一颗定时炸弹。 http://t.cn/RPYyYRv
1   [ict.vmojing.v11.utils.MyLog] INFO  [2014-09-01 15:41:26]  0 《“哈尔滨核电乌龙事件”始末》 来自新浪财经 意见领袖专栏，作者@朱可夫-。 （分享自 @新浪财经） ——————哈尔滨核电如果属实，无疑是埋下一颗定时炸弹。 http://t.cn/RPYyYRv
0   [ict.vmojing.v11.utils.MyLog] INFO  [2014-09-01 15:42:32]  -1 《“哈尔滨核电乌龙事件”始末》 来自新浪财经 意见领袖专栏，作者@朱可夫-。 （分享自 @新浪财经） ——————哈尔滨核电如果属实，无疑是埋下一颗定时炸弹。 http://t.cn/RPYyYRv
0   [ict.vmojing.v11.utils.MyLog] DEBUG [2014-09-01 15:47:13]  建设 2
1   [ict.vmojing.v11.utils.MyLog] DEBUG [2014-09-01 15:47:13]  赞成 1
1   [ict.vmojing.v11.utils.MyLog] DEBUG [2014-09-01 15:47:13]  安全 2
1   [ict.vmojing.v11.utils.MyLog] DEBUG [2014-09-01 15:47:13]  减少 -2
2   [ict.vmojing.v11.utils.MyLog] INFO  [2014-09-01 15:47:13]  0 #哈尔滨建设核电站#赞成。核电是高效和清洁能源，安全前提下可减少哈尔滨雾霾天。 http://t.cn/RPOyWw9
0   [ict.vmojing.v11.utils.MyLog] DEBUG [2014-09-01 15:50:57]  事件 -3
1   [ict.vmojing.v11.utils.MyLog] INFO  [2014-09-01 15:50:57]  -1 『“哈尔滨核电乌龙事件”始末』http://t.cn/RPu3xzs
